[0.010s] Invoking command in '/home/ahoque245/Projects/simulations/blackbird_walking/realtime_ws/build/blackbird_ros2': CMAKE_PREFIX_PATH=${CMAKE_PREFIX_PATH}:/opt/ros/jazzy DEBUGINFOD_URLS=https://debuginfod.ubuntu.com /usr/bin/cmake --build /home/ahoque245/Projects/simulations/blackbird_walking/realtime_ws/build/blackbird_ros2 -- -j22 -l22
[0.037s] -- Found ament_cmake: 2.5.2 (/opt/ros/jazzy/share/ament_cmake/cmake)
[0.179s] -- Found control_msgs: 5.3.0 (/opt/ros/jazzy/share/control_msgs/cmake)
[0.195s] -- Found rosidl_generator_c: 4.6.4 (/opt/ros/jazzy/share/rosidl_generator_c/cmake)
[0.200s] -- Found rosidl_generator_cpp: 4.6.4 (/opt/ros/jazzy/share/rosidl_generator_cpp/cmake)
[0.207s] -- Using all available rosidl_typesupport_c: rosidl_typesupport_fastrtps_c;rosidl_typesupport_introspection_c
[0.215s] -- Using all available rosidl_typesupport_cpp: rosidl_typesupport_fastrtps_cpp;rosidl_typesupport_introspection_cpp
[0.315s] -- Found pluginlib: 5.4.2 (/opt/ros/jazzy/share/pluginlib/cmake)
[0.318s] -- Found TinyXML2 via Config file: /usr/lib/x86_64-linux-gnu/cmake/tinyxml2
[0.319s] -- Found rclcpp: 28.1.5 (/opt/ros/jazzy/share/rclcpp/cmake)
[0.341s] -- Found rmw_implementation_cmake: 7.3.1 (/opt/ros/jazzy/share/rmw_implementation_cmake/cmake)
[0.342s] -- Found rmw_fastrtps_cpp: 8.4.1 (/opt/ros/jazzy/share/rmw_fastrtps_cpp/cmake)
[0.352s] -- Found TinyXML2 via Config file: /usr/lib/x86_64-linux-gnu/cmake/tinyxml2
[0.361s] -- Found TinyXML2 via Config file: /usr/lib/x86_64-linux-gnu/cmake/tinyxml2
[0.379s] -- Found TinyXML2 via Config file: /usr/lib/x86_64-linux-gnu/cmake/tinyxml2
[0.391s] -- Found TinyXML2 via Config file: /usr/lib/x86_64-linux-gnu/cmake/tinyxml2
[0.402s] -- Using RMW implementation 'rmw_fastrtps_cpp' as default
[0.440s] -- Found rclcpp_action: 28.1.5 (/opt/ros/jazzy/share/rclcpp_action/cmake)
[0.446s] -- Looking for gz-sim8 -- found version 8.7.0
[0.449s] -- Searching for dependencies of gz-sim8
[0.450s] -- Looking for sdformat14 -- found version 14.5.0
[0.450s] -- Searching for dependencies of sdformat14
[0.454s] -- Checking for module 'tinyxml2'
[0.476s] --   Found tinyxml2, version 10.0.0
[0.516s] -- Looking for gz-math7 -- found version 7.5.1
[0.516s] -- Searching for dependencies of gz-math7
[0.516s] -- Looking for gz-utils2 -- found version 2.2.0
[0.517s] -- Searching for dependencies of gz-utils2
[0.518s] -- Looking for gz-utils2 -- found version 2.2.0
[0.518s] -- Searching for dependencies of gz-utils2
[0.518s] -- Searching for <gz-utils2> component [cli]
[0.519s] -- Looking for gz-utils2-cli -- found version 2.2.0
[0.519s] -- Searching for dependencies of gz-utils2-cli
[0.520s] -- Looking for gz-plugin2 -- found version 2.0.3
[0.520s] -- Searching for dependencies of gz-plugin2
[0.521s] -- Looking for gz-utils2 -- found version 2.2.0
[0.521s] -- Searching for <gz-plugin2> component [loader]
[0.522s] -- Looking for gz-plugin2-loader -- found version 2.0.3
[0.522s] -- Searching for dependencies of gz-plugin2-loader
[0.522s] -- Searching for <gz-plugin2> component [register]
[0.523s] -- Looking for gz-plugin2-register -- found version 2.0.3
[0.523s] -- Searching for dependencies of gz-plugin2-register
[0.524s] -- Looking for gz-transport13 -- found version 13.4.0
[0.524s] -- Searching for dependencies of gz-transport13
[0.553s] -- Config-file not installed for ZeroMQ -- checking for pkg-config
[0.557s] -- Checking for module 'libzmq >= 4'
[0.575s] --   Found libzmq, version 4.3.5
[0.627s] -- Checking for module 'uuid'
[0.639s] --   Found uuid, version 2.39.3
[0.683s] -- Looking for gz-utils2 -- found version 2.2.0
[0.683s] -- Looking for gz-msgs10 -- found version 10.3.1
[0.683s] -- Searching for dependencies of gz-msgs10
[0.696s] -- Looking for gz-utils2 -- found version 2.2.0
[0.697s] -- Looking for gz-math7 -- found version 7.5.1
[0.829s] -- Searching for <gz-transport13> component [log]
[0.830s] -- Looking for gz-transport13-log -- found version 13.4.0
[0.830s] -- Searching for dependencies of gz-transport13-log
[0.830s] -- Searching for <gz-transport13> component [parameters]
[0.831s] -- Looking for gz-transport13-parameters -- found version 13.4.0
[0.832s] -- Searching for dependencies of gz-transport13-parameters
[0.832s] -- Looking for gz-msgs10 -- found version 10.3.1
[0.832s] -- Looking for gz-common5 -- found version 5.7.0
[0.832s] -- Searching for dependencies of gz-common5
[0.832s] -- Looking for gz-utils2 -- found version 2.2.0
[0.832s] -- Looking for dlfcn.h - found
[0.833s] -- Looking for libdl - found
[0.838s] -- Searching for <gz-common5> component [av]
[0.838s] -- Looking for gz-common5-av -- found version 5.7.0
[0.838s] -- Searching for dependencies of gz-common5-av
[0.844s] -- Checking for module 'libswscale'
[0.861s] --   Found libswscale, version 7.5.100
[0.909s] -- Checking for module 'libavdevice >= 56.4.100'
[0.923s] --   Found libavdevice, version 60.3.100
[0.982s] -- Checking for module 'libavformat'
[1.000s] --   Found libavformat, version 60.16.100
[1.047s] -- Checking for module 'libavcodec'
[1.062s] --   Found libavcodec, version 60.31.102
[1.109s] -- Checking for module 'libavutil'
[1.124s] --   Found libavutil, version 58.29.100
[1.160s] -- Searching for <gz-common5> component [events]
[1.160s] -- Looking for gz-common5-events -- found version 5.7.0
[1.160s] -- Searching for dependencies of gz-common5-events
[1.161s] -- Looking for gz-math7 -- found version 7.5.1
[1.161s] -- Searching for <gz-common5> component [graphics]
[1.162s] -- Looking for gz-common5-graphics -- found version 5.7.0
[1.162s] -- Searching for dependencies of gz-common5-graphics
[1.163s] -- Looking for gz-math7 -- found version 7.5.1
[1.165s] -- Searching for <gz-common5> component [io]
[1.165s] -- Looking for gz-common5-io -- found version 5.7.0
[1.165s] -- Searching for dependencies of gz-common5-io
[1.166s] -- Searching for <gz-common5> component [profiler]
[1.166s] -- Looking for gz-common5-profiler -- found version 5.7.0
[1.166s] -- Searching for dependencies of gz-common5-profiler
[1.167s] -- Looking for gz-fuel_tools9 -- found version 9.1.0
[1.167s] -- Searching for dependencies of gz-fuel_tools9
[1.207s] -- Checking for module 'jsoncpp'
[1.221s] --   Found jsoncpp, version 1.9.5
[1.271s] -- Checking for module 'yaml-0.1'
[1.287s] --   Found yaml-0.1, version 0.2.5
[1.327s] -- Checking for module 'libzip'
[1.342s] --   Found libzip, version 1.7.3
[1.379s] -- Looking for gz-utils2 -- found version 2.2.0
[1.380s] -- Looking for gz-common5 -- found version 5.7.0
[1.380s] -- Searching for dependencies of gz-common5
[1.380s] -- Looking for gz-utils2 -- found version 2.2.0
[1.380s] -- Looking for dlfcn.h - found
[1.381s] -- Looking for libdl - found
[1.389s] -- Searching for <gz-common5> component [testing]
[1.390s] -- Looking for gz-common5-testing -- found version 5.7.0
[1.390s] -- Searching for dependencies of gz-common5-testing
[1.391s] -- Looking for gz-math7 -- found version 7.5.1
[1.391s] -- Looking for gz-msgs10 -- found version 10.3.1
[1.392s] -- Looking for gz-gui8 -- found version 8.3.0
[1.392s] -- Searching for dependencies of gz-gui8
[1.410s] -- Looking for gz-utils2 -- found version 2.2.0
[1.410s] -- Looking for gz-math7 -- found version 7.5.1
[1.411s] -- Looking for gz-common5 -- found version 5.7.0
[1.411s] -- Looking for gz-plugin2 -- found version 2.0.3
[1.411s] -- Looking for gz-transport13 -- found version 13.4.0
[1.411s] -- Looking for gz-rendering8 -- found version 8.2.1
[1.411s] -- Searching for dependencies of gz-rendering8
[1.412s] -- Looking for gz-math7 -- found version 7.5.1
[1.412s] -- Searching for dependencies of gz-math7
[1.412s] -- Looking for gz-utils2 -- found version 2.2.0
[1.412s] -- Searching for <gz-math7> component [eigen3]
[1.412s] -- Looking for gz-math7-eigen3 -- found version 7.5.1
[1.412s] -- Searching for dependencies of gz-math7-eigen3
[1.413s] -- Looking for gz-common5 -- found version 5.7.0
[1.413s] -- Searching for dependencies of gz-common5
[1.413s] -- Looking for gz-utils2 -- found version 2.2.0
[1.414s] -- Looking for dlfcn.h - found
[1.414s] -- Looking for libdl - found
[1.419s] -- Searching for <gz-common5> component [graphics]
[1.419s] -- Searching for <gz-common5> component [events]
[1.419s] -- Searching for <gz-common5> component [geospatial]
[1.419s] -- Looking for gz-common5-geospatial -- found version 5.7.0
[1.419s] -- Searching for dependencies of gz-common5-geospatial
[1.420s] -- Looking for gz-math7 -- found version 7.5.1
[1.420s] -- Looking for gz-common5 -- found version 5.7.0
[1.420s] -- Looking for gz-plugin2 -- found version 2.0.3
[1.421s] -- Searching for dependencies of gz-plugin2
[1.421s] -- Looking for gz-utils2 -- found version 2.2.0
[1.421s] -- Searching for <gz-plugin2> component [all]
[1.421s] -- Looking for all libraries of gz-plugin2 -- found version 2.0.3
[1.421s] -- Looking for gz-plugin2 -- found version 2.0.3
[1.422s] -- Looking for gz-utils2 -- found version 2.2.0
[1.424s] -- Looking for gz-msgs10 -- found version 10.3.1
[1.433s] -- Looking for gz-physics7 -- found version 7.4.0
[1.433s] -- Searching for dependencies of gz-physics7
[1.433s] -- Looking for gz-common5 -- found version 5.7.0
[1.434s] -- Looking for gz-math7 -- found version 7.5.1
[1.434s] -- Looking for gz-plugin2 -- found version 2.0.3
[1.434s] -- Looking for gz-utils2 -- found version 2.2.0
[1.435s] -- Searching for <gz-physics7> component [heightmap]
[1.435s] -- Looking for gz-physics7-heightmap -- found version 7.4.0
[1.435s] -- Searching for dependencies of gz-physics7-heightmap
[1.435s] -- Looking for gz-common5 -- found version 5.7.0
[1.436s] -- Searching for <gz-physics7> component [mesh]
[1.436s] -- Looking for gz-physics7-mesh -- found version 7.4.0
[1.436s] -- Searching for dependencies of gz-physics7-mesh
[1.436s] -- Looking for gz-common5 -- found version 5.7.0
[1.436s] -- Searching for <gz-physics7> component [sdf]
[1.437s] -- Looking for gz-physics7-sdf -- found version 7.4.0
[1.437s] -- Searching for dependencies of gz-physics7-sdf
[1.437s] -- Looking for sdformat14 -- found version 14.5.0
[1.437s] -- Looking for gz-sensors8 -- found version 8.2.1
[1.438s] -- Searching for dependencies of gz-sensors8
[1.451s] -- Looking for gz-math7 -- found version 7.5.1
[1.452s] -- Looking for gz-common5 -- found version 5.7.0
[1.452s] -- Looking for gz-transport13 -- found version 13.4.0
[1.452s] -- Looking for gz-rendering8 -- found version 8.2.1
[1.452s] -- Looking for gz-msgs10 -- found version 10.3.1
[1.453s] -- Looking for sdformat14 -- found version 14.5.0
[1.453s] -- Searching for <gz-sensors8> component [air_pressure]
[1.453s] -- Looking for gz-sensors8-air_pressure -- found version 8.2.1
[1.453s] -- Searching for dependencies of gz-sensors8-air_pressure
[1.454s] -- Searching for <gz-sensors8> component [air_speed]
[1.454s] -- Looking for gz-sensors8-air_speed -- found version 8.2.1
[1.454s] -- Searching for dependencies of gz-sensors8-air_speed
[1.454s] -- Searching for <gz-sensors8> component [altimeter]
[1.455s] -- Looking for gz-sensors8-altimeter -- found version 8.2.1
[1.455s] -- Searching for dependencies of gz-sensors8-altimeter
[1.455s] -- Searching for <gz-sensors8> component [imu]
[1.455s] -- Looking for gz-sensors8-imu -- found version 8.2.1
[1.455s] -- Searching for dependencies of gz-sensors8-imu
[1.456s] -- Searching for <gz-sensors8> component [force_torque]
[1.456s] -- Looking for gz-sensors8-force_torque -- found version 8.2.1
[1.456s] -- Searching for dependencies of gz-sensors8-force_torque
[1.456s] -- Searching for <gz-sensors8> component [logical_camera]
[1.457s] -- Looking for gz-sensors8-logical_camera -- found version 8.2.1
[1.457s] -- Searching for dependencies of gz-sensors8-logical_camera
[1.457s] -- Searching for <gz-sensors8> component [magnetometer]
[1.457s] -- Looking for gz-sensors8-magnetometer -- found version 8.2.1
[1.457s] -- Searching for dependencies of gz-sensors8-magnetometer
[1.458s] -- Searching for <gz-sensors8> component [navsat]
[1.458s] -- Looking for gz-sensors8-navsat -- found version 8.2.1
[1.458s] -- Searching for dependencies of gz-sensors8-navsat
[1.458s] -- Searching for <gz-sensors8> component [dvl]
[1.459s] -- Looking for gz-sensors8-dvl -- found version 8.2.1
[1.459s] -- Searching for dependencies of gz-sensors8-dvl
[1.459s] -- Looking for gz-sensors8 -- found version 8.2.1
[1.459s] -- Searching for dependencies of gz-sensors8
[1.475s] -- Looking for gz-math7 -- found version 7.5.1
[1.475s] -- Looking for gz-common5 -- found version 5.7.0
[1.475s] -- Looking for gz-transport13 -- found version 13.4.0
[1.476s] -- Looking for gz-rendering8 -- found version 8.2.1
[1.476s] -- Looking for gz-msgs10 -- found version 10.3.1
[1.476s] -- Looking for sdformat14 -- found version 14.5.0
[1.477s] -- Searching for <gz-sensors8> component [rendering]
[1.477s] -- Looking for gz-sensors8-rendering -- found version 8.2.1
[1.477s] -- Searching for dependencies of gz-sensors8-rendering
[1.478s] -- Searching for <gz-sensors8> component [rendering]
[1.478s] -- Searching for <gz-sensors8> component [lidar]
[1.478s] -- Looking for gz-sensors8-lidar -- found version 8.2.1
[1.478s] -- Searching for dependencies of gz-sensors8-lidar
[1.479s] -- Looking for gz-sensors8 -- found version 8.2.1
[1.480s] -- Searching for <gz-sensors8> component [gpu_lidar]
[1.480s] -- Looking for gz-sensors8-gpu_lidar -- found version 8.2.1
[1.480s] -- Searching for dependencies of gz-sensors8-gpu_lidar
[1.481s] -- Looking for gz-sensors8 -- found version 8.2.1
[1.482s] -- Searching for <gz-sensors8> component [camera]
[1.482s] -- Looking for gz-sensors8-camera -- found version 8.2.1
[1.482s] -- Searching for dependencies of gz-sensors8-camera
[1.482s] -- Looking for gz-sensors8 -- found version 8.2.1
[1.483s] -- Searching for <gz-sensors8> component [boundingbox_camera]
[1.483s] -- Looking for gz-sensors8-boundingbox_camera -- found version 8.2.1
[1.483s] -- Searching for dependencies of gz-sensors8-boundingbox_camera
[1.484s] -- Searching for <gz-sensors8> component [segmentation_camera]
[1.484s] -- Looking for gz-sensors8-segmentation_camera -- found version 8.2.1
[1.484s] -- Searching for dependencies of gz-sensors8-segmentation_camera
[1.484s] -- Searching for <gz-sensors8> component [depth_camera]
[1.485s] -- Looking for gz-sensors8-depth_camera -- found version 8.2.1
[1.485s] -- Searching for dependencies of gz-sensors8-depth_camera
[1.485s] -- Looking for gz-sensors8 -- found version 8.2.1
[1.485s] -- Searching for <gz-sensors8> component [rgbd_camera]
[1.486s] -- Looking for gz-sensors8-rgbd_camera -- found version 8.2.1
[1.486s] -- Searching for dependencies of gz-sensors8-rgbd_camera
[1.486s] -- Looking for gz-sensors8 -- found version 8.2.1
[1.486s] -- Searching for <gz-sensors8> component [thermal_camera]
[1.486s] -- Looking for gz-sensors8-thermal_camera -- found version 8.2.1
[1.487s] -- Searching for dependencies of gz-sensors8-thermal_camera
[1.487s] -- Looking for gz-sensors8 -- found version 8.2.1
[1.487s] -- Searching for <gz-sensors8> component [wide_angle_camera]
[1.487s] -- Looking for gz-sensors8-wide_angle_camera -- found version 8.2.1
[1.487s] -- Searching for dependencies of gz-sensors8-wide_angle_camera
[1.488s] -- Looking for gz-rendering8 -- found version 8.2.1
[1.488s] -- Looking for gz-math7 -- found version 7.5.1
[1.489s] -- Looking for gz-utils2 -- found version 2.2.0
[1.502s] -- Looking for gz-plugin2 -- found version 2.0.3
[1.503s] [31mCMake Error at CMakeLists.txt:36 (target_include_directories):
[1.503s]   Cannot specify include directories for target "BlackbirdPosePublisher"
[1.503s]   which is not built by this project.
[1.503s] 
[1.503s] [0m
[1.503s] [31mCMake Error at /opt/ros/jazzy/share/ament_cmake_target_dependencies/cmake/ament_target_dependencies.cmake:42 (message):
[1.503s]   ament_target_dependencies() the first argument must be a valid target name
[1.503s] Call Stack (most recent call first):
[1.503s]   CMakeLists.txt:38 (ament_target_dependencies)
[1.503s] 
[1.503s] [0m
[1.504s] -- Configuring incomplete, errors occurred!
[1.513s] gmake: *** [Makefile:349: cmake_check_build_system] Error 1
[1.515s] Invoked command in '/home/ahoque245/Projects/simulations/blackbird_walking/realtime_ws/build/blackbird_ros2' returned '2': CMAKE_PREFIX_PATH=${CMAKE_PREFIX_PATH}:/opt/ros/jazzy DEBUGINFOD_URLS=https://debuginfod.ubuntu.com /usr/bin/cmake --build /home/ahoque245/Projects/simulations/blackbird_walking/realtime_ws/build/blackbird_ros2 -- -j22 -l22
