[01m[K/home/ahoque245/Projects/simulations/blackbird_walking/realtime_ws/src/blackbird_ros2/src/PosePublisher.cpp:[m[K In member function ‘[01m[Kvirtual void blackbird_ros2::BlackbirdPosePublisher::[01;32m[KPostUpdate[m[K(const gz::sim::v8::UpdateInfo&, const gz::sim::v8::EntityComponentManager&)[m[K’:
[01m[K/home/ahoque245/Projects/simulations/blackbird_walking/realtime_ws/src/blackbird_ros2/src/PosePublisher.cpp:114:55:[m[K [01;31m[Kerror: [m[K‘[01m[Kinfo[m[K’ was not declared in this scope; did you mean ‘[01m[K_info[m[K’?
  114 |         double dub_dt = std::chrono::duration<double>([01;31m[Kinfo[m[K.dt).count();
      |                                                       [01;31m[K^~~~[m[K
      |                                                       [32m[K_info[m[K
[01m[K/home/ahoque245/Projects/simulations/blackbird_walking/realtime_ws/src/blackbird_ros2/src/PosePublisher.cpp:125:9:[m[K [01;31m[Kerror: [m[Kexpected ‘[01m[K,[m[K’ or ‘[01m[K;[m[K’ before ‘[01m[Kz[m[K’
  125 |         [01;31m[Kz[m[K = z_new;
      |         [01;31m[K^[m[K
[01m[K/home/ahoque245/Projects/simulations/blackbird_walking/realtime_ws/src/blackbird_ros2/src/PosePublisher.cpp:129:9:[m[K [01;31m[Kerror: [m[Kexpected ‘[01m[K,[m[K’ or ‘[01m[K;[m[K’ before ‘[01m[Kr[m[K’
  129 |         [01;31m[Kr[m[K = r_new;
      |         [01;31m[K^[m[K
[01m[K/home/ahoque245/Projects/simulations/blackbird_walking/realtime_ws/src/blackbird_ros2/src/PosePublisher.cpp:133:9:[m[K [01;31m[Kerror: [m[Kexpected ‘[01m[K,[m[K’ or ‘[01m[K;[m[K’ before ‘[01m[Kp[m[K’
  133 |         [01;31m[Kp[m[K = p_new;
      |         [01;31m[K^[m[K
[01m[K/home/ahoque245/Projects/simulations/blackbird_walking/realtime_ws/src/blackbird_ros2/src/PosePublisher.cpp:137:9:[m[K [01;31m[Kerror: [m[Kexpected ‘[01m[K,[m[K’ or ‘[01m[K;[m[K’ before ‘[01m[Kw[m[K’
  137 |         [01;31m[Kw[m[K = w_new;
      |         [01;31m[K^[m[K
[01m[K/home/ahoque245/Projects/simulations/blackbird_walking/realtime_ws/src/blackbird_ros2/src/PosePublisher.cpp:153:39:[m[K [01;31m[Kerror: [m[Kinvalid types ‘[01m[K<unresolved overloaded function type>[int][m[K’ for array subscript
  153 |             state_vec[i] = j_pos->Data[01;31m[K[[m[K0]
      |                                       [01;31m[K^[m[K
[01m[K/home/ahoque245/Projects/simulations/blackbird_walking/realtime_ws/src/blackbird_ros2/src/PosePublisher.cpp:164:39:[m[K [01;35m[Kwarning: [m[Kunused variable ‘[01m[Kcollision_names[m[K’ [[01;35m[K]8;;https://gcc.gnu.org/onlinedocs/gcc/Warning-Options.html#index-Wunused-variable-Wunused-variable]8;;[m[K]
  164 |             std::vector<std::string>& [01;35m[Kcollision_names[m[K = link_map[link_name];
      |                                       [01;35m[K^~~~~~~~~~~~~~~[m[K
[01m[K/home/ahoque245/Projects/simulations/blackbird_walking/realtime_ws/src/blackbird_ros2/src/PosePublisher.cpp:79:71:[m[K [01;35m[Kwarning: [m[Kunused parameter ‘[01m[K_info[m[K’ [[01;35m[K]8;;https://gcc.gnu.org/onlinedocs/gcc/Warning-Options.html#index-Wunused-parameter-Wunused-parameter]8;;[m[K]
   79 | id BlackbirdPosePublisher::PostUpdate([01;35m[Kconst gz::sim::UpdateInfo &_info[m[K,
      |                                       [01;35m[K~~~~~~~~~~~~~~~~~~~~~~~~~~~^~~~~[m[K

gmake[2]: *** [CMakeFiles/BlackbirdPosePublisher.dir/build.make:76: CMakeFiles/BlackbirdPosePublisher.dir/src/PosePublisher.cpp.o] Error 1
gmake[1]: *** [CMakeFiles/Makefile2:143: CMakeFiles/BlackbirdPosePublisher.dir/all] Error 2
gmake: *** [Makefile:146: all] Error 2
