[0.012s] Invoking command in '/home/ahoque245/Projects/simulations/blackbird_walking/realtime_ws/build/blackbird_ros2': CMAKE_PREFIX_PATH=${CMAKE_PREFIX_PATH}:/opt/ros/jazzy DEBUGINFOD_URLS=https://debuginfod.ubuntu.com /usr/bin/cmake --build /home/ahoque245/Projects/simulations/blackbird_walking/realtime_ws/build/blackbird_ros2 -- -j22 -l22
[0.062s] [ 50%] Built target effort_example_cpp
[0.063s] [ 50%] Built target reverse_effort_cpp
[0.064s] [ 75%] Built target BlackbirdContactPlugin
[0.071s] [ 87%] [32mBuilding CXX object CMakeFiles/BlackbirdPosePublisher.dir/src/PosePublisher.cpp.o[0m
[2.575s] [01m[K/home/ahoque245/Projects/simulations/blackbird_walking/realtime_ws/src/blackbird_ros2/src/PosePublisher.cpp:[m[K In member function ‘[01m[Kvirtual void blackbird_ros2::BlackbirdPosePublisher::[01;32m[KPostUpdate[m[K(const gz::sim::v8::UpdateInfo&, const gz::sim::v8::EntityComponentManager&)[m[K’:
[2.576s] [01m[K/home/ahoque245/Projects/simulations/blackbird_walking/realtime_ws/src/blackbird_ros2/src/PosePublisher.cpp:99:9:[m[K [01;31m[Kerror: [m[K‘[01m[Kx_new[m[K’ was not declared in this scope
[2.576s]    99 |         [01;31m[Kx_new[m[K = torso_pose.Pos().X();
[2.576s]       |         [01;31m[K^~~~~[m[K
[2.580s] [01m[K/home/ahoque245/Projects/simulations/blackbird_walking/realtime_ws/src/blackbird_ros2/src/PosePublisher.cpp:100:9:[m[K [01;31m[Kerror: [m[K‘[01m[Ky_new[m[K’ was not declared in this scope
[2.580s]   100 |         [01;31m[Ky_new[m[K = torso_pose.Pos().Y();
[2.580s]       |         [01;31m[K^~~~~[m[K
[2.584s] [01m[K/home/ahoque245/Projects/simulations/blackbird_walking/realtime_ws/src/blackbird_ros2/src/PosePublisher.cpp:101:9:[m[K [01;31m[Kerror: [m[K‘[01m[Kz_new[m[K’ was not declared in this scope
[2.584s]   101 |         [01;31m[Kz_new[m[K = torso_pose.Pos().Z();
[2.584s]       |         [01;31m[K^~~~~[m[K
[2.588s] [01m[K/home/ahoque245/Projects/simulations/blackbird_walking/realtime_ws/src/blackbird_ros2/src/PosePublisher.cpp:102:9:[m[K [01;31m[Kerror: [m[K‘[01m[Kr_new[m[K’ was not declared in this scope
[2.588s]   102 |         [01;31m[Kr_new[m[K = torso_pose.Rot().Roll();
[2.589s]       |         [01;31m[K^~~~~[m[K
[2.592s] [01m[K/home/ahoque245/Projects/simulations/blackbird_walking/realtime_ws/src/blackbird_ros2/src/PosePublisher.cpp:103:9:[m[K [01;31m[Kerror: [m[K‘[01m[Kp_new[m[K’ was not declared in this scope
[2.592s]   103 |         [01;31m[Kp_new[m[K = torso_pose.Rot().Pitch();
[2.593s]       |         [01;31m[K^~~~~[m[K
[2.596s] [01m[K/home/ahoque245/Projects/simulations/blackbird_walking/realtime_ws/src/blackbird_ros2/src/PosePublisher.cpp:104:9:[m[K [01;31m[Kerror: [m[K‘[01m[Kw_new[m[K’ was not declared in this scope
[2.596s]   104 |         [01;31m[Kw_new[m[K = torso_pose.Rot().Yaw();
[2.596s]       |         [01;31m[K^~~~~[m[K
[2.600s] [01m[K/home/ahoque245/Projects/simulations/blackbird_walking/realtime_ws/src/blackbird_ros2/src/PosePublisher.cpp:114:55:[m[K [01;31m[Kerror: [m[K‘[01m[Kinfo[m[K’ was not declared in this scope; did you mean ‘[01m[K_info[m[K’?
[2.600s]   114 |         double dub_dt = std::chrono::duration<double>([01;31m[Kinfo[m[K.dt).count();
[2.600s]       |                                                       [01;31m[K^~~~[m[K
[2.600s]       |                                                       [32m[K_info[m[K
[2.602s] [01m[K/home/ahoque245/Projects/simulations/blackbird_walking/realtime_ws/src/blackbird_ros2/src/PosePublisher.cpp:145:62:[m[K [01;31m[Kerror: [m[K‘[01m[KJointPosition[m[K’ is not a member of ‘[01m[Kgz::sim::v8::components[m[K’
[2.602s]   145 |            auto* j_pos = ecm.Component<gz::sim::components::[01;31m[KJointPosition[m[K>(joint_ent);
[2.602s]       |                                                             [01;31m[K^~~~~~~~~~~~~[m[K
[2.602s] 
[2.602s] [01m[K/home/ahoque245/Projects/simulations/blackbird_walking/realtime_ws/src/blackbird_ros2/src/PosePublisher.cpp:145:76:[m[K [01;31m[Kerror: [m[Kno matching function for call to ‘[01m[Kgz::sim::v8::EntityComponentManager::Component<<expression error> >(long unsigned int&) const[m[K’
[2.602s]   145 | o* j_pos = [01;31m[Kecm.Component<gz::sim::components::JointPosition>(joint_ent)[m[K;
[2.602s]       |            [01;31m[K~~~~~~~~~~~~~~~~~~~~~~~~~~~~~~~~~~~~~~~~~~~~~~~~~^~~~~~~~~~~[m[K
[2.603s] 
[2.603s] In file included from [01m[K/opt/ros/jazzy/opt/gz_sim_vendor/include/gz/sim8/gz/sim/EntityComponentManager.hh:851[m[K,
[2.603s]                  from [01m[K/opt/ros/jazzy/opt/gz_sim_vendor/include/gz/sim8/gz/sim/Link.hh:33[m[K,
[2.603s]                  from [01m[K/home/ahoque245/Projects/simulations/blackbird_walking/realtime_ws/src/blackbird_ros2/include/PosePublisher.h:11[m[K,
[2.603s]                  from [01m[K/home/ahoque245/Projects/simulations/blackbird_walking/realtime_ws/src/blackbird_ros2/src/PosePublisher.cpp:1[m[K:
[2.603s] [01m[K/opt/ros/jazzy/opt/gz_sim_vendor/include/gz/sim8/gz/sim/detail/EntityComponentManager.hh:128:17:[m[K [01;36m[Knote: [m[Kcandidate: ‘[01m[Ktemplate<class ComponentTypeT> ComponentTypeT* gz::sim::v8::EntityComponentManager::[01;32m[KComponent[m[K(gz::sim::v8::Entity)[m[K’
[2.603s]   128 | ComponentTypeT *[01;36m[KEntityComponentManager[m[K::Component(const Entity _entity)
[2.603s]       |                 [01;36m[K^~~~~~~~~~~~~~~~~~~~~~[m[K
[2.603s] [01m[K/opt/ros/jazzy/opt/gz_sim_vendor/include/gz/sim8/gz/sim/detail/EntityComponentManager.hh:128:17:[m[K [01;36m[Knote: [m[K  template argument deduction/substitution failed:
[2.603s] [01m[K/home/ahoque245/Projects/simulations/blackbird_walking/realtime_ws/src/blackbird_ros2/src/PosePublisher.cpp:145:76:[m[K [01;31m[Kerror: [m[Ktemplate argument 1 is invalid
[2.603s]   145 | o* j_pos = [01;31m[Kecm.Component<gz::sim::components::JointPosition>(joint_ent)[m[K;
[2.604s]       |            [01;31m[K~~~~~~~~~~~~~~~~~~~~~~~~~~~~~~~~~~~~~~~~~~~~~~~~~^~~~~~~~~~~[m[K
[2.604s] 
[2.604s] [01m[K/opt/ros/jazzy/opt/gz_sim_vendor/include/gz/sim8/gz/sim/EntityComponentManager.hh:258:37:[m[K [01;36m[Knote: [m[Kcandidate: ‘[01m[Ktemplate<class ComponentTypeT> const ComponentTypeT* gz::sim::v8::EntityComponentManager::[01;32m[KComponent[m[K(gz::sim::v8::Entity) const[m[K’
[2.604s]   258 |               const ComponentTypeT *[01;36m[KComponent[m[K(const Entity _entity) const;
[2.604s]       |                                     [01;36m[K^~~~~~~~~[m[K
[2.604s] [01m[K/opt/ros/jazzy/opt/gz_sim_vendor/include/gz/sim8/gz/sim/EntityComponentManager.hh:258:37:[m[K [01;36m[Knote: [m[K  template argument deduction/substitution failed:
[2.604s] [01m[K/home/ahoque245/Projects/simulations/blackbird_walking/realtime_ws/src/blackbird_ros2/src/PosePublisher.cpp:145:76:[m[K [01;31m[Kerror: [m[Ktemplate argument 1 is invalid
[2.604s]   145 | o* j_pos = [01;31m[Kecm.Component<gz::sim::components::JointPosition>(joint_ent)[m[K;
[2.604s]       |            [01;31m[K~~~~~~~~~~~~~~~~~~~~~~~~~~~~~~~~~~~~~~~~~~~~~~~~~^~~~~~~~~~~[m[K
[2.604s] 
[2.604s] [01m[K/home/ahoque245/Projects/simulations/blackbird_walking/realtime_ws/src/blackbird_ros2/src/PosePublisher.cpp:149:62:[m[K [01;31m[Kerror: [m[K‘[01m[KJointVelocity[m[K’ is not a member of ‘[01m[Kgz::sim::v8::components[m[K’
[2.604s]   149 |            auto* j_vel = ecm.Component<gz::sim::components::[01;31m[KJointVelocity[m[K>(joint_ent);
[2.604s]       |                                                             [01;31m[K^~~~~~~~~~~~~[m[K
[2.604s] 
[2.604s] [01m[K/home/ahoque245/Projects/simulations/blackbird_walking/realtime_ws/src/blackbird_ros2/src/PosePublisher.cpp:149:76:[m[K [01;31m[Kerror: [m[Kno matching function for call to ‘[01m[Kgz::sim::v8::EntityComponentManager::Component<<expression error> >(long unsigned int&) const[m[K’
[2.604s]   149 | o* j_vel = [01;31m[Kecm.Component<gz::sim::components::JointVelocity>(joint_ent)[m[K;
[2.604s]       |            [01;31m[K~~~~~~~~~~~~~~~~~~~~~~~~~~~~~~~~~~~~~~~~~~~~~~~~~^~~~~~~~~~~[m[K
[2.604s] 
[2.604s] [01m[K/opt/ros/jazzy/opt/gz_sim_vendor/include/gz/sim8/gz/sim/detail/EntityComponentManager.hh:128:17:[m[K [01;36m[Knote: [m[Kcandidate: ‘[01m[Ktemplate<class ComponentTypeT> ComponentTypeT* gz::sim::v8::EntityComponentManager::[01;32m[KComponent[m[K(gz::sim::v8::Entity)[m[K’
[2.604s]   128 | ComponentTypeT *[01;36m[KEntityComponentManager[m[K::Component(const Entity _entity)
[2.604s]       |                 [01;36m[K^~~~~~~~~~~~~~~~~~~~~~[m[K
[2.604s] [01m[K/opt/ros/jazzy/opt/gz_sim_vendor/include/gz/sim8/gz/sim/detail/EntityComponentManager.hh:128:17:[m[K [01;36m[Knote: [m[K  template argument deduction/substitution failed:
[2.604s] [01m[K/home/ahoque245/Projects/simulations/blackbird_walking/realtime_ws/src/blackbird_ros2/src/PosePublisher.cpp:149:76:[m[K [01;31m[Kerror: [m[Ktemplate argument 1 is invalid
[2.604s]   149 | o* j_vel = [01;31m[Kecm.Component<gz::sim::components::JointVelocity>(joint_ent)[m[K;
[2.604s]       |            [01;31m[K~~~~~~~~~~~~~~~~~~~~~~~~~~~~~~~~~~~~~~~~~~~~~~~~~^~~~~~~~~~~[m[K
[2.604s] 
[2.604s] [01m[K/opt/ros/jazzy/opt/gz_sim_vendor/include/gz/sim8/gz/sim/EntityComponentManager.hh:258:37:[m[K [01;36m[Knote: [m[Kcandidate: ‘[01m[Ktemplate<class ComponentTypeT> const ComponentTypeT* gz::sim::v8::EntityComponentManager::[01;32m[KComponent[m[K(gz::sim::v8::Entity) const[m[K’
[2.605s]   258 |               const ComponentTypeT *[01;36m[KComponent[m[K(const Entity _entity) const;
[2.605s]       |                                     [01;36m[K^~~~~~~~~[m[K
[2.605s] [01m[K/opt/ros/jazzy/opt/gz_sim_vendor/include/gz/sim8/gz/sim/EntityComponentManager.hh:258:37:[m[K [01;36m[Knote: [m[K  template argument deduction/substitution failed:
[2.605s] [01m[K/home/ahoque245/Projects/simulations/blackbird_walking/realtime_ws/src/blackbird_ros2/src/PosePublisher.cpp:149:76:[m[K [01;31m[Kerror: [m[Ktemplate argument 1 is invalid
[2.605s]   149 | o* j_vel = [01;31m[Kecm.Component<gz::sim::components::JointVelocity>(joint_ent)[m[K;
[2.605s]       |            [01;31m[K~~~~~~~~~~~~~~~~~~~~~~~~~~~~~~~~~~~~~~~~~~~~~~~~~^~~~~~~~~~~[m[K
[2.605s] 
[2.605s] [01m[K/home/ahoque245/Projects/simulations/blackbird_walking/realtime_ws/src/blackbird_ros2/src/PosePublisher.cpp:164:39:[m[K [01;35m[Kwarning: [m[Kunused variable ‘[01m[Kcollision_names[m[K’ [[01;35m[K]8;;https://gcc.gnu.org/onlinedocs/gcc/Warning-Options.html#index-Wunused-variable-Wunused-variable]8;;[m[K]
[2.605s]   164 |             std::vector<std::string>& [01;35m[Kcollision_names[m[K = link_map[link_name];
[2.605s]       |                                       [01;35m[K^~~~~~~~~~~~~~~[m[K
[2.605s] [01m[K/home/ahoque245/Projects/simulations/blackbird_walking/realtime_ws/src/blackbird_ros2/src/PosePublisher.cpp:79:71:[m[K [01;35m[Kwarning: [m[Kunused parameter ‘[01m[K_info[m[K’ [[01;35m[K]8;;https://gcc.gnu.org/onlinedocs/gcc/Warning-Options.html#index-Wunused-parameter-Wunused-parameter]8;;[m[K]
[2.605s]    79 | id BlackbirdPosePublisher::PostUpdate([01;35m[Kconst gz::sim::UpdateInfo &_info[m[K,
[2.605s]       |                                       [01;35m[K~~~~~~~~~~~~~~~~~~~~~~~~~~~^~~~~[m[K
[2.605s] 
[3.610s] gmake[2]: *** [CMakeFiles/BlackbirdPosePublisher.dir/build.make:76: CMakeFiles/BlackbirdPosePublisher.dir/src/PosePublisher.cpp.o] Error 1
[3.610s] gmake[1]: *** [CMakeFiles/Makefile2:143: CMakeFiles/BlackbirdPosePublisher.dir/all] Error 2
[3.610s] gmake: *** [Makefile:146: all] Error 2
[3.612s] Invoked command in '/home/ahoque245/Projects/simulations/blackbird_walking/realtime_ws/build/blackbird_ros2' returned '2': CMAKE_PREFIX_PATH=${CMAKE_PREFIX_PATH}:/opt/ros/jazzy DEBUGINFOD_URLS=https://debuginfod.ubuntu.com /usr/bin/cmake --build /home/ahoque245/Projects/simulations/blackbird_walking/realtime_ws/build/blackbird_ros2 -- -j22 -l22
