[0.010s] Invoking command in '/home/ahoque245/Projects/simulations/blackbird_walking/realtime_ws/build/blackbird_ros2': CMAKE_PREFIX_PATH=${CMAKE_PREFIX_PATH}:/opt/ros/jazzy DEBUGINFOD_URLS=https://debuginfod.ubuntu.com /usr/bin/cmake --build /home/ahoque245/Projects/simulations/blackbird_walking/realtime_ws/build/blackbird_ros2 -- -j22 -l22
[0.058s] [ 25%] Built target effort_example_cpp
[0.061s] [ 50%] Built target reverse_effort_cpp
[0.061s] [ 75%] Built target BlackbirdContactPlugin
[0.067s] [ 87%] [32mBuilding CXX object CMakeFiles/BlackbirdPosePublisher.dir/src/PosePublisher.cpp.o[0m
[2.535s] [01m[K/home/ahoque245/Projects/simulations/blackbird_walking/realtime_ws/src/blackbird_ros2/src/PosePublisher.cpp:[m[K In member function ‘[01m[Kvirtual void blackbird_ros2::BlackbirdPosePublisher::[01;32m[KPostUpdate[m[K(const gz::sim::v8::UpdateInfo&, const gz::sim::v8::EntityComponentManager&)[m[K’:
[2.535s] [01m[K/home/ahoque245/Projects/simulations/blackbird_walking/realtime_ws/src/blackbird_ros2/src/PosePublisher.cpp:99:9:[m[K [01;31m[Kerror: [m[K‘[01m[Kx_new[m[K’ was not declared in this scope
[2.535s]    99 |         [01;31m[Kx_new[m[K = torso_pose.Pos().X();
[2.535s]       |         [01;31m[K^~~~~[m[K
[2.539s] [01m[K/home/ahoque245/Projects/simulations/blackbird_walking/realtime_ws/src/blackbird_ros2/src/PosePublisher.cpp:100:9:[m[K [01;31m[Kerror: [m[K‘[01m[Ky_new[m[K’ was not declared in this scope
[2.539s]   100 |         [01;31m[Ky_new[m[K = torso_pose.Pos().Y();
[2.539s]       |         [01;31m[K^~~~~[m[K
[2.543s] [01m[K/home/ahoque245/Projects/simulations/blackbird_walking/realtime_ws/src/blackbird_ros2/src/PosePublisher.cpp:101:9:[m[K [01;31m[Kerror: [m[K‘[01m[Kz_new[m[K’ was not declared in this scope
[2.543s]   101 |         [01;31m[Kz_new[m[K = torso_pose.Pos().Z();
[2.543s]       |         [01;31m[K^~~~~[m[K
[2.547s] [01m[K/home/ahoque245/Projects/simulations/blackbird_walking/realtime_ws/src/blackbird_ros2/src/PosePublisher.cpp:102:9:[m[K [01;31m[Kerror: [m[K‘[01m[Kr_new[m[K’ was not declared in this scope
[2.547s]   102 |         [01;31m[Kr_new[m[K = torso_pose.Rot().Roll();
[2.547s]       |         [01;31m[K^~~~~[m[K
[2.551s] [01m[K/home/ahoque245/Projects/simulations/blackbird_walking/realtime_ws/src/blackbird_ros2/src/PosePublisher.cpp:103:9:[m[K [01;31m[Kerror: [m[K‘[01m[Kp_new[m[K’ was not declared in this scope
[2.551s]   103 |         [01;31m[Kp_new[m[K = torso_pose.Rot().Pitch();
[2.551s]       |         [01;31m[K^~~~~[m[K
[2.554s] [01m[K/home/ahoque245/Projects/simulations/blackbird_walking/realtime_ws/src/blackbird_ros2/src/PosePublisher.cpp:104:9:[m[K [01;31m[Kerror: [m[K‘[01m[Kw_new[m[K’ was not declared in this scope
[2.554s]   104 |         [01;31m[Kw_new[m[K = torso_pose.Rot().Yaw();
[2.554s]       |         [01;31m[K^~~~~[m[K
[2.558s] [01m[K/home/ahoque245/Projects/simulations/blackbird_walking/realtime_ws/src/blackbird_ros2/src/PosePublisher.cpp:114:55:[m[K [01;31m[Kerror: [m[K‘[01m[Kinfo[m[K’ was not declared in this scope; did you mean ‘[01m[K_info[m[K’?
[2.558s]   114 |         double dub_dt = std::chrono::duration<double>([01;31m[Kinfo[m[K.dt).count();
[2.558s]       |                                                       [01;31m[K^~~~[m[K
[2.558s]       |                                                       [32m[K_info[m[K
[2.559s] [01m[K/home/ahoque245/Projects/simulations/blackbird_walking/realtime_ws/src/blackbird_ros2/src/PosePublisher.cpp:153:39:[m[K [01;31m[Kerror: [m[Kinvalid types ‘[01m[K<unresolved overloaded function type>[int][m[K’ for array subscript
[2.559s]   153 |             state_vec[i] = j_pos->Data[01;31m[K[[m[K0]
[2.559s]       |                                       [01;31m[K^[m[K
[2.560s] [01m[K/home/ahoque245/Projects/simulations/blackbird_walking/realtime_ws/src/blackbird_ros2/src/PosePublisher.cpp:164:39:[m[K [01;35m[Kwarning: [m[Kunused variable ‘[01m[Kcollision_names[m[K’ [[01;35m[K]8;;https://gcc.gnu.org/onlinedocs/gcc/Warning-Options.html#index-Wunused-variable-Wunused-variable]8;;[m[K]
[2.560s]   164 |             std::vector<std::string>& [01;35m[Kcollision_names[m[K = link_map[link_name];
[2.560s]       |                                       [01;35m[K^~~~~~~~~~~~~~~[m[K
[2.560s] [01m[K/home/ahoque245/Projects/simulations/blackbird_walking/realtime_ws/src/blackbird_ros2/src/PosePublisher.cpp:79:71:[m[K [01;35m[Kwarning: [m[Kunused parameter ‘[01m[K_info[m[K’ [[01;35m[K]8;;https://gcc.gnu.org/onlinedocs/gcc/Warning-Options.html#index-Wunused-parameter-Wunused-parameter]8;;[m[K]
[2.560s]    79 | id BlackbirdPosePublisher::PostUpdate([01;35m[Kconst gz::sim::UpdateInfo &_info[m[K,
[2.560s]       |                                       [01;35m[K~~~~~~~~~~~~~~~~~~~~~~~~~~~^~~~~[m[K
[2.560s] 
[3.598s] gmake[2]: *** [CMakeFiles/BlackbirdPosePublisher.dir/build.make:76: CMakeFiles/BlackbirdPosePublisher.dir/src/PosePublisher.cpp.o] Error 1
[3.599s] gmake[1]: *** [CMakeFiles/Makefile2:143: CMakeFiles/BlackbirdPosePublisher.dir/all] Error 2
[3.599s] gmake: *** [Makefile:146: all] Error 2
[3.602s] Invoked command in '/home/ahoque245/Projects/simulations/blackbird_walking/realtime_ws/build/blackbird_ros2' returned '2': CMAKE_PREFIX_PATH=${CMAKE_PREFIX_PATH}:/opt/ros/jazzy DEBUGINFOD_URLS=https://debuginfod.ubuntu.com /usr/bin/cmake --build /home/ahoque245/Projects/simulations/blackbird_walking/realtime_ws/build/blackbird_ros2 -- -j22 -l22
