[ 66%] Built target reverse_effort_cpp
[ 66%] Built target effort_example_cpp
[100%] Built target BlackbirdContactPlugin
-- Install configuration: ""
-- Up-to-date: /home/ahoque245/Projects/simulations/blackbird_walking/realtime_ws/install/blackbird_ros2/include
-- Up-to-date: /home/ahoque245/Projects/simulations/blackbird_walking/realtime_ws/install/blackbird_ros2/include/PosePublisher.h
-- Up-to-date: /home/ahoque245/Projects/simulations/blackbird_walking/realtime_ws/install/blackbird_ros2/include/ContactPlugin.h
-- Up-to-date: /home/ahoque245/Projects/simulations/blackbird_walking/realtime_ws/install/blackbird_ros2/share/blackbird_ros2//launch
-- Up-to-date: /home/ahoque245/Projects/simulations/blackbird_walking/realtime_ws/install/blackbird_ros2/share/blackbird_ros2//launch/blackbird_gz.launch.py
-- Up-to-date: /home/ahoque245/Projects/simulations/blackbird_walking/realtime_ws/install/blackbird_ros2/share/blackbird_ros2//launch/blackbird_rviz.launch.py
-- Up-to-date: /home/ahoque245/Projects/simulations/blackbird_walking/realtime_ws/install/blackbird_ros2/share/blackbird_ros2//rviz
-- Up-to-date: /home/ahoque245/Projects/simulations/blackbird_walking/realtime_ws/install/blackbird_ros2/share/blackbird_ros2//rviz/basic.rviz
-- Up-to-date: /home/ahoque245/Projects/simulations/blackbird_walking/realtime_ws/install/blackbird_ros2/share/blackbird_ros2//rviz/blackbird.rviz
-- Up-to-date: /home/ahoque245/Projects/simulations/blackbird_walking/realtime_ws/install/blackbird_ros2/share/blackbird_ros2//urdf
-- Up-to-date: /home/ahoque245/Projects/simulations/blackbird_walking/realtime_ws/install/blackbird_ros2/share/blackbird_ros2//urdf/blackbird_gz.urdf
-- Up-to-date: /home/ahoque245/Projects/simulations/blackbird_walking/realtime_ws/install/blackbird_ros2/share/blackbird_ros2//urdf/blackbird.urdf
-- Up-to-date: /home/ahoque245/Projects/simulations/blackbird_walking/realtime_ws/install/blackbird_ros2/share/blackbird_ros2//urdf/blackbird.sdf
-- Up-to-date: /home/ahoque245/Projects/simulations/blackbird_walking/realtime_ws/install/blackbird_ros2/share/blackbird_ros2//meshes
-- Up-to-date: /home/ahoque245/Projects/simulations/blackbird_walking/realtime_ws/install/blackbird_ros2/share/blackbird_ros2//meshes/blackbird
-- Up-to-date: /home/ahoque245/Projects/simulations/blackbird_walking/realtime_ws/install/blackbird_ros2/share/blackbird_ros2//meshes/blackbird/Assembly_Mockup_v27_022.stl
-- Up-to-date: /home/ahoque245/Projects/simulations/blackbird_walking/realtime_ws/install/blackbird_ros2/share/blackbird_ros2//meshes/blackbird/Assembly_Mockup_v27.stl
-- Up-to-date: /home/ahoque245/Projects/simulations/blackbird_walking/realtime_ws/install/blackbird_ros2/share/blackbird_ros2//meshes/blackbird/Assembly_Mockup_v27_015.stl
-- Up-to-date: /home/ahoque245/Projects/simulations/blackbird_walking/realtime_ws/install/blackbird_ros2/share/blackbird_ros2//meshes/blackbird/Assembly_Mockup_v27_025.stl
-- Up-to-date: /home/ahoque245/Projects/simulations/blackbird_walking/realtime_ws/install/blackbird_ros2/share/blackbird_ros2//meshes/blackbird/Assembly_Mockup_v27_019.stl
-- Up-to-date: /home/ahoque245/Projects/simulations/blackbird_walking/realtime_ws/install/blackbird_ros2/share/blackbird_ros2//meshes/blackbird/Assembly_Mockup_v27_020.stl
-- Up-to-date: /home/ahoque245/Projects/simulations/blackbird_walking/realtime_ws/install/blackbird_ros2/share/blackbird_ros2//meshes/blackbird/Assembly_Mockup_v27_024.stl
-- Up-to-date: /home/ahoque245/Projects/simulations/blackbird_walking/realtime_ws/install/blackbird_ros2/share/blackbird_ros2//meshes/blackbird/Assembly_Mockup_v27_012.stl
-- Up-to-date: /home/ahoque245/Projects/simulations/blackbird_walking/realtime_ws/install/blackbird_ros2/share/blackbird_ros2//meshes/blackbird/Assembly_Mockup_v27_006.stl
-- Up-to-date: /home/ahoque245/Projects/simulations/blackbird_walking/realtime_ws/install/blackbird_ros2/share/blackbird_ros2//meshes/blackbird/add_underscore.py
-- Up-to-date: /home/ahoque245/Projects/simulations/blackbird_walking/realtime_ws/install/blackbird_ros2/share/blackbird_ros2//meshes/blackbird/Assembly_Mockup_v27_031.stl
-- Up-to-date: /home/ahoque245/Projects/simulations/blackbird_walking/realtime_ws/install/blackbird_ros2/share/blackbird_ros2//meshes/blackbird/Assembly_Mockup_v27_026.stl
-- Up-to-date: /home/ahoque245/Projects/simulations/blackbird_walking/realtime_ws/install/blackbird_ros2/share/blackbird_ros2//meshes/blackbird/Assembly_Mockup_v27_001.stl
-- Up-to-date: /home/ahoque245/Projects/simulations/blackbird_walking/realtime_ws/install/blackbird_ros2/share/blackbird_ros2//meshes/blackbird/Assembly_Mockup_v27_011.stl
-- Up-to-date: /home/ahoque245/Projects/simulations/blackbird_walking/realtime_ws/install/blackbird_ros2/share/blackbird_ros2//meshes/blackbird/Assembly_Mockup_v27_028.stl
-- Up-to-date: /home/ahoque245/Projects/simulations/blackbird_walking/realtime_ws/install/blackbird_ros2/share/blackbird_ros2//meshes/blackbird/Assembly_Mockup_v27_027.stl
-- Up-to-date: /home/ahoque245/Projects/simulations/blackbird_walking/realtime_ws/install/blackbird_ros2/share/blackbird_ros2//meshes/blackbird/Assembly_Mockup_v27_023.stl
-- Up-to-date: /home/ahoque245/Projects/simulations/blackbird_walking/realtime_ws/install/blackbird_ros2/share/blackbird_ros2//meshes/blackbird/Assembly_Mockup_v27_017.stl
-- Up-to-date: /home/ahoque245/Projects/simulations/blackbird_walking/realtime_ws/install/blackbird_ros2/share/blackbird_ros2//meshes/blackbird/Assembly_Mockup_v27_029.stl
-- Up-to-date: /home/ahoque245/Projects/simulations/blackbird_walking/realtime_ws/install/blackbird_ros2/share/blackbird_ros2//meshes/blackbird/Assembly_Mockup_v27_014.stl
-- Up-to-date: /home/ahoque245/Projects/simulations/blackbird_walking/realtime_ws/install/blackbird_ros2/share/blackbird_ros2//meshes/blackbird/Assembly_Mockup_v27_003.stl
-- Up-to-date: /home/ahoque245/Projects/simulations/blackbird_walking/realtime_ws/install/blackbird_ros2/share/blackbird_ros2//meshes/blackbird/Assembly_Mockup_v27_005.stl
-- Up-to-date: /home/ahoque245/Projects/simulations/blackbird_walking/realtime_ws/install/blackbird_ros2/share/blackbird_ros2//meshes/blackbird/Assembly_Mockup_v27_013.stl
-- Up-to-date: /home/ahoque245/Projects/simulations/blackbird_walking/realtime_ws/install/blackbird_ros2/share/blackbird_ros2//meshes/blackbird/Assembly_Mockup_v27_030.stl
-- Up-to-date: /home/ahoque245/Projects/simulations/blackbird_walking/realtime_ws/install/blackbird_ros2/share/blackbird_ros2//meshes/blackbird/Assembly_Mockup_v27_004.stl
-- Up-to-date: /home/ahoque245/Projects/simulations/blackbird_walking/realtime_ws/install/blackbird_ros2/share/blackbird_ros2//meshes/blackbird/Assembly_Mockup_v27_021.stl
-- Up-to-date: /home/ahoque245/Projects/simulations/blackbird_walking/realtime_ws/install/blackbird_ros2/share/blackbird_ros2//meshes/blackbird/Assembly_Mockup_v27_010.stl
-- Up-to-date: /home/ahoque245/Projects/simulations/blackbird_walking/realtime_ws/install/blackbird_ros2/share/blackbird_ros2//meshes/blackbird/Assembly_Mockup_v27_018.stl
-- Up-to-date: /home/ahoque245/Projects/simulations/blackbird_walking/realtime_ws/install/blackbird_ros2/share/blackbird_ros2//meshes/blackbird/Assembly_Mockup_v27_016.stl
-- Up-to-date: /home/ahoque245/Projects/simulations/blackbird_walking/realtime_ws/install/blackbird_ros2/share/blackbird_ros2//meshes/blackbird/Assembly_Mockup_v27_009.stl
-- Up-to-date: /home/ahoque245/Projects/simulations/blackbird_walking/realtime_ws/install/blackbird_ros2/share/blackbird_ros2//config
-- Up-to-date: /home/ahoque245/Projects/simulations/blackbird_walking/realtime_ws/install/blackbird_ros2/share/blackbird_ros2//config/blackbird_effort_controller.yaml
-- Up-to-date: /home/ahoque245/Projects/simulations/blackbird_walking/realtime_ws/install/blackbird_ros2/share/blackbird_ros2//src
-- Up-to-date: /home/ahoque245/Projects/simulations/blackbird_walking/realtime_ws/install/blackbird_ros2/share/blackbird_ros2//src/reverse_effort.cpp
-- Up-to-date: /home/ahoque245/Projects/simulations/blackbird_walking/realtime_ws/install/blackbird_ros2/share/blackbird_ros2//src/ContactPlugin.cpp
-- Up-to-date: /home/ahoque245/Projects/simulations/blackbird_walking/realtime_ws/install/blackbird_ros2/share/blackbird_ros2//src/effort_example.cpp
-- Up-to-date: /home/ahoque245/Projects/simulations/blackbird_walking/realtime_ws/install/blackbird_ros2/share/blackbird_ros2//src/PosePublisher.cpp
-- Up-to-date: /home/ahoque245/Projects/simulations/blackbird_walking/realtime_ws/install/blackbird_ros2/lib/blackbird_ros2/libBlackbirdContactPlugin.so
-- Up-to-date: /home/ahoque245/Projects/simulations/blackbird_walking/realtime_ws/install/blackbird_ros2/lib/blackbird_ros2/effort_example_cpp
-- Up-to-date: /home/ahoque245/Projects/simulations/blackbird_walking/realtime_ws/install/blackbird_ros2/lib/blackbird_ros2/reverse_effort_cpp
-- Up-to-date: /home/ahoque245/Projects/simulations/blackbird_walking/realtime_ws/install/blackbird_ros2/share/ament_index/resource_index/package_run_dependencies/blackbird_ros2
-- Up-to-date: /home/ahoque245/Projects/simulations/blackbird_walking/realtime_ws/install/blackbird_ros2/share/ament_index/resource_index/parent_prefix_path/blackbird_ros2
-- Up-to-date: /home/ahoque245/Projects/simulations/blackbird_walking/realtime_ws/install/blackbird_ros2/share/blackbird_ros2/environment/ament_prefix_path.sh
-- Up-to-date: /home/ahoque245/Projects/simulations/blackbird_walking/realtime_ws/install/blackbird_ros2/share/blackbird_ros2/environment/ament_prefix_path.dsv
-- Up-to-date: /home/ahoque245/Projects/simulations/blackbird_walking/realtime_ws/install/blackbird_ros2/share/blackbird_ros2/environment/path.sh
-- Up-to-date: /home/ahoque245/Projects/simulations/blackbird_walking/realtime_ws/install/blackbird_ros2/share/blackbird_ros2/environment/path.dsv
-- Up-to-date: /home/ahoque245/Projects/simulations/blackbird_walking/realtime_ws/install/blackbird_ros2/share/blackbird_ros2/local_setup.bash
-- Up-to-date: /home/ahoque245/Projects/simulations/blackbird_walking/realtime_ws/install/blackbird_ros2/share/blackbird_ros2/local_setup.sh
-- Up-to-date: /home/ahoque245/Projects/simulations/blackbird_walking/realtime_ws/install/blackbird_ros2/share/blackbird_ros2/local_setup.zsh
-- Up-to-date: /home/ahoque245/Projects/simulations/blackbird_walking/realtime_ws/install/blackbird_ros2/share/blackbird_ros2/local_setup.dsv
-- Installing: /home/ahoque245/Projects/simulations/blackbird_walking/realtime_ws/install/blackbird_ros2/share/blackbird_ros2/package.dsv
-- Up-to-date: /home/ahoque245/Projects/simulations/blackbird_walking/realtime_ws/install/blackbird_ros2/share/ament_index/resource_index/packages/blackbird_ros2
-- Up-to-date: /home/ahoque245/Projects/simulations/blackbird_walking/realtime_ws/install/blackbird_ros2/share/blackbird_ros2/cmake/ament_cmake_export_include_directories-extras.cmake
-- Up-to-date: /home/ahoque245/Projects/simulations/blackbird_walking/realtime_ws/install/blackbird_ros2/share/blackbird_ros2/cmake/blackbird_ros2Config.cmake
-- Up-to-date: /home/ahoque245/Projects/simulations/blackbird_walking/realtime_ws/install/blackbird_ros2/share/blackbird_ros2/cmake/blackbird_ros2Config-version.cmake
-- Up-to-date: /home/ahoque245/Projects/simulations/blackbird_walking/realtime_ws/install/blackbird_ros2/share/blackbird_ros2/package.xml
