[0.013s] Invoking command in '/home/ahoque245/Projects/simulations/blackbird_walking/realtime_ws/build/blackbird_ros2': CMAKE_PREFIX_PATH=${CMAKE_PREFIX_PATH}:/opt/ros/jazzy DEBUGINFOD_URLS=https://debuginfod.ubuntu.com /usr/bin/cmake --build /home/ahoque245/Projects/simulations/blackbird_walking/realtime_ws/build/blackbird_ros2 -- -j22 -l22
[0.035s] -- Found ament_cmake: 2.5.2 (/opt/ros/jazzy/share/ament_cmake/cmake)
[0.191s] -- Found control_msgs: 5.3.0 (/opt/ros/jazzy/share/control_msgs/cmake)
[0.208s] -- Found rosidl_generator_c: 4.6.4 (/opt/ros/jazzy/share/rosidl_generator_c/cmake)
[0.213s] -- Found rosidl_generator_cpp: 4.6.4 (/opt/ros/jazzy/share/rosidl_generator_cpp/cmake)
[0.220s] -- Using all available rosidl_typesupport_c: rosidl_typesupport_fastrtps_c;rosidl_typesupport_introspection_c
[0.228s] -- Using all available rosidl_typesupport_cpp: rosidl_typesupport_fastrtps_cpp;rosidl_typesupport_introspection_cpp
[0.331s] -- Found pluginlib: 5.4.2 (/opt/ros/jazzy/share/pluginlib/cmake)
[0.334s] -- Found TinyXML2 via Config file: /usr/lib/x86_64-linux-gnu/cmake/tinyxml2
[0.335s] -- Found rclcpp: 28.1.5 (/opt/ros/jazzy/share/rclcpp/cmake)
[0.358s] -- Found rmw_implementation_cmake: 7.3.1 (/opt/ros/jazzy/share/rmw_implementation_cmake/cmake)
[0.359s] -- Found rmw_fastrtps_cpp: 8.4.1 (/opt/ros/jazzy/share/rmw_fastrtps_cpp/cmake)
[0.370s] -- Found TinyXML2 via Config file: /usr/lib/x86_64-linux-gnu/cmake/tinyxml2
[0.382s] -- Found TinyXML2 via Config file: /usr/lib/x86_64-linux-gnu/cmake/tinyxml2
[0.401s] -- Found TinyXML2 via Config file: /usr/lib/x86_64-linux-gnu/cmake/tinyxml2
[0.408s] -- Found TinyXML2 via Config file: /usr/lib/x86_64-linux-gnu/cmake/tinyxml2
[0.417s] -- Using RMW implementation 'rmw_fastrtps_cpp' as default
[0.456s] -- Found rclcpp_action: 28.1.5 (/opt/ros/jazzy/share/rclcpp_action/cmake)
[0.462s] -- Looking for gz-sim8 -- found version 8.7.0
[0.465s] -- Searching for dependencies of gz-sim8
[0.465s] -- Looking for sdformat14 -- found version 14.5.0
[0.466s] -- Searching for dependencies of sdformat14
[0.471s] -- Checking for module 'tinyxml2'
[0.487s] --   Found tinyxml2, version 10.0.0
[0.522s] -- Looking for gz-math7 -- found version 7.5.1
[0.522s] -- Searching for dependencies of gz-math7
[0.522s] -- Looking for gz-utils2 -- found version 2.2.0
[0.522s] -- Searching for dependencies of gz-utils2
[0.523s] -- Looking for gz-utils2 -- found version 2.2.0
[0.523s] -- Searching for dependencies of gz-utils2
[0.523s] -- Searching for <gz-utils2> component [cli]
[0.523s] -- Looking for gz-utils2-cli -- found version 2.2.0
[0.523s] -- Searching for dependencies of gz-utils2-cli
[0.524s] -- Looking for gz-plugin2 -- found version 2.0.3
[0.524s] -- Searching for dependencies of gz-plugin2
[0.524s] -- Looking for gz-utils2 -- found version 2.2.0
[0.525s] -- Searching for <gz-plugin2> component [loader]
[0.525s] -- Looking for gz-plugin2-loader -- found version 2.0.3
[0.525s] -- Searching for dependencies of gz-plugin2-loader
[0.525s] -- Searching for <gz-plugin2> component [register]
[0.525s] -- Looking for gz-plugin2-register -- found version 2.0.3
[0.525s] -- Searching for dependencies of gz-plugin2-register
[0.526s] -- Looking for gz-transport13 -- found version 13.4.0
[0.526s] -- Searching for dependencies of gz-transport13
[0.548s] -- Config-file not installed for ZeroMQ -- checking for pkg-config
[0.551s] -- Checking for module 'libzmq >= 4'
[0.566s] --   Found libzmq, version 4.3.5
[0.618s] -- Checking for module 'uuid'
[0.635s] --   Found uuid, version 2.39.3
[0.671s] -- Looking for gz-utils2 -- found version 2.2.0
[0.671s] -- Looking for gz-msgs10 -- found version 10.3.1
[0.672s] -- Searching for dependencies of gz-msgs10
[0.687s] -- Looking for gz-utils2 -- found version 2.2.0
[0.687s] -- Looking for gz-math7 -- found version 7.5.1
[0.796s] -- Searching for <gz-transport13> component [log]
[0.796s] -- Looking for gz-transport13-log -- found version 13.4.0
[0.796s] -- Searching for dependencies of gz-transport13-log
[0.796s] -- Searching for <gz-transport13> component [parameters]
[0.797s] -- Looking for gz-transport13-parameters -- found version 13.4.0
[0.797s] -- Searching for dependencies of gz-transport13-parameters
[0.797s] -- Looking for gz-msgs10 -- found version 10.3.1
[0.798s] -- Looking for gz-common5 -- found version 5.7.0
[0.798s] -- Searching for dependencies of gz-common5
[0.798s] -- Looking for gz-utils2 -- found version 2.2.0
[0.798s] -- Looking for dlfcn.h - found
[0.798s] -- Looking for libdl - found
[0.805s] -- Searching for <gz-common5> component [av]
[0.805s] -- Looking for gz-common5-av -- found version 5.7.0
[0.805s] -- Searching for dependencies of gz-common5-av
[0.814s] -- Checking for module 'libswscale'
[0.836s] --   Found libswscale, version 7.5.100
[0.882s] -- Checking for module 'libavdevice >= 56.4.100'
[0.897s] --   Found libavdevice, version 60.3.100
[0.952s] -- Checking for module 'libavformat'
[0.969s] --   Found libavformat, version 60.16.100
[1.014s] -- Checking for module 'libavcodec'
[1.027s] --   Found libavcodec, version 60.31.102
[1.070s] -- Checking for module 'libavutil'
[1.085s] --   Found libavutil, version 58.29.100
[1.121s] -- Searching for <gz-common5> component [events]
[1.121s] -- Looking for gz-common5-events -- found version 5.7.0
[1.121s] -- Searching for dependencies of gz-common5-events
[1.122s] -- Looking for gz-math7 -- found version 7.5.1
[1.122s] -- Searching for <gz-common5> component [graphics]
[1.123s] -- Looking for gz-common5-graphics -- found version 5.7.0
[1.123s] -- Searching for dependencies of gz-common5-graphics
[1.123s] -- Looking for gz-math7 -- found version 7.5.1
[1.126s] -- Searching for <gz-common5> component [io]
[1.126s] -- Looking for gz-common5-io -- found version 5.7.0
[1.126s] -- Searching for dependencies of gz-common5-io
[1.127s] -- Searching for <gz-common5> component [profiler]
[1.127s] -- Looking for gz-common5-profiler -- found version 5.7.0
[1.127s] -- Searching for dependencies of gz-common5-profiler
[1.128s] -- Looking for gz-fuel_tools9 -- found version 9.1.0
[1.128s] -- Searching for dependencies of gz-fuel_tools9
[1.163s] -- Checking for module 'jsoncpp'
[1.178s] --   Found jsoncpp, version 1.9.5
[1.230s] -- Checking for module 'yaml-0.1'
[1.245s] --   Found yaml-0.1, version 0.2.5
[1.288s] -- Checking for module 'libzip'
[1.305s] --   Found libzip, version 1.7.3
[1.339s] -- Looking for gz-utils2 -- found version 2.2.0
[1.339s] -- Looking for gz-common5 -- found version 5.7.0
[1.339s] -- Searching for dependencies of gz-common5
[1.340s] -- Looking for gz-utils2 -- found version 2.2.0
[1.340s] -- Looking for dlfcn.h - found
[1.340s] -- Looking for libdl - found
[1.345s] -- Searching for <gz-common5> component [testing]
[1.345s] -- Looking for gz-common5-testing -- found version 5.7.0
[1.345s] -- Searching for dependencies of gz-common5-testing
[1.346s] -- Looking for gz-math7 -- found version 7.5.1
[1.346s] -- Looking for gz-msgs10 -- found version 10.3.1
[1.347s] -- Looking for gz-gui8 -- found version 8.3.0
[1.347s] -- Searching for dependencies of gz-gui8
[1.365s] -- Looking for gz-utils2 -- found version 2.2.0
[1.366s] -- Looking for gz-math7 -- found version 7.5.1
[1.366s] -- Looking for gz-common5 -- found version 5.7.0
[1.366s] -- Looking for gz-plugin2 -- found version 2.0.3
[1.367s] -- Looking for gz-transport13 -- found version 13.4.0
[1.367s] -- Looking for gz-rendering8 -- found version 8.2.1
[1.367s] -- Searching for dependencies of gz-rendering8
[1.368s] -- Looking for gz-math7 -- found version 7.5.1
[1.368s] -- Searching for dependencies of gz-math7
[1.368s] -- Looking for gz-utils2 -- found version 2.2.0
[1.368s] -- Searching for <gz-math7> component [eigen3]
[1.369s] -- Looking for gz-math7-eigen3 -- found version 7.5.1
[1.369s] -- Searching for dependencies of gz-math7-eigen3
[1.370s] -- Looking for gz-common5 -- found version 5.7.0
[1.371s] -- Searching for dependencies of gz-common5
[1.371s] -- Looking for gz-utils2 -- found version 2.2.0
[1.371s] -- Looking for dlfcn.h - found
[1.371s] -- Looking for libdl - found
[1.381s] -- Searching for <gz-common5> component [graphics]
[1.381s] -- Searching for <gz-common5> component [events]
[1.381s] -- Searching for <gz-common5> component [geospatial]
[1.381s] -- Looking for gz-common5-geospatial -- found version 5.7.0
[1.381s] -- Searching for dependencies of gz-common5-geospatial
[1.381s] -- Looking for gz-math7 -- found version 7.5.1
[1.381s] -- Looking for gz-common5 -- found version 5.7.0
[1.382s] -- Looking for gz-plugin2 -- found version 2.0.3
[1.382s] -- Searching for dependencies of gz-plugin2
[1.382s] -- Looking for gz-utils2 -- found version 2.2.0
[1.382s] -- Searching for <gz-plugin2> component [all]
[1.383s] -- Looking for all libraries of gz-plugin2 -- found version 2.0.3
[1.383s] -- Looking for gz-plugin2 -- found version 2.0.3
[1.383s] -- Looking for gz-utils2 -- found version 2.2.0
[1.386s] -- Looking for gz-msgs10 -- found version 10.3.1
[1.395s] -- Looking for gz-physics7 -- found version 7.4.0
[1.395s] -- Searching for dependencies of gz-physics7
[1.396s] -- Looking for gz-common5 -- found version 5.7.0
[1.396s] -- Looking for gz-math7 -- found version 7.5.1
[1.396s] -- Looking for gz-plugin2 -- found version 2.0.3
[1.396s] -- Looking for gz-utils2 -- found version 2.2.0
[1.397s] -- Searching for <gz-physics7> component [heightmap]
[1.397s] -- Looking for gz-physics7-heightmap -- found version 7.4.0
[1.397s] -- Searching for dependencies of gz-physics7-heightmap
[1.397s] -- Looking for gz-common5 -- found version 5.7.0
[1.398s] -- Searching for <gz-physics7> component [mesh]
[1.398s] -- Looking for gz-physics7-mesh -- found version 7.4.0
[1.398s] -- Searching for dependencies of gz-physics7-mesh
[1.398s] -- Looking for gz-common5 -- found version 5.7.0
[1.399s] -- Searching for <gz-physics7> component [sdf]
[1.399s] -- Looking for gz-physics7-sdf -- found version 7.4.0
[1.399s] -- Searching for dependencies of gz-physics7-sdf
[1.399s] -- Looking for sdformat14 -- found version 14.5.0
[1.400s] -- Looking for gz-sensors8 -- found version 8.2.1
[1.400s] -- Searching for dependencies of gz-sensors8
[1.413s] -- Looking for gz-math7 -- found version 7.5.1
[1.413s] -- Looking for gz-common5 -- found version 5.7.0
[1.414s] -- Looking for gz-transport13 -- found version 13.4.0
[1.414s] -- Looking for gz-rendering8 -- found version 8.2.1
[1.414s] -- Looking for gz-msgs10 -- found version 10.3.1
[1.414s] -- Looking for sdformat14 -- found version 14.5.0
[1.415s] -- Searching for <gz-sensors8> component [air_pressure]
[1.415s] -- Looking for gz-sensors8-air_pressure -- found version 8.2.1
[1.415s] -- Searching for dependencies of gz-sensors8-air_pressure
[1.416s] -- Searching for <gz-sensors8> component [air_speed]
[1.416s] -- Looking for gz-sensors8-air_speed -- found version 8.2.1
[1.416s] -- Searching for dependencies of gz-sensors8-air_speed
[1.416s] -- Searching for <gz-sensors8> component [altimeter]
[1.416s] -- Looking for gz-sensors8-altimeter -- found version 8.2.1
[1.417s] -- Searching for dependencies of gz-sensors8-altimeter
[1.417s] -- Searching for <gz-sensors8> component [imu]
[1.417s] -- Looking for gz-sensors8-imu -- found version 8.2.1
[1.417s] -- Searching for dependencies of gz-sensors8-imu
[1.417s] -- Searching for <gz-sensors8> component [force_torque]
[1.418s] -- Looking for gz-sensors8-force_torque -- found version 8.2.1
[1.418s] -- Searching for dependencies of gz-sensors8-force_torque
[1.418s] -- Searching for <gz-sensors8> component [logical_camera]
[1.418s] -- Looking for gz-sensors8-logical_camera -- found version 8.2.1
[1.418s] -- Searching for dependencies of gz-sensors8-logical_camera
[1.419s] -- Searching for <gz-sensors8> component [magnetometer]
[1.419s] -- Looking for gz-sensors8-magnetometer -- found version 8.2.1
[1.419s] -- Searching for dependencies of gz-sensors8-magnetometer
[1.419s] -- Searching for <gz-sensors8> component [navsat]
[1.420s] -- Looking for gz-sensors8-navsat -- found version 8.2.1
[1.420s] -- Searching for dependencies of gz-sensors8-navsat
[1.420s] -- Searching for <gz-sensors8> component [dvl]
[1.420s] -- Looking for gz-sensors8-dvl -- found version 8.2.1
[1.420s] -- Searching for dependencies of gz-sensors8-dvl
[1.421s] -- Looking for gz-sensors8 -- found version 8.2.1
[1.421s] -- Searching for dependencies of gz-sensors8
[1.436s] -- Looking for gz-math7 -- found version 7.5.1
[1.437s] -- Looking for gz-common5 -- found version 5.7.0
[1.437s] -- Looking for gz-transport13 -- found version 13.4.0
[1.437s] -- Looking for gz-rendering8 -- found version 8.2.1
[1.438s] -- Looking for gz-msgs10 -- found version 10.3.1
[1.438s] -- Looking for sdformat14 -- found version 14.5.0
[1.438s] -- Searching for <gz-sensors8> component [rendering]
[1.438s] -- Looking for gz-sensors8-rendering -- found version 8.2.1
[1.438s] -- Searching for dependencies of gz-sensors8-rendering
[1.439s] -- Searching for <gz-sensors8> component [rendering]
[1.439s] -- Searching for <gz-sensors8> component [lidar]
[1.439s] -- Looking for gz-sensors8-lidar -- found version 8.2.1
[1.439s] -- Searching for dependencies of gz-sensors8-lidar
[1.440s] -- Looking for gz-sensors8 -- found version 8.2.1
[1.440s] -- Searching for <gz-sensors8> component [gpu_lidar]
[1.440s] -- Looking for gz-sensors8-gpu_lidar -- found version 8.2.1
[1.440s] -- Searching for dependencies of gz-sensors8-gpu_lidar
[1.441s] -- Looking for gz-sensors8 -- found version 8.2.1
[1.441s] -- Searching for <gz-sensors8> component [camera]
[1.441s] -- Looking for gz-sensors8-camera -- found version 8.2.1
[1.441s] -- Searching for dependencies of gz-sensors8-camera
[1.441s] -- Looking for gz-sensors8 -- found version 8.2.1
[1.442s] -- Searching for <gz-sensors8> component [boundingbox_camera]
[1.442s] -- Looking for gz-sensors8-boundingbox_camera -- found version 8.2.1
[1.442s] -- Searching for dependencies of gz-sensors8-boundingbox_camera
[1.442s] -- Searching for <gz-sensors8> component [segmentation_camera]
[1.443s] -- Looking for gz-sensors8-segmentation_camera -- found version 8.2.1
[1.443s] -- Searching for dependencies of gz-sensors8-segmentation_camera
[1.443s] -- Searching for <gz-sensors8> component [depth_camera]
[1.443s] -- Looking for gz-sensors8-depth_camera -- found version 8.2.1
[1.443s] -- Searching for dependencies of gz-sensors8-depth_camera
[1.444s] -- Looking for gz-sensors8 -- found version 8.2.1
[1.444s] -- Searching for <gz-sensors8> component [rgbd_camera]
[1.444s] -- Looking for gz-sensors8-rgbd_camera -- found version 8.2.1
[1.444s] -- Searching for dependencies of gz-sensors8-rgbd_camera
[1.445s] -- Looking for gz-sensors8 -- found version 8.2.1
[1.445s] -- Searching for <gz-sensors8> component [thermal_camera]
[1.445s] -- Looking for gz-sensors8-thermal_camera -- found version 8.2.1
[1.445s] -- Searching for dependencies of gz-sensors8-thermal_camera
[1.446s] -- Looking for gz-sensors8 -- found version 8.2.1
[1.446s] -- Searching for <gz-sensors8> component [wide_angle_camera]
[1.446s] -- Looking for gz-sensors8-wide_angle_camera -- found version 8.2.1
[1.446s] -- Searching for dependencies of gz-sensors8-wide_angle_camera
[1.447s] -- Looking for gz-rendering8 -- found version 8.2.1
[1.447s] -- Looking for gz-math7 -- found version 7.5.1
[1.448s] -- Looking for gz-utils2 -- found version 2.2.0
[1.461s] -- Looking for gz-plugin2 -- found version 2.0.3
[1.462s] [31mCMake Error at CMakeLists.txt:54 (target_include_directories):
[1.462s]   Cannot specify include directories for target "BlackbirdPosePublisher"
[1.463s]   which is not built by this project.
[1.463s] 
[1.463s] [0m
[1.463s] [31mCMake Error at /opt/ros/jazzy/share/ament_cmake_target_dependencies/cmake/ament_target_dependencies.cmake:42 (message):
[1.463s]   ament_target_dependencies() the first argument must be a valid target name
[1.463s] Call Stack (most recent call first):
[1.463s]   CMakeLists.txt:56 (ament_target_dependencies)
[1.463s] 
[1.463s] [0m
[1.463s] -- Configuring incomplete, errors occurred!
[1.470s] gmake: *** [Makefile:308: cmake_check_build_system] Error 1
[1.473s] Invoked command in '/home/ahoque245/Projects/simulations/blackbird_walking/realtime_ws/build/blackbird_ros2' returned '2': CMAKE_PREFIX_PATH=${CMAKE_PREFIX_PATH}:/opt/ros/jazzy DEBUGINFOD_URLS=https://debuginfod.ubuntu.com /usr/bin/cmake --build /home/ahoque245/Projects/simulations/blackbird_walking/realtime_ws/build/blackbird_ros2 -- -j22 -l22
