[0.009s] Invoking command in '/home/ahoque245/Projects/simulations/blackbird_walking/realtime_ws/build/blackbird_ros2': CMAKE_PREFIX_PATH=${CMAKE_PREFIX_PATH}:/opt/ros/jazzy DEBUGINFOD_URLS=https://debuginfod.ubuntu.com /usr/bin/cmake --build /home/ahoque245/Projects/simulations/blackbird_walking/realtime_ws/build/blackbird_ros2 -- -j22 -l22
[0.062s] [ 33%] Built target reverse_effort_cpp
[0.064s] [ 66%] Built target effort_example_cpp
[0.069s] [ 83%] [32mBuilding CXX object CMakeFiles/BlackbirdContactPlugin.dir/src/ContactPlugin.cpp.o[0m
[2.527s] In file included from [01m[K/home/ahoque245/Projects/simulations/blackbird_walking/realtime_ws/src/blackbird_ros2/src/ContactPlugin.cpp:1[m[K:
[2.527s] [01m[K/home/ahoque245/Projects/simulations/blackbird_walking/realtime_ws/src/blackbird_ros2/include/ContactPlugin.h:31:1:[m[K [01;31m[Kerror: [m[Kexpected ‘[01m[K,[m[K’ or ‘[01m[K;[m[K’ before ‘[01m[Knamespace[m[K’
[2.528s]    31 | [01;31m[Knamespace[m[K blackbird_ros2{
[2.528s]       | [01;31m[K^~~~~~~~~[m[K
[2.530s] [01m[K/home/ahoque245/Projects/simulations/blackbird_walking/realtime_ws/src/blackbird_ros2/src/ContactPlugin.cpp:4:5:[m[K [01;31m[Kerror: [m[K‘[01m[KBlackbirdContactPlugin[m[K’ does not name a type; did you mean ‘[01m[KBlackbirdContactPlugin_EXPORTS[m[K’?
[2.530s]     4 |     [01;31m[KBlackbirdContactPlugin[m[K::BlackbirdContactPlugin(): gz::sim::System()
[2.530s]       |     [01;31m[K^~~~~~~~~~~~~~~~~~~~~~[m[K
[2.530s]       |     [32m[KBlackbirdContactPlugin_EXPORTS[m[K
[2.533s] [01m[K/home/ahoque245/Projects/simulations/blackbird_walking/realtime_ws/src/blackbird_ros2/src/ContactPlugin.cpp:12:5:[m[K [01;31m[Kerror: [m[K‘[01m[KBlackbirdContactPlugin[m[K’ does not name a type; did you mean ‘[01m[KBlackbirdContactPlugin_EXPORTS[m[K’?
[2.533s]    12 |     [01;31m[KBlackbirdContactPlugin[m[K::~BlackbirdContactPlugin(){
[2.533s]       |     [01;31m[K^~~~~~~~~~~~~~~~~~~~~~[m[K
[2.533s]       |     [32m[KBlackbirdContactPlugin_EXPORTS[m[K
[2.536s] [01m[K/home/ahoque245/Projects/simulations/blackbird_walking/realtime_ws/src/blackbird_ros2/src/ContactPlugin.cpp:16:5:[m[K [01;31m[Kerror: [m[K‘[01m[KBlackbirdContactPlugin[m[K’ does not name a type; did you mean ‘[01m[KBlackbirdContactPlugin_EXPORTS[m[K’?
[2.536s]    16 |     [01;31m[KBlackbirdContactPlugin[m[K::Configure()(const gz::sim::Entity& entity,
[2.536s]       |     [01;31m[K^~~~~~~~~~~~~~~~~~~~~~[m[K
[2.536s]       |     [32m[KBlackbirdContactPlugin_EXPORTS[m[K
[2.538s] [01m[K/home/ahoque245/Projects/simulations/blackbird_walking/realtime_ws/src/blackbird_ros2/src/ContactPlugin.cpp:47:5:[m[K [01;31m[Kerror: [m[K‘[01m[KBlackbirdContactPlugin[m[K’ does not name a type; did you mean ‘[01m[KBlackbirdContactPlugin_EXPORTS[m[K’?
[2.539s]    47 |     [01;31m[KBlackbirdContactPlugin[m[K::PostUpdate(const gz::sim::UpdateInfo& info,
[2.539s]       |     [01;31m[K^~~~~~~~~~~~~~~~~~~~~~[m[K
[2.539s]       |     [32m[KBlackbirdContactPlugin_EXPORTS[m[K
[2.540s] In file included from [01m[K/opt/ros/jazzy/opt/gz_plugin_vendor/include/gz/plugin2/gz/plugin/Register.hh:22[m[K,
[2.540s]                  from [01m[K/home/ahoque245/Projects/simulations/blackbird_walking/realtime_ws/src/blackbird_ros2/include/ContactPlugin.h:20[m[K:
[2.540s] [01m[K/home/ahoque245/Projects/simulations/blackbird_walking/realtime_ws/src/blackbird_ros2/src/ContactPlugin.cpp:[m[K In constructor ‘[01m[Kgz::plugin::{anonymous}::ExecuteWhenLoadingLibrary0::[01;32m[KExecuteWhenLoadingLibrary0[m[K()[m[K’:
[2.540s] [01m[K/home/ahoque245/Projects/simulations/blackbird_walking/realtime_ws/src/blackbird_ros2/src/ContactPlugin.cpp:85:21:[m[K [01;31m[Kerror: [m[K‘[01m[KBlackbirdContactPlugin[m[K’ is not a member of ‘[01m[Kblackbird_ros2[m[K’
[2.540s]    85 |     blackbird_ros2::[01;31m[KBlackbirdContactPlugin[m[K,
[2.541s]       |                     [01;31m[K^~~~~~~~~~~~~~~~~~~~~~[m[K
[2.541s] [01m[K/home/ahoque245/Projects/simulations/blackbird_walking/realtime_ws/src/blackbird_ros2/src/ContactPlugin.cpp:87:21:[m[K [01;31m[Kerror: [m[K‘[01m[KBlackbirdPosePublisher[m[K’ is not a member of ‘[01m[Kblackbird_ros2[m[K’
[2.541s]    87 |     blackbird_ros2::[01;31m[KBlackbirdPosePublisher[m[K::ISystemConfigure,
[2.541s]       |                     [01;31m[K^~~~~~~~~~~~~~~~~~~~~~[m[K
[2.541s] [01m[K/home/ahoque245/Projects/simulations/blackbird_walking/realtime_ws/src/blackbird_ros2/src/ContactPlugin.cpp:84:1:[m[K [01;31m[Kerror: [m[Ktemplate argument 1 is invalid
[2.541s]    84 | [01;31m[KGZ_ADD_PLUGIN[m[K(
[2.541s]       | [01;31m[K^~~~~~~~~~~~~[m[K
[2.541s] [01m[K/home/ahoque245/Projects/simulations/blackbird_walking/realtime_ws/src/blackbird_ros2/src/ContactPlugin.cpp:84:1:[m[K [01;31m[Kerror: [m[Ktemplate argument 3 is invalid
[2.541s] [01m[K/home/ahoque245/Projects/simulations/blackbird_walking/realtime_ws/src/blackbird_ros2/src/ContactPlugin.cpp:84:1:[m[K [01;31m[Kerror: [m[Kqualified-id in declaration before ‘[01m[K([m[K’ token
[2.541s]    84 | [01;31m[KGZ_ADD_PLUGIN[m[K(
[2.541s]       | [01;31m[K^~~~~~~~~~~~~[m[K
[3.206s] gmake[2]: *** [CMakeFiles/BlackbirdContactPlugin.dir/build.make:76: CMakeFiles/BlackbirdContactPlugin.dir/src/ContactPlugin.cpp.o] Error 1
[3.206s] gmake[1]: *** [CMakeFiles/Makefile2:141: CMakeFiles/BlackbirdContactPlugin.dir/all] Error 2
[3.206s] gmake: *** [Makefile:146: all] Error 2
[3.209s] Invoked command in '/home/ahoque245/Projects/simulations/blackbird_walking/realtime_ws/build/blackbird_ros2' returned '2': CMAKE_PREFIX_PATH=${CMAKE_PREFIX_PATH}:/opt/ros/jazzy DEBUGINFOD_URLS=https://debuginfod.ubuntu.com /usr/bin/cmake --build /home/ahoque245/Projects/simulations/blackbird_walking/realtime_ws/build/blackbird_ros2 -- -j22 -l22
