[0.010s] Invoking command in '/home/ahoque245/Projects/simulations/blackbird_walking/realtime_ws/build/blackbird_ros2': CMAKE_PREFIX_PATH=${CMAKE_PREFIX_PATH}:/opt/ros/jazzy DEBUGINFOD_URLS=https://debuginfod.ubuntu.com /usr/bin/cmake --build /home/ahoque245/Projects/simulations/blackbird_walking/realtime_ws/build/blackbird_ros2 -- -j22 -l22
[0.065s] [ 66%] Built target reverse_effort_cpp
[0.065s] [ 66%] Built target effort_example_cpp
[0.071s] [ 83%] [32mBuilding CXX object CMakeFiles/BlackbirdContactPlugin.dir/src/ContactPlugin.cpp.o[0m
[2.552s] [01m[K/home/ahoque245/Projects/simulations/blackbird_walking/realtime_ws/src/blackbird_ros2/src/ContactPlugin.cpp:[m[K In constructor ‘[01m[Kblackbird_ros2::BlackbirdContactPlugin::[01;32m[KBlackbirdContactPlugin[m[K()[m[K’:
[2.552s] [01m[K/home/ahoque245/Projects/simulations/blackbird_walking/realtime_ws/src/blackbird_ros2/src/ContactPlugin.cpp:9:9:[m[K [01;31m[Kerror: [m[K‘[01m[Kmsg[m[K’ was not declared in this scope
[2.553s]     9 |         [01;31m[Kmsg[m[K.resize(3);
[2.553s]       |         [01;31m[K^~~[m[K
[2.553s] [01m[K/home/ahoque245/Projects/simulations/blackbird_walking/realtime_ws/src/blackbird_ros2/src/ContactPlugin.cpp:9:9:[m[K [01;36m[Knote: [m[Ksuggested alternatives:
[2.553s] In file included from [01m[K/opt/ros/jazzy/include/rcl_interfaces/rcl_interfaces/srv/detail/list_parameters__struct.hpp:156[m[K,
[2.553s]                  from [01m[K/opt/ros/jazzy/include/rcl_interfaces/rcl_interfaces/srv/list_parameters.hpp:7[m[K,
[2.554s]                  from [01m[K/opt/ros/jazzy/include/rclcpp/rclcpp/copy_all_parameter_values.hpp:21[m[K,
[2.554s]                  from [01m[K/opt/ros/jazzy/include/rclcpp/rclcpp/rclcpp.hpp:171[m[K,
[2.554s]                  from [01m[K/home/ahoque245/Projects/simulations/blackbird_walking/realtime_ws/src/blackbird_ros2/include/ContactPlugin.h:22[m[K,
[2.554s]                  from [01m[K/home/ahoque245/Projects/simulations/blackbird_walking/realtime_ws/src/blackbird_ros2/src/ContactPlugin.cpp:1[m[K:
[2.554s] [01m[K/opt/ros/jazzy/include/rcl_interfaces/rcl_interfaces/msg/detail/list_parameters_result__struct.hpp:30:11:[m[K [01;36m[Knote: [m[K  ‘[01m[Krcl_interfaces::msg[m[K’
[2.554s]    30 | namespace [01;36m[Kmsg[m[K
[2.555s]       |           [01;36m[K^~~[m[K
[2.555s] In file included from [01m[K/opt/ros/jazzy/include/service_msgs/service_msgs/msg/detail/service_event_info__struct.hpp:23[m[K,
[2.555s]                  from [01m[K/opt/ros/jazzy/include/rcl_interfaces/rcl_interfaces/srv/detail/list_parameters__struct.hpp:267[m[K:
[2.555s] [01m[K/opt/ros/jazzy/include/builtin_interfaces/builtin_interfaces/msg/detail/time__struct.hpp:30:11:[m[K [01;36m[Knote: [m[K  ‘[01m[Kbuiltin_interfaces::msg[m[K’
[2.555s]    30 | namespace [01;36m[Kmsg[m[K
[2.555s]       |           [01;36m[K^~~[m[K
[2.555s] [01m[K/opt/ros/jazzy/include/service_msgs/service_msgs/msg/detail/service_event_info__struct.hpp:34:11:[m[K [01;36m[Knote: [m[K  ‘[01m[Kservice_msgs::msg[m[K’
[2.555s]    34 | namespace [01;36m[Kmsg[m[K
[2.555s]       |           [01;36m[K^~~[m[K
[2.555s] In file included from [01m[K/opt/ros/jazzy/include/statistics_msgs/statistics_msgs/msg/detail/metrics_message__struct.hpp:26[m[K,
[2.556s]                  from [01m[K/opt/ros/jazzy/include/statistics_msgs/statistics_msgs/msg/metrics_message.hpp:7[m[K,
[2.556s]                  from [01m[K/opt/ros/jazzy/include/libstatistics_collector/libstatistics_collector/collector/generate_statistics_message.hpp:21[m[K,
[2.556s]                  from [01m[K/opt/ros/jazzy/include/rclcpp/rclcpp/topic_statistics/subscription_topic_statistics.hpp:23[m[K,
[2.556s]                  from [01m[K/opt/ros/jazzy/include/rclcpp/rclcpp/subscription.hpp:50[m[K,
[2.556s]                  from [01m[K/opt/ros/jazzy/include/rclcpp/rclcpp/any_executable.hpp:25[m[K,
[2.556s]                  from [01m[K/opt/ros/jazzy/include/rclcpp/rclcpp/memory_strategy.hpp:25[m[K,
[2.556s]                  from [01m[K/opt/ros/jazzy/include/rclcpp/rclcpp/memory_strategies.hpp:18[m[K,
[2.556s]                  from [01m[K/opt/ros/jazzy/include/rclcpp/rclcpp/executor_options.hpp:22[m[K,
[2.556s]                  from [01m[K/opt/ros/jazzy/include/rclcpp/rclcpp/executor.hpp:38[m[K,
[2.556s]                  from [01m[K/opt/ros/jazzy/include/rclcpp/rclcpp/executors/multi_threaded_executor.hpp:25[m[K,
[2.556s]                  from [01m[K/opt/ros/jazzy/include/rclcpp/rclcpp/executors.hpp:21[m[K,
[2.556s]                  from [01m[K/opt/ros/jazzy/include/rclcpp/rclcpp/rclcpp.hpp:172[m[K:
[2.556s] [01m[K/opt/ros/jazzy/include/statistics_msgs/statistics_msgs/msg/detail/statistic_data_point__struct.hpp:30:11:[m[K [01;36m[Knote: [m[K  ‘[01m[Kstatistics_msgs::msg[m[K’
[2.556s]    30 | namespace [01;36m[Kmsg[m[K
[2.556s]       |           [01;36m[K^~~[m[K
[2.556s] In file included from [01m[K/opt/ros/jazzy/include/std_msgs/std_msgs/msg/detail/multi_array_layout__struct.hpp:23[m[K,
[2.557s]                  from [01m[K/opt/ros/jazzy/include/std_msgs/std_msgs/msg/detail/float64_multi_array__struct.hpp:23[m[K,
[2.557s]                  from [01m[K/opt/ros/jazzy/include/std_msgs/std_msgs/msg/float64_multi_array.hpp:7[m[K,
[2.557s]                  from [01m[K/home/ahoque245/Projects/simulations/blackbird_walking/realtime_ws/src/blackbird_ros2/include/ContactPlugin.h:23[m[K:
[2.557s] [01m[K/opt/ros/jazzy/include/std_msgs/std_msgs/msg/detail/multi_array_dimension__struct.hpp:30:11:[m[K [01;36m[Knote: [m[K  ‘[01m[Kstd_msgs::msg[m[K’
[2.557s]    30 | namespace [01;36m[Kmsg[m[K
[2.557s]       |           [01;36m[K^~~[m[K
[2.557s] [01m[K/home/ahoque245/Projects/simulations/blackbird_walking/realtime_ws/src/blackbird_ros2/src/ContactPlugin.cpp:[m[K At global scope:
[2.557s] [01m[K/home/ahoque245/Projects/simulations/blackbird_walking/realtime_ws/src/blackbird_ros2/src/ContactPlugin.cpp:16:5:[m[K [01;31m[Kerror: [m[KISO C++ forbids declaration of ‘[01m[KConfigure[m[K’ with no type [[01;31m[K]8;;https://gcc.gnu.org/onlinedocs/gcc/Warning-Options.html#index-fpermissive-fpermissive]8;;[m[K]
[2.557s]    16 |     [01;31m[KBlackbirdContactPlugin[m[K::Configure()(const gz::sim::Entity& entity,
[2.557s]       |     [01;31m[K^~~~~~~~~~~~~~~~~~~~~~[m[K
[2.557s] [01m[K/home/ahoque245/Projects/simulations/blackbird_walking/realtime_ws/src/blackbird_ros2/src/ContactPlugin.cpp:19:57:[m[K [01;31m[Kerror: [m[K‘[01m[KConfigure[m[K’ declared as function returning a function
[2.557s]    19 |                         gz::sim::EventManager& event_mgr[01;31m[K)[m[K
[2.557s]       |                                                         [01;31m[K^[m[K
[2.557s] [01m[K/home/ahoque245/Projects/simulations/blackbird_walking/realtime_ws/src/blackbird_ros2/src/ContactPlugin.cpp:47:5:[m[K [01;31m[Kerror: [m[KISO C++ forbids declaration of ‘[01m[KPostUpdate[m[K’ with no type [[01;31m[K]8;;https://gcc.gnu.org/onlinedocs/gcc/Warning-Options.html#index-fpermissive-fpermissive]8;;[m[K]
[2.557s]    47 |     [01;31m[KBlackbirdContactPlugin[m[K::PostUpdate(const gz::sim::UpdateInfo& info,
[2.557s]       |     [01;31m[K^~~~~~~~~~~~~~~~~~~~~~[m[K
[2.557s] [01m[K/home/ahoque245/Projects/simulations/blackbird_walking/realtime_ws/src/blackbird_ros2/src/ContactPlugin.cpp:47:5:[m[K [01;31m[Kerror: [m[Kno declaration matches ‘[01m[Kint blackbird_ros2::BlackbirdContactPlugin::[01;32m[KPostUpdate[m[K(const gz::sim::v8::UpdateInfo&, const gz::sim::v8::EntityComponentManager&)[m[K’
[2.557s] [01m[K/home/ahoque245/Projects/simulations/blackbird_walking/realtime_ws/src/blackbird_ros2/include/ContactPlugin.h:45:14:[m[K [01;36m[Knote: [m[Kcandidate is: ‘[01m[Kvirtual void blackbird_ros2::BlackbirdContactPlugin::[01;32m[KPostUpdate[m[K(const gz::sim::v8::UpdateInfo&, const gz::sim::v8::EntityComponentManager&)[m[K’
[2.557s]    45 |         void [01;36m[KPostUpdate[m[K(const gz::sim::UpdateInfo &_info,
[2.557s]       |              [01;36m[K^~~~~~~~~~[m[K
[2.557s] [01m[K/home/ahoque245/Projects/simulations/blackbird_walking/realtime_ws/src/blackbird_ros2/include/ContactPlugin.h:32:7:[m[K [01;36m[Knote: [m[K‘[01m[Kclass blackbird_ros2::BlackbirdContactPlugin[m[K’ defined here
[2.558s]    32 | class [01;36m[KBlackbirdContactPlugin[m[K : public gz::sim::System,
[2.558s]       |       [01;36m[K^~~~~~~~~~~~~~~~~~~~~~[m[K
[2.558s] In file included from [01m[K/opt/ros/jazzy/opt/gz_plugin_vendor/include/gz/plugin2/gz/plugin/Register.hh:22[m[K,
[2.558s]                  from [01m[K/home/ahoque245/Projects/simulations/blackbird_walking/realtime_ws/src/blackbird_ros2/include/ContactPlugin.h:20[m[K:
[2.558s] [01m[K/home/ahoque245/Projects/simulations/blackbird_walking/realtime_ws/src/blackbird_ros2/src/ContactPlugin.cpp:[m[K In constructor ‘[01m[Kgz::plugin::{anonymous}::ExecuteWhenLoadingLibrary0::[01;32m[KExecuteWhenLoadingLibrary0[m[K()[m[K’:
[2.558s] [01m[K/home/ahoque245/Projects/simulations/blackbird_walking/realtime_ws/src/blackbird_ros2/src/ContactPlugin.cpp:87:21:[m[K [01;31m[Kerror: [m[K‘[01m[KBlackbirdPosePublisher[m[K’ is not a member of ‘[01m[Kblackbird_ros2[m[K’
[2.558s]    87 |     blackbird_ros2::[01;31m[KBlackbirdPosePublisher[m[K::ISystemConfigure,
[2.558s]       |                     [01;31m[K^~~~~~~~~~~~~~~~~~~~~~[m[K
[2.558s] [01m[K/home/ahoque245/Projects/simulations/blackbird_walking/realtime_ws/src/blackbird_ros2/src/ContactPlugin.cpp:84:1:[m[K [01;31m[Kerror: [m[Ktemplate argument 3 is invalid
[2.558s]    84 | [01;31m[KGZ_ADD_PLUGIN[m[K(
[2.558s]       | [01;31m[K^~~~~~~~~~~~~[m[K
[2.558s] [01m[K/home/ahoque245/Projects/simulations/blackbird_walking/realtime_ws/src/blackbird_ros2/src/ContactPlugin.cpp:84:1:[m[K [01;31m[Kerror: [m[Kqualified-id in declaration before ‘[01m[K([m[K’ token
[2.558s]    84 | [01;31m[KGZ_ADD_PLUGIN[m[K(
[2.558s]       | [01;31m[K^~~~~~~~~~~~~[m[K
[3.395s] gmake[2]: *** [CMakeFiles/BlackbirdContactPlugin.dir/build.make:76: CMakeFiles/BlackbirdContactPlugin.dir/src/ContactPlugin.cpp.o] Error 1
[3.395s] gmake[1]: *** [CMakeFiles/Makefile2:141: CMakeFiles/BlackbirdContactPlugin.dir/all] Error 2
[3.396s] gmake: *** [Makefile:146: all] Error 2
[3.402s] Invoked command in '/home/ahoque245/Projects/simulations/blackbird_walking/realtime_ws/build/blackbird_ros2' returned '2': CMAKE_PREFIX_PATH=${CMAKE_PREFIX_PATH}:/opt/ros/jazzy DEBUGINFOD_URLS=https://debuginfod.ubuntu.com /usr/bin/cmake --build /home/ahoque245/Projects/simulations/blackbird_walking/realtime_ws/build/blackbird_ros2 -- -j22 -l22
