[0.009s] Invoking command in '/home/ahoque245/Projects/simulations/blackbird_walking/realtime_ws/build/blackbird_ros2': CMAKE_PREFIX_PATH=${CMAKE_PREFIX_PATH}:/opt/ros/jazzy DEBUGINFOD_URLS=https://debuginfod.ubuntu.com /usr/bin/cmake --build /home/ahoque245/Projects/simulations/blackbird_walking/realtime_ws/build/blackbird_ros2 -- -j22 -l22
[0.034s] -- Found ament_cmake: 2.5.2 (/opt/ros/jazzy/share/ament_cmake/cmake)
[0.182s] -- Found control_msgs: 5.3.0 (/opt/ros/jazzy/share/control_msgs/cmake)
[0.197s] -- Found rosidl_generator_c: 4.6.4 (/opt/ros/jazzy/share/rosidl_generator_c/cmake)
[0.202s] -- Found rosidl_generator_cpp: 4.6.4 (/opt/ros/jazzy/share/rosidl_generator_cpp/cmake)
[0.209s] -- Using all available rosidl_typesupport_c: rosidl_typesupport_fastrtps_c;rosidl_typesupport_introspection_c
[0.217s] -- Using all available rosidl_typesupport_cpp: rosidl_typesupport_fastrtps_cpp;rosidl_typesupport_introspection_cpp
[0.320s] -- Found pluginlib: 5.4.2 (/opt/ros/jazzy/share/pluginlib/cmake)
[0.323s] -- Found TinyXML2 via Config file: /usr/lib/x86_64-linux-gnu/cmake/tinyxml2
[0.323s] -- Found rclcpp: 28.1.5 (/opt/ros/jazzy/share/rclcpp/cmake)
[0.347s] -- Found rmw_implementation_cmake: 7.3.1 (/opt/ros/jazzy/share/rmw_implementation_cmake/cmake)
[0.347s] -- Found rmw_fastrtps_cpp: 8.4.1 (/opt/ros/jazzy/share/rmw_fastrtps_cpp/cmake)
[0.358s] -- Found TinyXML2 via Config file: /usr/lib/x86_64-linux-gnu/cmake/tinyxml2
[0.367s] -- Found TinyXML2 via Config file: /usr/lib/x86_64-linux-gnu/cmake/tinyxml2
[0.378s] -- Found TinyXML2 via Config file: /usr/lib/x86_64-linux-gnu/cmake/tinyxml2
[0.387s] -- Found TinyXML2 via Config file: /usr/lib/x86_64-linux-gnu/cmake/tinyxml2
[0.394s] -- Using RMW implementation 'rmw_fastrtps_cpp' as default
[0.433s] -- Found rclcpp_action: 28.1.5 (/opt/ros/jazzy/share/rclcpp_action/cmake)
[0.440s] -- Looking for gz-sim8 -- found version 8.7.0
[0.443s] -- Searching for dependencies of gz-sim8
[0.443s] -- Looking for sdformat14 -- found version 14.5.0
[0.444s] -- Searching for dependencies of sdformat14
[0.452s] -- Checking for module 'tinyxml2'
[0.475s] --   Found tinyxml2, version 10.0.0
[0.514s] -- Looking for gz-math7 -- found version 7.5.1
[0.514s] -- Searching for dependencies of gz-math7
[0.514s] -- Looking for gz-utils2 -- found version 2.2.0
[0.514s] -- Searching for dependencies of gz-utils2
[0.516s] -- Looking for gz-utils2 -- found version 2.2.0
[0.516s] -- Searching for dependencies of gz-utils2
[0.516s] -- Searching for <gz-utils2> component [cli]
[0.516s] -- Looking for gz-utils2-cli -- found version 2.2.0
[0.516s] -- Searching for dependencies of gz-utils2-cli
[0.518s] -- Looking for gz-plugin2 -- found version 2.0.3
[0.518s] -- Searching for dependencies of gz-plugin2
[0.518s] -- Looking for gz-utils2 -- found version 2.2.0
[0.519s] -- Searching for <gz-plugin2> component [loader]
[0.519s] -- Looking for gz-plugin2-loader -- found version 2.0.3
[0.520s] -- Searching for dependencies of gz-plugin2-loader
[0.520s] -- Searching for <gz-plugin2> component [register]
[0.520s] -- Looking for gz-plugin2-register -- found version 2.0.3
[0.521s] -- Searching for dependencies of gz-plugin2-register
[0.521s] -- Looking for gz-transport13 -- found version 13.4.0
[0.522s] -- Searching for dependencies of gz-transport13
[0.547s] -- Config-file not installed for ZeroMQ -- checking for pkg-config
[0.551s] -- Checking for module 'libzmq >= 4'
[0.566s] --   Found libzmq, version 4.3.5
[0.605s] -- Checking for module 'uuid'
[0.615s] --   Found uuid, version 2.39.3
[0.650s] -- Looking for gz-utils2 -- found version 2.2.0
[0.650s] -- Looking for gz-msgs10 -- found version 10.3.1
[0.650s] -- Searching for dependencies of gz-msgs10
[0.666s] -- Looking for gz-utils2 -- found version 2.2.0
[0.666s] -- Looking for gz-math7 -- found version 7.5.1
[0.768s] -- Searching for <gz-transport13> component [log]
[0.768s] -- Looking for gz-transport13-log -- found version 13.4.0
[0.769s] -- Searching for dependencies of gz-transport13-log
[0.769s] -- Searching for <gz-transport13> component [parameters]
[0.769s] -- Looking for gz-transport13-parameters -- found version 13.4.0
[0.770s] -- Searching for dependencies of gz-transport13-parameters
[0.770s] -- Looking for gz-msgs10 -- found version 10.3.1
[0.771s] -- Looking for gz-common5 -- found version 5.7.0
[0.771s] -- Searching for dependencies of gz-common5
[0.771s] -- Looking for gz-utils2 -- found version 2.2.0
[0.771s] -- Looking for dlfcn.h - found
[0.771s] -- Looking for libdl - found
[0.775s] -- Searching for <gz-common5> component [av]
[0.775s] -- Looking for gz-common5-av -- found version 5.7.0
[0.775s] -- Searching for dependencies of gz-common5-av
[0.781s] -- Checking for module 'libswscale'
[0.800s] --   Found libswscale, version 7.5.100
[0.840s] -- Checking for module 'libavdevice >= 56.4.100'
[0.855s] --   Found libavdevice, version 60.3.100
[0.908s] -- Checking for module 'libavformat'
[0.924s] --   Found libavformat, version 60.16.100
[0.967s] -- Checking for module 'libavcodec'
[0.984s] --   Found libavcodec, version 60.31.102
[1.026s] -- Checking for module 'libavutil'
[1.041s] --   Found libavutil, version 58.29.100
[1.074s] -- Searching for <gz-common5> component [events]
[1.075s] -- Looking for gz-common5-events -- found version 5.7.0
[1.075s] -- Searching for dependencies of gz-common5-events
[1.075s] -- Looking for gz-math7 -- found version 7.5.1
[1.076s] -- Searching for <gz-common5> component [graphics]
[1.076s] -- Looking for gz-common5-graphics -- found version 5.7.0
[1.077s] -- Searching for dependencies of gz-common5-graphics
[1.077s] -- Looking for gz-math7 -- found version 7.5.1
[1.079s] -- Searching for <gz-common5> component [io]
[1.080s] -- Looking for gz-common5-io -- found version 5.7.0
[1.080s] -- Searching for dependencies of gz-common5-io
[1.081s] -- Searching for <gz-common5> component [profiler]
[1.081s] -- Looking for gz-common5-profiler -- found version 5.7.0
[1.081s] -- Searching for dependencies of gz-common5-profiler
[1.082s] -- Looking for gz-fuel_tools9 -- found version 9.1.0
[1.082s] -- Searching for dependencies of gz-fuel_tools9
[1.120s] -- Checking for module 'jsoncpp'
[1.137s] --   Found jsoncpp, version 1.9.5
[1.188s] -- Checking for module 'yaml-0.1'
[1.203s] --   Found yaml-0.1, version 0.2.5
[1.245s] -- Checking for module 'libzip'
[1.258s] --   Found libzip, version 1.7.3
[1.295s] -- Looking for gz-utils2 -- found version 2.2.0
[1.296s] -- Looking for gz-common5 -- found version 5.7.0
[1.296s] -- Searching for dependencies of gz-common5
[1.296s] -- Looking for gz-utils2 -- found version 2.2.0
[1.296s] -- Looking for dlfcn.h - found
[1.296s] -- Looking for libdl - found
[1.303s] -- Searching for <gz-common5> component [testing]
[1.303s] -- Looking for gz-common5-testing -- found version 5.7.0
[1.303s] -- Searching for dependencies of gz-common5-testing
[1.304s] -- Looking for gz-math7 -- found version 7.5.1
[1.304s] -- Looking for gz-msgs10 -- found version 10.3.1
[1.305s] -- Looking for gz-gui8 -- found version 8.3.0
[1.305s] -- Searching for dependencies of gz-gui8
[1.328s] -- Looking for gz-utils2 -- found version 2.2.0
[1.328s] -- Looking for gz-math7 -- found version 7.5.1
[1.328s] -- Looking for gz-common5 -- found version 5.7.0
[1.328s] -- Looking for gz-plugin2 -- found version 2.0.3
[1.328s] -- Looking for gz-transport13 -- found version 13.4.0
[1.329s] -- Looking for gz-rendering8 -- found version 8.2.1
[1.329s] -- Searching for dependencies of gz-rendering8
[1.329s] -- Looking for gz-math7 -- found version 7.5.1
[1.329s] -- Searching for dependencies of gz-math7
[1.329s] -- Looking for gz-utils2 -- found version 2.2.0
[1.329s] -- Searching for <gz-math7> component [eigen3]
[1.330s] -- Looking for gz-math7-eigen3 -- found version 7.5.1
[1.330s] -- Searching for dependencies of gz-math7-eigen3
[1.331s] -- Looking for gz-common5 -- found version 5.7.0
[1.331s] -- Searching for dependencies of gz-common5
[1.331s] -- Looking for gz-utils2 -- found version 2.2.0
[1.331s] -- Looking for dlfcn.h - found
[1.331s] -- Looking for libdl - found
[1.336s] -- Searching for <gz-common5> component [graphics]
[1.336s] -- Searching for <gz-common5> component [events]
[1.337s] -- Searching for <gz-common5> component [geospatial]
[1.337s] -- Looking for gz-common5-geospatial -- found version 5.7.0
[1.337s] -- Searching for dependencies of gz-common5-geospatial
[1.337s] -- Looking for gz-math7 -- found version 7.5.1
[1.337s] -- Looking for gz-common5 -- found version 5.7.0
[1.338s] -- Looking for gz-plugin2 -- found version 2.0.3
[1.338s] -- Searching for dependencies of gz-plugin2
[1.338s] -- Looking for gz-utils2 -- found version 2.2.0
[1.338s] -- Searching for <gz-plugin2> component [all]
[1.338s] -- Looking for all libraries of gz-plugin2 -- found version 2.0.3
[1.339s] -- Looking for gz-plugin2 -- found version 2.0.3
[1.339s] -- Looking for gz-utils2 -- found version 2.2.0
[1.341s] -- Looking for gz-msgs10 -- found version 10.3.1
[1.353s] -- Looking for gz-physics7 -- found version 7.4.0
[1.354s] -- Searching for dependencies of gz-physics7
[1.354s] -- Looking for gz-common5 -- found version 5.7.0
[1.354s] -- Looking for gz-math7 -- found version 7.5.1
[1.354s] -- Looking for gz-plugin2 -- found version 2.0.3
[1.354s] -- Looking for gz-utils2 -- found version 2.2.0
[1.355s] -- Searching for <gz-physics7> component [heightmap]
[1.355s] -- Looking for gz-physics7-heightmap -- found version 7.4.0
[1.355s] -- Searching for dependencies of gz-physics7-heightmap
[1.355s] -- Looking for gz-common5 -- found version 5.7.0
[1.356s] -- Searching for <gz-physics7> component [mesh]
[1.356s] -- Looking for gz-physics7-mesh -- found version 7.4.0
[1.356s] -- Searching for dependencies of gz-physics7-mesh
[1.356s] -- Looking for gz-common5 -- found version 5.7.0
[1.357s] -- Searching for <gz-physics7> component [sdf]
[1.357s] -- Looking for gz-physics7-sdf -- found version 7.4.0
[1.357s] -- Searching for dependencies of gz-physics7-sdf
[1.357s] -- Looking for sdformat14 -- found version 14.5.0
[1.358s] -- Looking for gz-sensors8 -- found version 8.2.1
[1.358s] -- Searching for dependencies of gz-sensors8
[1.371s] -- Looking for gz-math7 -- found version 7.5.1
[1.371s] -- Looking for gz-common5 -- found version 5.7.0
[1.371s] -- Looking for gz-transport13 -- found version 13.4.0
[1.372s] -- Looking for gz-rendering8 -- found version 8.2.1
[1.372s] -- Looking for gz-msgs10 -- found version 10.3.1
[1.372s] -- Looking for sdformat14 -- found version 14.5.0
[1.372s] -- Searching for <gz-sensors8> component [air_pressure]
[1.373s] -- Looking for gz-sensors8-air_pressure -- found version 8.2.1
[1.373s] -- Searching for dependencies of gz-sensors8-air_pressure
[1.373s] -- Searching for <gz-sensors8> component [air_speed]
[1.373s] -- Looking for gz-sensors8-air_speed -- found version 8.2.1
[1.373s] -- Searching for dependencies of gz-sensors8-air_speed
[1.374s] -- Searching for <gz-sensors8> component [altimeter]
[1.374s] -- Looking for gz-sensors8-altimeter -- found version 8.2.1
[1.374s] -- Searching for dependencies of gz-sensors8-altimeter
[1.374s] -- Searching for <gz-sensors8> component [imu]
[1.374s] -- Looking for gz-sensors8-imu -- found version 8.2.1
[1.374s] -- Searching for dependencies of gz-sensors8-imu
[1.375s] -- Searching for <gz-sensors8> component [force_torque]
[1.375s] -- Looking for gz-sensors8-force_torque -- found version 8.2.1
[1.375s] -- Searching for dependencies of gz-sensors8-force_torque
[1.375s] -- Searching for <gz-sensors8> component [logical_camera]
[1.375s] -- Looking for gz-sensors8-logical_camera -- found version 8.2.1
[1.376s] -- Searching for dependencies of gz-sensors8-logical_camera
[1.376s] -- Searching for <gz-sensors8> component [magnetometer]
[1.376s] -- Looking for gz-sensors8-magnetometer -- found version 8.2.1
[1.376s] -- Searching for dependencies of gz-sensors8-magnetometer
[1.376s] -- Searching for <gz-sensors8> component [navsat]
[1.377s] -- Looking for gz-sensors8-navsat -- found version 8.2.1
[1.377s] -- Searching for dependencies of gz-sensors8-navsat
[1.377s] -- Searching for <gz-sensors8> component [dvl]
[1.377s] -- Looking for gz-sensors8-dvl -- found version 8.2.1
[1.377s] -- Searching for dependencies of gz-sensors8-dvl
[1.377s] -- Looking for gz-sensors8 -- found version 8.2.1
[1.378s] -- Searching for dependencies of gz-sensors8
[1.393s] -- Looking for gz-math7 -- found version 7.5.1
[1.393s] -- Looking for gz-common5 -- found version 5.7.0
[1.394s] -- Looking for gz-transport13 -- found version 13.4.0
[1.394s] -- Looking for gz-rendering8 -- found version 8.2.1
[1.395s] -- Looking for gz-msgs10 -- found version 10.3.1
[1.395s] -- Looking for sdformat14 -- found version 14.5.0
[1.395s] -- Searching for <gz-sensors8> component [rendering]
[1.395s] -- Looking for gz-sensors8-rendering -- found version 8.2.1
[1.396s] -- Searching for dependencies of gz-sensors8-rendering
[1.396s] -- Searching for <gz-sensors8> component [rendering]
[1.396s] -- Searching for <gz-sensors8> component [lidar]
[1.396s] -- Looking for gz-sensors8-lidar -- found version 8.2.1
[1.397s] -- Searching for dependencies of gz-sensors8-lidar
[1.397s] -- Looking for gz-sensors8 -- found version 8.2.1
[1.397s] -- Searching for <gz-sensors8> component [gpu_lidar]
[1.397s] -- Looking for gz-sensors8-gpu_lidar -- found version 8.2.1
[1.397s] -- Searching for dependencies of gz-sensors8-gpu_lidar
[1.398s] -- Looking for gz-sensors8 -- found version 8.2.1
[1.398s] -- Searching for <gz-sensors8> component [camera]
[1.398s] -- Looking for gz-sensors8-camera -- found version 8.2.1
[1.398s] -- Searching for dependencies of gz-sensors8-camera
[1.399s] -- Looking for gz-sensors8 -- found version 8.2.1
[1.399s] -- Searching for <gz-sensors8> component [boundingbox_camera]
[1.399s] -- Looking for gz-sensors8-boundingbox_camera -- found version 8.2.1
[1.399s] -- Searching for dependencies of gz-sensors8-boundingbox_camera
[1.400s] -- Searching for <gz-sensors8> component [segmentation_camera]
[1.400s] -- Looking for gz-sensors8-segmentation_camera -- found version 8.2.1
[1.400s] -- Searching for dependencies of gz-sensors8-segmentation_camera
[1.400s] -- Searching for <gz-sensors8> component [depth_camera]
[1.401s] -- Looking for gz-sensors8-depth_camera -- found version 8.2.1
[1.401s] -- Searching for dependencies of gz-sensors8-depth_camera
[1.401s] -- Looking for gz-sensors8 -- found version 8.2.1
[1.401s] -- Searching for <gz-sensors8> component [rgbd_camera]
[1.401s] -- Looking for gz-sensors8-rgbd_camera -- found version 8.2.1
[1.402s] -- Searching for dependencies of gz-sensors8-rgbd_camera
[1.402s] -- Looking for gz-sensors8 -- found version 8.2.1
[1.402s] -- Searching for <gz-sensors8> component [thermal_camera]
[1.402s] -- Looking for gz-sensors8-thermal_camera -- found version 8.2.1
[1.402s] -- Searching for dependencies of gz-sensors8-thermal_camera
[1.403s] -- Looking for gz-sensors8 -- found version 8.2.1
[1.403s] -- Searching for <gz-sensors8> component [wide_angle_camera]
[1.403s] -- Looking for gz-sensors8-wide_angle_camera -- found version 8.2.1
[1.403s] -- Searching for dependencies of gz-sensors8-wide_angle_camera
[1.404s] -- Looking for gz-rendering8 -- found version 8.2.1
[1.404s] -- Looking for gz-math7 -- found version 7.5.1
[1.404s] -- Looking for gz-utils2 -- found version 2.2.0
[1.418s] -- Looking for gz-plugin2 -- found version 2.0.3
[1.420s] -- Found ament_lint_auto: 0.17.1 (/opt/ros/jazzy/share/ament_lint_auto/cmake)
[1.482s] -- Added test 'cppcheck' to perform static code analysis on C / C++ code
[1.482s] -- Configured cppcheck include dirs: /home/ahoque245/Projects/simulations/blackbird_walking/realtime_ws/src/blackbird_ros2/include
[1.482s] -- Configured cppcheck exclude dirs and/or files: 
[1.482s] -- Added test 'flake8' to check Python code syntax and style conventions
[1.482s] -- Configured 'flake8' exclude dirs and/or files: 
[1.483s] -- Added test 'lint_cmake' to check CMake code style
[1.483s] -- Added test 'pep257' to check Python code against some of the docstring style conventions in PEP 257
[1.483s] -- Added test 'uncrustify' to check C / C++ code style
[1.484s] -- Configured uncrustify additional arguments: 
[1.484s] -- Added test 'xmllint' to check XML markup files
[1.484s] -- Configuring done (1.5s)
[1.499s] -- Generating done (0.0s)
[1.504s] -- Build files have been written to: /home/ahoque245/Projects/simulations/blackbird_walking/realtime_ws/build/blackbird_ros2
[1.544s] [ 16%] [32mBuilding CXX object CMakeFiles/BlackbirdContactPlugin.dir/src/ContactPlugin.cpp.o[0m
[1.549s] [ 50%] Built target reverse_effort_cpp
[1.552s] [ 83%] Built target effort_example_cpp
[1.921s] In file included from [01m[K/home/ahoque245/Projects/simulations/blackbird_walking/realtime_ws/src/blackbird_ros2/src/ContactPlugin.cpp:1[m[K:
[1.921s] [01m[K/home/ahoque245/Projects/simulations/blackbird_walking/realtime_ws/src/blackbird_ros2/include/ContactPlugin.h:23:10:[m[K [01;31m[Kfatal error: [m[Kgeometry_msgs/msg/pose.hpp: No such file or directory
[1.921s]    23 | #include [01;31m[K<geometry_msgs/msg/pose.hpp>[m[K
[1.922s]       |          [01;31m[K^~~~~~~~~~~~~~~~~~~~~~~~~~~~[m[K
[1.922s] compilation terminated.
[1.928s] gmake[2]: *** [CMakeFiles/BlackbirdContactPlugin.dir/build.make:76: CMakeFiles/BlackbirdContactPlugin.dir/src/ContactPlugin.cpp.o] Error 1
[1.929s] gmake[1]: *** [CMakeFiles/Makefile2:141: CMakeFiles/BlackbirdContactPlugin.dir/all] Error 2
[1.929s] gmake: *** [Makefile:146: all] Error 2
[1.933s] Invoked command in '/home/ahoque245/Projects/simulations/blackbird_walking/realtime_ws/build/blackbird_ros2' returned '2': CMAKE_PREFIX_PATH=${CMAKE_PREFIX_PATH}:/opt/ros/jazzy DEBUGINFOD_URLS=https://debuginfod.ubuntu.com /usr/bin/cmake --build /home/ahoque245/Projects/simulations/blackbird_walking/realtime_ws/build/blackbird_ros2 -- -j22 -l22
