[0.012s] Invoking command in '/home/ahoque245/Projects/simulations/blackbird_walking/realtime_ws/build/blackbird_ros2': CMAKE_PREFIX_PATH=${CMAKE_PREFIX_PATH}:/opt/ros/jazzy DEBUGINFOD_URLS=https://debuginfod.ubuntu.com /usr/bin/cmake --build /home/ahoque245/Projects/simulations/blackbird_walking/realtime_ws/build/blackbird_ros2 -- -j22 -l22
[0.064s] [ 50%] Built target effort_example_cpp
[0.064s] [ 50%] Built target reverse_effort_cpp
[0.066s] [ 75%] Built target BlackbirdContactPlugin
[0.073s] [ 87%] [32mBuilding CXX object CMakeFiles/BlackbirdPosePublisher.dir/src/PosePublisher.cpp.o[0m
[2.505s] In file included from [01m[K/home/ahoque245/Projects/simulations/blackbird_walking/realtime_ws/src/blackbird_ros2/src/PosePublisher.cpp:1[m[K:
[2.505s] [01m[K/home/ahoque245/Projects/simulations/blackbird_walking/realtime_ws/src/blackbird_ros2/include/PosePublisher.h:51:9:[m[K [01;31m[Kerror: [m[K‘[01m[Kvector[m[K’ does not name a type
[2.505s]    51 |         [01;31m[Kvector[m[K<bool> GetContacts(const gz::sim::EntityComponentManager &ecm);
[2.505s]       |         [01;31m[K^~~~~~[m[K
[2.513s] [01m[K/home/ahoque245/Projects/simulations/blackbird_walking/realtime_ws/src/blackbird_ros2/src/PosePublisher.cpp:[m[K In constructor ‘[01m[Kblackbird_ros2::BlackbirdPosePublisher::[01;32m[KBlackbirdPosePublisher[m[K()[m[K’:
[2.513s] [01m[K/home/ahoque245/Projects/simulations/blackbird_walking/realtime_ws/src/blackbird_ros2/src/PosePublisher.cpp:7:60:[m[K [01;31m[Kerror: [m[K‘[01m[KPose[m[K’ is not a member of ‘[01m[Kgeometry_msgs::msg[m[K’; did you mean ‘[01m[Kgz::msgs::Pose[m[K’?
[2.514s]     7 |         pub_ = node_->create_publisher<geometry_msgs::msg::[01;31m[KPose[m[K>("torso_pose", 10);
[2.514s]       |                                                            [01;31m[K^~~~[m[K
[2.514s] In file included from [01m[K/opt/ros/jazzy/opt/gz_msgs_vendor/include/gz/msgs10/gz/msgs/pose.pb.h:12[m[K,
[2.514s]                  from [01m[K/opt/ros/jazzy/opt/gz_msgs_vendor/include/gz/msgs10/gz/msgs/details/actor.pb.h:35[m[K,
[2.514s]                  from [01m[K/opt/ros/jazzy/opt/gz_msgs_vendor/include/gz/msgs10/gz/msgs/actor.pb.h:12[m[K,
[2.514s]                  from [01m[K/opt/ros/jazzy/opt/gz_sim_vendor/include/gz/sim8/gz/sim/Conversions.hh:20[m[K,
[2.514s]                  from [01m[K/opt/ros/jazzy/opt/gz_sim_vendor/include/gz/sim8/gz/sim/components/Serialization.hh:37[m[K,
[2.514s]                  from [01m[K/opt/ros/jazzy/opt/gz_sim_vendor/include/gz/sim8/gz/sim/components/Name.hh:23[m[K,
[2.514s]                  from [01m[K/home/ahoque245/Projects/simulations/blackbird_walking/realtime_ws/src/blackbird_ros2/include/PosePublisher.h:12[m[K:
[2.514s] [01m[K/opt/ros/jazzy/opt/gz_msgs_vendor/include/gz/msgs10/gz/msgs/details/pose.pb.h:65:23:[m[K [01;36m[Knote: [m[K‘[01m[Kgz::msgs::Pose[m[K’ declared here
[2.514s]    65 | class GZ_MSGS_VISIBLE [01;36m[KPose[m[K final :
[2.515s]       |                       [01;36m[K^~~~[m[K
[2.515s] [01m[K/home/ahoque245/Projects/simulations/blackbird_walking/realtime_ws/src/blackbird_ros2/src/PosePublisher.cpp:7:65:[m[K [01;31m[Kerror: [m[Kno matching function for call to ‘[01m[Krclcpp::Node::create_publisher<<expression error> >(const char [11], int)[m[K’
[2.515s]     7 |     pub_ = [01;31m[Knode_->create_publisher<geometry_msgs::msg::Pose>("torso_pose", 10)[m[K;
[2.515s]       |            [01;31m[K~~~~~~~~~~~~~~~~~~~~~~~~~~~~~~~~~~~~~~~~~~~~~~~~~^~~~~~~~~~~~~~~~~~[m[K
[2.515s] 
[2.515s] In file included from [01m[K/opt/ros/jazzy/include/rclcpp/rclcpp/executors/single_threaded_executor.hpp:28[m[K,
[2.515s]                  from [01m[K/opt/ros/jazzy/include/rclcpp/rclcpp/executors.hpp:22[m[K,
[2.515s]                  from [01m[K/opt/ros/jazzy/include/rclcpp/rclcpp/rclcpp.hpp:172[m[K,
[2.515s]                  from [01m[K/home/ahoque245/Projects/simulations/blackbird_walking/realtime_ws/src/blackbird_ros2/include/PosePublisher.h:19[m[K:
[2.516s] [01m[K/opt/ros/jazzy/include/rclcpp/rclcpp/node.hpp:197:3:[m[K [01;36m[Knote: [m[Kcandidate: ‘[01m[Ktemplate<class MessageT, class AllocatorT, class PublisherT> std::shared_ptr<PublisherT> rclcpp::Node::[01;32m[Kcreate_publisher[m[K(const std::string&, const rclcpp::QoS&, const rclcpp::PublisherOptionsWithAllocator<AllocatorT>&)[m[K’
[2.516s]   197 |   [01;36m[Kcreate_publisher[m[K(
[2.516s]       |   [01;36m[K^~~~~~~~~~~~~~~~[m[K
[2.516s] [01m[K/opt/ros/jazzy/include/rclcpp/rclcpp/node.hpp:197:3:[m[K [01;36m[Knote: [m[K  template argument deduction/substitution failed:
[2.516s] [01m[K/home/ahoque245/Projects/simulations/blackbird_walking/realtime_ws/src/blackbird_ros2/src/PosePublisher.cpp:7:65:[m[K [01;31m[Kerror: [m[Ktemplate argument 1 is invalid
[2.516s]     7 |     pub_ = [01;31m[Knode_->create_publisher<geometry_msgs::msg::Pose>("torso_pose", 10)[m[K;
[2.516s]       |            [01;31m[K~~~~~~~~~~~~~~~~~~~~~~~~~~~~~~~~~~~~~~~~~~~~~~~~~^~~~~~~~~~~~~~~~~~[m[K
[2.516s] 
[2.516s] [01m[K/home/ahoque245/Projects/simulations/blackbird_walking/realtime_ws/src/blackbird_ros2/src/PosePublisher.cpp:[m[K In member function ‘[01m[Kvirtual void blackbird_ros2::BlackbirdPosePublisher::[01;32m[KConfigure[m[K(const gz::sim::v8::Entity&, const std::shared_ptr<const sdf::v14::Element>&, gz::sim::v8::EntityComponentManager&, gz::sim::v8::EventManager&)[m[K’:
[2.516s] [01m[K/home/ahoque245/Projects/simulations/blackbird_walking/realtime_ws/src/blackbird_ros2/src/PosePublisher.cpp:28:117:[m[K [01;31m[Kerror: [m[K‘[01m[KLink[m[K’ is not a member of ‘[01m[Kgz::sim::v8::components[m[K’
[2.516s]    28 | nents(gz::sim::components::Name("torso"), gz::sim::components::[01;31m[KLink[m[K());
[2.516s]       |                                                                [01;31m[K^~~~[m[K
[2.516s] 
[2.516s] [01m[K/home/ahoque245/Projects/simulations/blackbird_walking/realtime_ws/src/blackbird_ros2/src/PosePublisher.cpp:28:117:[m[K [01;36m[Knote: [m[Ksuggested alternatives:
[2.516s] In file included from [01m[K/opt/ros/jazzy/opt/sdformat_vendor/include/gz/sdformat14/sdf/Actor.hh:28[m[K,
[2.516s]                  from [01m[K/opt/ros/jazzy/opt/gz_sim_vendor/include/gz/sim8/gz/sim/Conversions.hh:45[m[K:
[2.516s] [01m[K/opt/ros/jazzy/opt/sdformat_vendor/include/gz/sdformat14/sdf/Link.hh:51:26:[m[K [01;36m[Knote: [m[K  ‘[01m[Ksdf::v14::Link[m[K’
[2.516s]    51 |   class SDFORMAT_VISIBLE [01;36m[KLink[m[K
[2.516s]       |                          [01;36m[K^~~~[m[K
[2.516s] In file included from [01m[K/opt/ros/jazzy/opt/gz_msgs_vendor/include/gz/msgs10/gz/msgs/link.pb.h:12[m[K,
[2.516s]                  from [01m[K/opt/ros/jazzy/opt/gz_msgs_vendor/include/gz/msgs10/gz/msgs/details/model.pb.h:35[m[K,
[2.516s]                  from [01m[K/opt/ros/jazzy/opt/gz_msgs_vendor/include/gz/msgs10/gz/msgs/model.pb.h:12[m[K,
[2.516s]                  from [01m[K/opt/ros/jazzy/opt/gz_msgs_vendor/include/gz/msgs10/gz/msgs/details/scene.pb.h:39[m[K,
[2.516s]                  from [01m[K/opt/ros/jazzy/opt/gz_msgs_vendor/include/gz/msgs10/gz/msgs/scene.pb.h:12[m[K,
[2.517s]                  from [01m[K/opt/ros/jazzy/opt/gz_sim_vendor/include/gz/sim8/gz/sim/Conversions.hh:33[m[K:
[2.517s] [01m[K/opt/ros/jazzy/opt/gz_msgs_vendor/include/gz/msgs10/gz/msgs/details/link.pb.h:73:23:[m[K [01;36m[Knote: [m[K  ‘[01m[Kgz::msgs::Link[m[K’
[2.517s]    73 | class GZ_MSGS_VISIBLE [01;36m[KLink[m[K final :
[2.517s]       |                       [01;36m[K^~~~[m[K
[2.517s] [01m[K/home/ahoque245/Projects/simulations/blackbird_walking/realtime_ws/src/blackbird_ros2/src/PosePublisher.cpp:35:18:[m[K [01;31m[Kerror: [m[K‘[01m[KLink[m[K’ is not a member of ‘[01m[Kgz::sim[m[K’
[2.517s]    35 |         gz::sim::[01;31m[KLink[m[K torso_link(torso_ent);
[2.517s]       |                  [01;31m[K^~~~[m[K
[2.517s] [01m[K/home/ahoque245/Projects/simulations/blackbird_walking/realtime_ws/src/blackbird_ros2/src/PosePublisher.cpp:35:18:[m[K [01;36m[Knote: [m[Ksuggested alternatives:
[2.517s] [01m[K/opt/ros/jazzy/opt/sdformat_vendor/include/gz/sdformat14/sdf/Link.hh:51:26:[m[K [01;36m[Knote: [m[K  ‘[01m[Ksdf::v14::Link[m[K’
[2.517s]    51 |   class SDFORMAT_VISIBLE [01;36m[KLink[m[K
[2.517s]       |                          [01;36m[K^~~~[m[K
[2.517s] [01m[K/opt/ros/jazzy/opt/gz_msgs_vendor/include/gz/msgs10/gz/msgs/details/link.pb.h:73:23:[m[K [01;36m[Knote: [m[K  ‘[01m[Kgz::msgs::Link[m[K’
[2.517s]    73 | class GZ_MSGS_VISIBLE [01;36m[KLink[m[K final :
[2.517s]       |                       [01;36m[K^~~~[m[K
[2.520s] [01m[K/home/ahoque245/Projects/simulations/blackbird_walking/realtime_ws/src/blackbird_ros2/src/PosePublisher.cpp:36:31:[m[K [01;31m[Kerror: [m[K‘[01m[Ktorso_link[m[K’ was not declared in this scope; did you mean ‘[01m[Ktorso_ent[m[K’?
[2.520s]    36 |         auto world_pose_opt = [01;31m[Ktorso_link[m[K.WorldPose(ecm);
[2.520s]       |                               [01;31m[K^~~~~~~~~~[m[K
[2.520s]       |                               [32m[Ktorso_ent[m[K
[2.521s] [01m[K/home/ahoque245/Projects/simulations/blackbird_walking/realtime_ws/src/blackbird_ros2/src/PosePublisher.cpp:52:111:[m[K [01;31m[Kerror: [m[K‘[01m[KLink[m[K’ is not a member of ‘[01m[Kgz::sim::v8::components[m[K’
[2.521s]    52 | nts(gz::sim::components::Name(link_name), gz::sim::components::[01;31m[KLink[m[K());
[2.521s]       |                                                                [01;31m[K^~~~[m[K
[2.521s] 
[2.521s] [01m[K/home/ahoque245/Projects/simulations/blackbird_walking/realtime_ws/src/blackbird_ros2/src/PosePublisher.cpp:52:111:[m[K [01;36m[Knote: [m[Ksuggested alternatives:
[2.521s] [01m[K/opt/ros/jazzy/opt/sdformat_vendor/include/gz/sdformat14/sdf/Link.hh:51:26:[m[K [01;36m[Knote: [m[K  ‘[01m[Ksdf::v14::Link[m[K’
[2.521s]    51 |   class SDFORMAT_VISIBLE [01;36m[KLink[m[K
[2.521s]       |                          [01;36m[K^~~~[m[K
[2.522s] [01m[K/opt/ros/jazzy/opt/gz_msgs_vendor/include/gz/msgs10/gz/msgs/details/link.pb.h:73:23:[m[K [01;36m[Knote: [m[K  ‘[01m[Kgz::msgs::Link[m[K’
[2.522s]    73 | class GZ_MSGS_VISIBLE [01;36m[KLink[m[K final :
[2.522s]       |                       [01;36m[K^~~~[m[K
[2.522s] [01m[K/home/ahoque245/Projects/simulations/blackbird_walking/realtime_ws/src/blackbird_ros2/src/PosePublisher.cpp:53:111:[m[K [01;31m[Kerror: [m[K‘[01m[KCollision[m[K’ is not a member of ‘[01m[Kgz::sim::v8::components[m[K’
[2.522s]    53 | s = ecm.ChildrenByComponents(link_ent, gz::sim::components::[01;31m[KCollision[m[K());
[2.522s]       |                                                             [01;31m[K^~~~~~~~~[m[K
[2.522s] 
[2.522s] [01m[K/home/ahoque245/Projects/simulations/blackbird_walking/realtime_ws/src/blackbird_ros2/src/PosePublisher.cpp:53:111:[m[K [01;36m[Knote: [m[Ksuggested alternatives:
[2.522s] In file included from [01m[K/opt/ros/jazzy/opt/gz_sim_vendor/include/gz/sim8/gz/sim/Conversions.hh:47[m[K:
[2.522s] [01m[K/opt/ros/jazzy/opt/sdformat_vendor/include/gz/sdformat14/sdf/Collision.hh:50:26:[m[K [01;36m[Knote: [m[K  ‘[01m[Ksdf::v14::Collision[m[K’
[2.522s]    50 |   class SDFORMAT_VISIBLE [01;36m[KCollision[m[K
[2.522s]       |                          [01;36m[K^~~~~~~~~[m[K
[2.523s] In file included from [01m[K/opt/ros/jazzy/opt/gz_msgs_vendor/include/gz/msgs10/gz/msgs/collision.pb.h:12[m[K,
[2.523s]                  from [01m[K/opt/ros/jazzy/opt/gz_msgs_vendor/include/gz/msgs10/gz/msgs/details/link.pb.h:34[m[K:
[2.523s] [01m[K/opt/ros/jazzy/opt/gz_msgs_vendor/include/gz/msgs10/gz/msgs/details/collision.pb.h:67:23:[m[K [01;36m[Knote: [m[K  ‘[01m[Kgz::msgs::Collision[m[K’
[2.523s]    67 | class GZ_MSGS_VISIBLE [01;36m[KCollision[m[K final :
[2.523s]       |                       [01;36m[K^~~~~~~~~[m[K
[2.523s] [01m[K/home/ahoque245/Projects/simulations/blackbird_walking/realtime_ws/src/blackbird_ros2/src/PosePublisher.cpp:65:67:[m[K [01;31m[Kerror: [m[K‘[01m[KContactSensorData[m[K’ is not a member of ‘[01m[Kgz::sim::v8::components[m[K’
[2.523s]    65 |           auto contact = ecm.Component<gz::sim::components::[01;31m[KContactSensorData[m[K>(collision);
[2.523s]       |                                                             [01;31m[K^~~~~~~~~~~~~~~~~[m[K
[2.523s] 
[2.523s] [01m[K/home/ahoque245/Projects/simulations/blackbird_walking/realtime_ws/src/blackbird_ros2/src/PosePublisher.cpp:65:85:[m[K [01;31m[Kerror: [m[Kno matching function for call to ‘[01m[Kgz::sim::v8::EntityComponentManager::Component<<expression error> >(long unsigned int&)[m[K’
[2.523s]    65 | tact = [01;31m[Kecm.Component<gz::sim::components::ContactSensorData>(collision)[m[K;
[2.523s]       |        [01;31m[K~~~~~~~~~~~~~~~~~~~~~~~~~~~~~~~~~~~~~~~~~~~~~~~~~~~~~^~~~~~~~~~~[m[K
[2.523s] 
[2.524s] In file included from [01m[K/opt/ros/jazzy/opt/gz_sim_vendor/include/gz/sim8/gz/sim/System.hh:24[m[K,
[2.524s]                  from [01m[K/home/ahoque245/Projects/simulations/blackbird_walking/realtime_ws/src/blackbird_ros2/include/PosePublisher.h:15[m[K:
[2.524s] [01m[K/opt/ros/jazzy/opt/gz_sim_vendor/include/gz/sim8/gz/sim/EntityComponentManager.hh:258:37:[m[K [01;36m[Knote: [m[Kcandidate: ‘[01m[Ktemplate<class ComponentTypeT> const ComponentTypeT* gz::sim::v8::EntityComponentManager::[01;32m[KComponent[m[K(gz::sim::v8::Entity) const[m[K’
[2.524s]   258 |               const ComponentTypeT *[01;36m[KComponent[m[K(const Entity _entity) const;
[2.524s]       |                                     [01;36m[K^~~~~~~~~[m[K
[2.524s] [01m[K/opt/ros/jazzy/opt/gz_sim_vendor/include/gz/sim8/gz/sim/EntityComponentManager.hh:258:37:[m[K [01;36m[Knote: [m[K  template argument deduction/substitution failed:
[2.524s] [01m[K/home/ahoque245/Projects/simulations/blackbird_walking/realtime_ws/src/blackbird_ros2/src/PosePublisher.cpp:65:85:[m[K [01;31m[Kerror: [m[Ktemplate argument 1 is invalid
[2.524s]    65 | tact = [01;31m[Kecm.Component<gz::sim::components::ContactSensorData>(collision)[m[K;
[2.524s]       |        [01;31m[K~~~~~~~~~~~~~~~~~~~~~~~~~~~~~~~~~~~~~~~~~~~~~~~~~~~~~^~~~~~~~~~~[m[K
[2.524s] 
[2.524s] [01m[K/opt/ros/jazzy/opt/gz_sim_vendor/include/gz/sim8/gz/sim/EntityComponentManager.hh:266:31:[m[K [01;36m[Knote: [m[Kcandidate: ‘[01m[Ktemplate<class ComponentTypeT> ComponentTypeT* gz::sim::v8::EntityComponentManager::[01;32m[KComponent[m[K(gz::sim::v8::Entity)[m[K’
[2.524s]   266 |               ComponentTypeT *[01;36m[KComponent[m[K(const Entity _entity);
[2.524s]       |                               [01;36m[K^~~~~~~~~[m[K
[2.524s] [01m[K/opt/ros/jazzy/opt/gz_sim_vendor/include/gz/sim8/gz/sim/EntityComponentManager.hh:266:31:[m[K [01;36m[Knote: [m[K  template argument deduction/substitution failed:
[2.524s] [01m[K/home/ahoque245/Projects/simulations/blackbird_walking/realtime_ws/src/blackbird_ros2/src/PosePublisher.cpp:65:85:[m[K [01;31m[Kerror: [m[Ktemplate argument 1 is invalid
[2.525s]    65 | tact = [01;31m[Kecm.Component<gz::sim::components::ContactSensorData>(collision)[m[K;
[2.525s]       |        [01;31m[K~~~~~~~~~~~~~~~~~~~~~~~~~~~~~~~~~~~~~~~~~~~~~~~~~~~~~^~~~~~~~~~~[m[K
[2.525s] 
[2.525s] [01m[K/home/ahoque245/Projects/simulations/blackbird_walking/realtime_ws/src/blackbird_ros2/src/PosePublisher.cpp:69:73:[m[K [01;31m[Kerror: [m[K‘[01m[KContactSensorData[m[K’ is not a member of ‘[01m[Kgz::sim::v8::components[m[K’
[2.525s]    69 |         ecm.CreateComponent(collision, gz::sim::components::[01;31m[KContactSensorData[m[K());
[2.525s]       |                                                             [01;31m[K^~~~~~~~~~~~~~~~~[m[K
[2.525s] 
[2.525s] [01m[K/home/ahoque245/Projects/simulations/blackbird_walking/realtime_ws/src/blackbird_ros2/src/PosePublisher.cpp:[m[K In member function ‘[01m[Kvirtual void blackbird_ros2::BlackbirdPosePublisher::[01;32m[KPostUpdate[m[K(const gz::sim::v8::UpdateInfo&, const gz::sim::v8::EntityComponentManager&)[m[K’:
[2.525s] [01m[K/home/ahoque245/Projects/simulations/blackbird_walking/realtime_ws/src/blackbird_ros2/src/PosePublisher.cpp:84:117:[m[K [01;31m[Kerror: [m[K‘[01m[KLink[m[K’ is not a member of ‘[01m[Kgz::sim::v8::components[m[K’
[2.525s]    84 | nents(gz::sim::components::Name("torso"), gz::sim::components::[01;31m[KLink[m[K());
[2.525s]       |                                                                [01;31m[K^~~~[m[K
[2.525s] 
[2.525s] [01m[K/home/ahoque245/Projects/simulations/blackbird_walking/realtime_ws/src/blackbird_ros2/src/PosePublisher.cpp:84:117:[m[K [01;36m[Knote: [m[Ksuggested alternatives:
[2.525s] [01m[K/opt/ros/jazzy/opt/sdformat_vendor/include/gz/sdformat14/sdf/Link.hh:51:26:[m[K [01;36m[Knote: [m[K  ‘[01m[Ksdf::v14::Link[m[K’
[2.525s]    51 |   class SDFORMAT_VISIBLE [01;36m[KLink[m[K
[2.525s]       |                          [01;36m[K^~~~[m[K
[2.525s] [01m[K/opt/ros/jazzy/opt/gz_msgs_vendor/include/gz/msgs10/gz/msgs/details/link.pb.h:73:23:[m[K [01;36m[Knote: [m[K  ‘[01m[Kgz::msgs::Link[m[K’
[2.525s]    73 | class GZ_MSGS_VISIBLE [01;36m[KLink[m[K final :
[2.525s]       |                       [01;36m[K^~~~[m[K
[2.525s] [01m[K/home/ahoque245/Projects/simulations/blackbird_walking/realtime_ws/src/blackbird_ros2/src/PosePublisher.cpp:91:18:[m[K [01;31m[Kerror: [m[K‘[01m[KLink[m[K’ is not a member of ‘[01m[Kgz::sim[m[K’
[2.526s]    91 |         gz::sim::[01;31m[KLink[m[K torso_link(torso_ent);
[2.526s]       |                  [01;31m[K^~~~[m[K
[2.526s] [01m[K/home/ahoque245/Projects/simulations/blackbird_walking/realtime_ws/src/blackbird_ros2/src/PosePublisher.cpp:91:18:[m[K [01;36m[Knote: [m[Ksuggested alternatives:
[2.526s] [01m[K/opt/ros/jazzy/opt/sdformat_vendor/include/gz/sdformat14/sdf/Link.hh:51:26:[m[K [01;36m[Knote: [m[K  ‘[01m[Ksdf::v14::Link[m[K’
[2.526s]    51 |   class SDFORMAT_VISIBLE [01;36m[KLink[m[K
[2.526s]       |                          [01;36m[K^~~~[m[K
[2.526s] [01m[K/opt/ros/jazzy/opt/gz_msgs_vendor/include/gz/msgs10/gz/msgs/details/link.pb.h:73:23:[m[K [01;36m[Knote: [m[K  ‘[01m[Kgz::msgs::Link[m[K’
[2.526s]    73 | class GZ_MSGS_VISIBLE [01;36m[KLink[m[K final :
[2.526s]       |                       [01;36m[K^~~~[m[K
[2.528s] [01m[K/home/ahoque245/Projects/simulations/blackbird_walking/realtime_ws/src/blackbird_ros2/src/PosePublisher.cpp:92:31:[m[K [01;31m[Kerror: [m[K‘[01m[Ktorso_link[m[K’ was not declared in this scope; did you mean ‘[01m[Ktorso_ent[m[K’?
[2.528s]    92 |         auto torso_pose_opt = [01;31m[Ktorso_link[m[K.WorldPose(ecm);
[2.528s]       |                               [01;31m[K^~~~~~~~~~[m[K
[2.528s]       |                               [32m[Ktorso_ent[m[K
[2.532s] [01m[K/home/ahoque245/Projects/simulations/blackbird_walking/realtime_ws/src/blackbird_ros2/src/PosePublisher.cpp:99:9:[m[K [01;31m[Kerror: [m[K‘[01m[Kx_new[m[K’ was not declared in this scope
[2.532s]    99 |         [01;31m[Kx_new[m[K = torso_pose.Pos().X();
[2.532s]       |         [01;31m[K^~~~~[m[K
[2.536s] [01m[K/home/ahoque245/Projects/simulations/blackbird_walking/realtime_ws/src/blackbird_ros2/src/PosePublisher.cpp:100:9:[m[K [01;31m[Kerror: [m[K‘[01m[Ky_new[m[K’ was not declared in this scope
[2.536s]   100 |         [01;31m[Ky_new[m[K = torso_pose.Pos().Y();
[2.536s]       |         [01;31m[K^~~~~[m[K
[2.540s] [01m[K/home/ahoque245/Projects/simulations/blackbird_walking/realtime_ws/src/blackbird_ros2/src/PosePublisher.cpp:101:9:[m[K [01;31m[Kerror: [m[K‘[01m[Kz_new[m[K’ was not declared in this scope
[2.540s]   101 |         [01;31m[Kz_new[m[K = torso_pose.Pos().Z();
[2.540s]       |         [01;31m[K^~~~~[m[K
[2.543s] [01m[K/home/ahoque245/Projects/simulations/blackbird_walking/realtime_ws/src/blackbird_ros2/src/PosePublisher.cpp:102:9:[m[K [01;31m[Kerror: [m[K‘[01m[Kr_new[m[K’ was not declared in this scope
[2.543s]   102 |         [01;31m[Kr_new[m[K = torso_pose.Rot().Roll();
[2.543s]       |         [01;31m[K^~~~~[m[K
[2.547s] [01m[K/home/ahoque245/Projects/simulations/blackbird_walking/realtime_ws/src/blackbird_ros2/src/PosePublisher.cpp:103:9:[m[K [01;31m[Kerror: [m[K‘[01m[Kp_new[m[K’ was not declared in this scope
[2.547s]   103 |         [01;31m[Kp_new[m[K = torso_pose.Rot().Pitch();
[2.547s]       |         [01;31m[K^~~~~[m[K
[2.551s] [01m[K/home/ahoque245/Projects/simulations/blackbird_walking/realtime_ws/src/blackbird_ros2/src/PosePublisher.cpp:104:9:[m[K [01;31m[Kerror: [m[K‘[01m[Kw_new[m[K’ was not declared in this scope
[2.551s]   104 |         [01;31m[Kw_new[m[K = torso_pose.Rot().Yaw();
[2.551s]       |         [01;31m[K^~~~~[m[K
[2.554s] [01m[K/home/ahoque245/Projects/simulations/blackbird_walking/realtime_ws/src/blackbird_ros2/src/PosePublisher.cpp:114:55:[m[K [01;31m[Kerror: [m[K‘[01m[Kinfo[m[K’ was not declared in this scope; did you mean ‘[01m[K_info[m[K’?
[2.554s]   114 |         double dub_dt = std::chrono::duration<double>([01;31m[Kinfo[m[K.dt).count();
[2.554s]       |                                                       [01;31m[K^~~~[m[K
[2.554s]       |                                                       [32m[K_info[m[K
[2.555s] [01m[K/home/ahoque245/Projects/simulations/blackbird_walking/realtime_ws/src/blackbird_ros2/src/PosePublisher.cpp:143:113:[m[K [01;31m[Kerror: [m[K‘[01m[KJoint[m[K’ is not a member of ‘[01m[Kgz::sim::v8::components[m[K’
[2.555s]   143 | s(gz::sim::components::Name(joint_name), gz::sim::components::[01;31m[KJoint[m[K());
[2.555s]       |                                                               [01;31m[K^~~~~[m[K
[2.555s] 
[2.555s] [01m[K/home/ahoque245/Projects/simulations/blackbird_walking/realtime_ws/src/blackbird_ros2/src/PosePublisher.cpp:143:113:[m[K [01;36m[Knote: [m[Ksuggested alternatives:
[2.555s] In file included from [01m[K/opt/ros/jazzy/opt/sdformat_vendor/include/gz/sdformat14/sdf/Actor.hh:29[m[K:
[2.555s] [01m[K/opt/ros/jazzy/opt/sdformat_vendor/include/gz/sdformat14/sdf/Joint.hh:85:26:[m[K [01;36m[Knote: [m[K  ‘[01m[Ksdf::v14::Joint[m[K’
[2.555s]    85 |   class SDFORMAT_VISIBLE [01;36m[KJoint[m[K
[2.555s]       |                          [01;36m[K^~~~~[m[K
[2.556s] In file included from [01m[K/opt/ros/jazzy/opt/gz_msgs_vendor/include/gz/msgs10/gz/msgs/joint.pb.h:12[m[K,
[2.556s]                  from [01m[K/opt/ros/jazzy/opt/gz_msgs_vendor/include/gz/msgs10/gz/msgs/details/scene.pb.h:37[m[K:
[2.556s] [01m[K/opt/ros/jazzy/opt/gz_msgs_vendor/include/gz/msgs10/gz/msgs/details/joint.pb.h:419:23:[m[K [01;36m[Knote: [m[K  ‘[01m[Kgz::msgs::Joint[m[K’
[2.556s]   419 | class GZ_MSGS_VISIBLE [01;36m[KJoint[m[K final :
[2.556s]       |                       [01;36m[K^~~~~[m[K
[2.556s] [01m[K/home/ahoque245/Projects/simulations/blackbird_walking/realtime_ws/src/blackbird_ros2/src/PosePublisher.cpp:145:62:[m[K [01;31m[Kerror: [m[K‘[01m[KJointPosition[m[K’ is not a member of ‘[01m[Kgz::sim::v8::components[m[K’
[2.556s]   145 |            auto* j_pos = ecm.Component<gz::sim::components::[01;31m[KJointPosition[m[K>(joint_ent);
[2.556s]       |                                                             [01;31m[K^~~~~~~~~~~~~[m[K
[2.556s] 
[2.556s] [01m[K/home/ahoque245/Projects/simulations/blackbird_walking/realtime_ws/src/blackbird_ros2/src/PosePublisher.cpp:149:62:[m[K [01;31m[Kerror: [m[K‘[01m[KJointVelocity[m[K’ is not a member of ‘[01m[Kgz::sim::v8::components[m[K’
[2.556s]   149 |            auto* j_vel = ecm.Component<gz::sim::components::[01;31m[KJointVelocity[m[K>(joint_ent);
[2.557s]       |                                                             [01;31m[K^~~~~~~~~~~~~[m[K
[2.557s] 
[2.557s] [01m[K/home/ahoque245/Projects/simulations/blackbird_walking/realtime_ws/src/blackbird_ros2/src/PosePublisher.cpp:162:122:[m[K [01;31m[Kerror: [m[K‘[01m[KLink[m[K’ is not a member of ‘[01m[Kgz::sim::v8::components[m[K’
[2.557s]   162 | nts(gz::sim::components::Name(link_name), gz::sim::components::[01;31m[KLink[m[K());
[2.557s]       |                                                                [01;31m[K^~~~[m[K
[2.557s] 
[2.557s] [01m[K/home/ahoque245/Projects/simulations/blackbird_walking/realtime_ws/src/blackbird_ros2/src/PosePublisher.cpp:162:122:[m[K [01;36m[Knote: [m[Ksuggested alternatives:
[2.557s] [01m[K/opt/ros/jazzy/opt/sdformat_vendor/include/gz/sdformat14/sdf/Link.hh:51:26:[m[K [01;36m[Knote: [m[K  ‘[01m[Ksdf::v14::Link[m[K’
[2.557s]    51 |   class SDFORMAT_VISIBLE [01;36m[KLink[m[K
[2.557s]       |                          [01;36m[K^~~~[m[K
[2.557s] [01m[K/opt/ros/jazzy/opt/gz_msgs_vendor/include/gz/msgs10/gz/msgs/details/link.pb.h:73:23:[m[K [01;36m[Knote: [m[K  ‘[01m[Kgz::msgs::Link[m[K’
[2.557s]    73 | class GZ_MSGS_VISIBLE [01;36m[KLink[m[K final :
[2.557s]       |                       [01;36m[K^~~~[m[K
[2.557s] [01m[K/home/ahoque245/Projects/simulations/blackbird_walking/realtime_ws/src/blackbird_ros2/src/PosePublisher.cpp:163:115:[m[K [01;31m[Kerror: [m[K‘[01m[KCollision[m[K’ is not a member of ‘[01m[Kgz::sim::v8::components[m[K’
[2.557s]   163 | s = ecm.ChildrenByComponents(link_ent, gz::sim::components::[01;31m[KCollision[m[K());
[2.557s]       |                                                             [01;31m[K^~~~~~~~~[m[K
[2.557s] 
[2.558s] [01m[K/home/ahoque245/Projects/simulations/blackbird_walking/realtime_ws/src/blackbird_ros2/src/PosePublisher.cpp:163:115:[m[K [01;36m[Knote: [m[Ksuggested alternatives:
[2.558s] [01m[K/opt/ros/jazzy/opt/sdformat_vendor/include/gz/sdformat14/sdf/Collision.hh:50:26:[m[K [01;36m[Knote: [m[K  ‘[01m[Ksdf::v14::Collision[m[K’
[2.558s]    50 |   class SDFORMAT_VISIBLE [01;36m[KCollision[m[K
[2.558s]       |                          [01;36m[K^~~~~~~~~[m[K
[2.558s] [01m[K/opt/ros/jazzy/opt/gz_msgs_vendor/include/gz/msgs10/gz/msgs/details/collision.pb.h:67:23:[m[K [01;36m[Knote: [m[K  ‘[01m[Kgz::msgs::Collision[m[K’
[2.558s]    67 | class GZ_MSGS_VISIBLE [01;36m[KCollision[m[K final :
[2.558s]       |                       [01;36m[K^~~~~~~~~[m[K
[2.558s] [01m[K/home/ahoque245/Projects/simulations/blackbird_walking/realtime_ws/src/blackbird_ros2/src/PosePublisher.cpp:167:67:[m[K [01;31m[Kerror: [m[K‘[01m[KContactSensorData[m[K’ is not a member of ‘[01m[Kgz::sim::v8::components[m[K’
[2.558s]   167 |           auto contact = ecm.Component<gz::sim::components::[01;31m[KContactSensorData[m[K>(collision);
[2.558s]       |                                                             [01;31m[K^~~~~~~~~~~~~~~~~[m[K
[2.558s] 
[2.558s] [01m[K/home/ahoque245/Projects/simulations/blackbird_walking/realtime_ws/src/blackbird_ros2/src/PosePublisher.cpp:167:85:[m[K [01;31m[Kerror: [m[Kno matching function for call to ‘[01m[Kgz::sim::v8::EntityComponentManager::Component<<expression error> >(long unsigned int&) const[m[K’
[2.558s]   167 | tact = [01;31m[Kecm.Component<gz::sim::components::ContactSensorData>(collision)[m[K;
[2.558s]       |        [01;31m[K~~~~~~~~~~~~~~~~~~~~~~~~~~~~~~~~~~~~~~~~~~~~~~~~~~~~~^~~~~~~~~~~[m[K
[2.558s] 
[2.558s] [01m[K/opt/ros/jazzy/opt/gz_sim_vendor/include/gz/sim8/gz/sim/EntityComponentManager.hh:266:31:[m[K [01;36m[Knote: [m[Kcandidate: ‘[01m[Ktemplate<class ComponentTypeT> ComponentTypeT* gz::sim::v8::EntityComponentManager::[01;32m[KComponent[m[K(gz::sim::v8::Entity)[m[K’
[2.558s]   266 |               ComponentTypeT *[01;36m[KComponent[m[K(const Entity _entity);
[2.558s]       |                               [01;36m[K^~~~~~~~~[m[K
[2.558s] [01m[K/opt/ros/jazzy/opt/gz_sim_vendor/include/gz/sim8/gz/sim/EntityComponentManager.hh:266:31:[m[K [01;36m[Knote: [m[K  template argument deduction/substitution failed:
[2.558s] [01m[K/home/ahoque245/Projects/simulations/blackbird_walking/realtime_ws/src/blackbird_ros2/src/PosePublisher.cpp:167:85:[m[K [01;31m[Kerror: [m[Ktemplate argument 1 is invalid
[2.558s]   167 | tact = [01;31m[Kecm.Component<gz::sim::components::ContactSensorData>(collision)[m[K;
[2.558s]       |        [01;31m[K~~~~~~~~~~~~~~~~~~~~~~~~~~~~~~~~~~~~~~~~~~~~~~~~~~~~~^~~~~~~~~~~[m[K
[2.558s] 
[2.558s] [01m[K/opt/ros/jazzy/opt/gz_sim_vendor/include/gz/sim8/gz/sim/EntityComponentManager.hh:258:37:[m[K [01;36m[Knote: [m[Kcandidate: ‘[01m[Ktemplate<class ComponentTypeT> const ComponentTypeT* gz::sim::v8::EntityComponentManager::[01;32m[KComponent[m[K(gz::sim::v8::Entity) const[m[K’
[2.558s]   258 |               const ComponentTypeT *[01;36m[KComponent[m[K(const Entity _entity) const;
[2.558s]       |                                     [01;36m[K^~~~~~~~~[m[K
[2.558s] [01m[K/opt/ros/jazzy/opt/gz_sim_vendor/include/gz/sim8/gz/sim/EntityComponentManager.hh:258:37:[m[K [01;36m[Knote: [m[K  template argument deduction/substitution failed:
[2.558s] [01m[K/home/ahoque245/Projects/simulations/blackbird_walking/realtime_ws/src/blackbird_ros2/src/PosePublisher.cpp:167:85:[m[K [01;31m[Kerror: [m[Ktemplate argument 1 is invalid
[2.558s]   167 | tact = [01;31m[Kecm.Component<gz::sim::components::ContactSensorData>(collision)[m[K;
[2.559s]       |        [01;31m[K~~~~~~~~~~~~~~~~~~~~~~~~~~~~~~~~~~~~~~~~~~~~~~~~~~~~~^~~~~~~~~~~[m[K
[2.559s] 
[2.559s] [01m[K/home/ahoque245/Projects/simulations/blackbird_walking/realtime_ws/src/blackbird_ros2/src/PosePublisher.cpp:164:39:[m[K [01;35m[Kwarning: [m[Kunused variable ‘[01m[Kcollision_names[m[K’ [[01;35m[K]8;;https://gcc.gnu.org/onlinedocs/gcc/Warning-Options.html#index-Wunused-variable-Wunused-variable]8;;[m[K]
[2.559s]   164 |             std::vector<std::string>& [01;35m[Kcollision_names[m[K = link_map[link_name];
[2.559s]       |                                       [01;35m[K^~~~~~~~~~~~~~~[m[K
[2.559s] [01m[K/home/ahoque245/Projects/simulations/blackbird_walking/realtime_ws/src/blackbird_ros2/src/PosePublisher.cpp:79:71:[m[K [01;35m[Kwarning: [m[Kunused parameter ‘[01m[K_info[m[K’ [[01;35m[K]8;;https://gcc.gnu.org/onlinedocs/gcc/Warning-Options.html#index-Wunused-parameter-Wunused-parameter]8;;[m[K]
[2.559s]    79 | id BlackbirdPosePublisher::PostUpdate([01;35m[Kconst gz::sim::UpdateInfo &_info[m[K,
[2.559s]       |                                       [01;35m[K~~~~~~~~~~~~~~~~~~~~~~~~~~~^~~~~[m[K
[2.559s] 
[3.282s] gmake[2]: *** [CMakeFiles/BlackbirdPosePublisher.dir/build.make:76: CMakeFiles/BlackbirdPosePublisher.dir/src/PosePublisher.cpp.o] Error 1
[3.283s] gmake[1]: *** [CMakeFiles/Makefile2:143: CMakeFiles/BlackbirdPosePublisher.dir/all] Error 2
[3.283s] gmake: *** [Makefile:146: all] Error 2
[3.286s] Invoked command in '/home/ahoque245/Projects/simulations/blackbird_walking/realtime_ws/build/blackbird_ros2' returned '2': CMAKE_PREFIX_PATH=${CMAKE_PREFIX_PATH}:/opt/ros/jazzy DEBUGINFOD_URLS=https://debuginfod.ubuntu.com /usr/bin/cmake --build /home/ahoque245/Projects/simulations/blackbird_walking/realtime_ws/build/blackbird_ros2 -- -j22 -l22
