[0.011s] Invoking command in '/home/ahoque245/Projects/simulations/blackbird_walking/realtime_ws/build/blackbird_ros2': CMAKE_PREFIX_PATH=${CMAKE_PREFIX_PATH}:/opt/ros/jazzy DEBUGINFOD_URLS=https://debuginfod.ubuntu.com /usr/bin/cmake --build /home/ahoque245/Projects/simulations/blackbird_walking/realtime_ws/build/blackbird_ros2 -- -j22 -l22
[0.064s] [ 33%] Built target effort_example_cpp
[0.069s] [ 66%] [32mBuilding CXX object CMakeFiles/BlackbirdContactPlugin.dir/src/ContactPlugin.cpp.o[0m
[0.069s] [ 83%] Built target reverse_effort_cpp
[2.502s] In file included from [01m[K/home/ahoque245/Projects/simulations/blackbird_walking/realtime_ws/src/blackbird_ros2/src/ContactPlugin.cpp:1[m[K:
[2.502s] [01m[K/home/ahoque245/Projects/simulations/blackbird_walking/realtime_ws/src/blackbird_ros2/include/ContactPlugin.h:31:1:[m[K [01;31m[Kerror: [m[Kexpected ‘[01m[K,[m[K’ or ‘[01m[K;[m[K’ before ‘[01m[Knamespace[m[K’
[2.502s]    31 | [01;31m[Knamespace[m[K blackbird_ros2{
[2.502s]       | [01;31m[K^~~~~~~~~[m[K
[2.504s] [01m[K/home/ahoque245/Projects/simulations/blackbird_walking/realtime_ws/src/blackbird_ros2/src/ContactPlugin.cpp:3:5:[m[K [01;31m[Kerror: [m[K‘[01m[KBlackbirdContactPlugin[m[K’ does not name a type; did you mean ‘[01m[KBlackbirdContactPlugin_EXPORTS[m[K’?
[2.505s]     3 |     [01;31m[KBlackbirdContactPlugin[m[K::BlackbirdContactPlugin(): gz::sim::System()
[2.505s]       |     [01;31m[K^~~~~~~~~~~~~~~~~~~~~~[m[K
[2.505s]       |     [32m[KBlackbirdContactPlugin_EXPORTS[m[K
[2.508s] [01m[K/home/ahoque245/Projects/simulations/blackbird_walking/realtime_ws/src/blackbird_ros2/src/ContactPlugin.cpp:11:5:[m[K [01;31m[Kerror: [m[K‘[01m[KBlackbirdContactPlugin[m[K’ does not name a type; did you mean ‘[01m[KBlackbirdContactPlugin_EXPORTS[m[K’?
[2.508s]    11 |     [01;31m[KBlackbirdContactPlugin[m[K::~BlackbirdContactPlugin(){
[2.508s]       |     [01;31m[K^~~~~~~~~~~~~~~~~~~~~~[m[K
[2.508s]       |     [32m[KBlackbirdContactPlugin_EXPORTS[m[K
[2.510s] [01m[K/home/ahoque245/Projects/simulations/blackbird_walking/realtime_ws/src/blackbird_ros2/src/ContactPlugin.cpp:15:5:[m[K [01;31m[Kerror: [m[K‘[01m[KBlackbirdContactPlugin[m[K’ does not name a type; did you mean ‘[01m[KBlackbirdContactPlugin_EXPORTS[m[K’?
[2.511s]    15 |     [01;31m[KBlackbirdContactPlugin[m[K::Configure()(const gz::sim::Entity& entity,
[2.511s]       |     [01;31m[K^~~~~~~~~~~~~~~~~~~~~~[m[K
[2.511s]       |     [32m[KBlackbirdContactPlugin_EXPORTS[m[K
[2.513s] [01m[K/home/ahoque245/Projects/simulations/blackbird_walking/realtime_ws/src/blackbird_ros2/src/ContactPlugin.cpp:46:5:[m[K [01;31m[Kerror: [m[K‘[01m[KBlackbirdContactPlugin[m[K’ does not name a type; did you mean ‘[01m[KBlackbirdContactPlugin_EXPORTS[m[K’?
[2.513s]    46 |     [01;31m[KBlackbirdContactPlugin[m[K::PostUpdate(const gz::sim::UpdateInfo& info,
[2.513s]       |     [01;31m[K^~~~~~~~~~~~~~~~~~~~~~[m[K
[2.514s]       |     [32m[KBlackbirdContactPlugin_EXPORTS[m[K
[2.515s] In file included from [01m[K/opt/ros/jazzy/opt/gz_plugin_vendor/include/gz/plugin2/gz/plugin/Register.hh:22[m[K,
[2.515s]                  from [01m[K/home/ahoque245/Projects/simulations/blackbird_walking/realtime_ws/src/blackbird_ros2/include/ContactPlugin.h:20[m[K:
[2.515s] [01m[K/home/ahoque245/Projects/simulations/blackbird_walking/realtime_ws/src/blackbird_ros2/src/ContactPlugin.cpp:[m[K In constructor ‘[01m[Kgz::plugin::{anonymous}::ExecuteWhenLoadingLibrary0::[01;32m[KExecuteWhenLoadingLibrary0[m[K()[m[K’:
[2.515s] [01m[K/home/ahoque245/Projects/simulations/blackbird_walking/realtime_ws/src/blackbird_ros2/src/ContactPlugin.cpp:84:21:[m[K [01;31m[Kerror: [m[K‘[01m[KBlackbirdContactPlugin[m[K’ is not a member of ‘[01m[Kblackbird_ros2[m[K’
[2.515s]    84 |     blackbird_ros2::[01;31m[KBlackbirdContactPlugin[m[K,
[2.515s]       |                     [01;31m[K^~~~~~~~~~~~~~~~~~~~~~[m[K
[2.515s] [01m[K/home/ahoque245/Projects/simulations/blackbird_walking/realtime_ws/src/blackbird_ros2/src/ContactPlugin.cpp:86:21:[m[K [01;31m[Kerror: [m[K‘[01m[KBlackbirdPosePublisher[m[K’ is not a member of ‘[01m[Kblackbird_ros2[m[K’
[2.515s]    86 |     blackbird_ros2::[01;31m[KBlackbirdPosePublisher[m[K::ISystemConfigure,
[2.515s]       |                     [01;31m[K^~~~~~~~~~~~~~~~~~~~~~[m[K
[2.515s] [01m[K/home/ahoque245/Projects/simulations/blackbird_walking/realtime_ws/src/blackbird_ros2/src/ContactPlugin.cpp:83:1:[m[K [01;31m[Kerror: [m[Ktemplate argument 1 is invalid
[2.515s]    83 | [01;31m[KGZ_ADD_PLUGIN[m[K(
[2.515s]       | [01;31m[K^~~~~~~~~~~~~[m[K
[2.515s] [01m[K/home/ahoque245/Projects/simulations/blackbird_walking/realtime_ws/src/blackbird_ros2/src/ContactPlugin.cpp:83:1:[m[K [01;31m[Kerror: [m[Ktemplate argument 3 is invalid
[2.515s] [01m[K/home/ahoque245/Projects/simulations/blackbird_walking/realtime_ws/src/blackbird_ros2/src/ContactPlugin.cpp:83:1:[m[K [01;31m[Kerror: [m[Kqualified-id in declaration before ‘[01m[K([m[K’ token
[2.516s]    83 | [01;31m[KGZ_ADD_PLUGIN[m[K(
[2.516s]       | [01;31m[K^~~~~~~~~~~~~[m[K
[3.184s] gmake[2]: *** [CMakeFiles/BlackbirdContactPlugin.dir/build.make:76: CMakeFiles/BlackbirdContactPlugin.dir/src/ContactPlugin.cpp.o] Error 1
[3.184s] gmake[1]: *** [CMakeFiles/Makefile2:141: CMakeFiles/BlackbirdContactPlugin.dir/all] Error 2
[3.185s] gmake: *** [Makefile:146: all] Error 2
[3.187s] Invoked command in '/home/ahoque245/Projects/simulations/blackbird_walking/realtime_ws/build/blackbird_ros2' returned '2': CMAKE_PREFIX_PATH=${CMAKE_PREFIX_PATH}:/opt/ros/jazzy DEBUGINFOD_URLS=https://debuginfod.ubuntu.com /usr/bin/cmake --build /home/ahoque245/Projects/simulations/blackbird_walking/realtime_ws/build/blackbird_ros2 -- -j22 -l22
