[0.010s] Invoking command in '/home/ahoque245/Projects/simulations/blackbird_walking/realtime_ws/build/blackbird_ros2': CMAKE_PREFIX_PATH=${CMAKE_PREFIX_PATH}:/opt/ros/jazzy DEBUGINFOD_URLS=https://debuginfod.ubuntu.com /usr/bin/cmake --build /home/ahoque245/Projects/simulations/blackbird_walking/realtime_ws/build/blackbird_ros2 -- -j22 -l22
[0.059s] [ 25%] Built target reverse_effort_cpp
[0.060s] [ 50%] Built target effort_example_cpp
[0.066s] [ 75%] Built target BlackbirdContactPlugin
[0.070s] [ 87%] [32mBuilding CXX object CMakeFiles/BlackbirdPosePublisher.dir/src/PosePublisher.cpp.o[0m
[2.537s] [01m[K/home/ahoque245/Projects/simulations/blackbird_walking/realtime_ws/src/blackbird_ros2/src/PosePublisher.cpp:[m[K In member function ‘[01m[Kvirtual void blackbird_ros2::BlackbirdPosePublisher::[01;32m[KPostUpdate[m[K(const gz::sim::v8::UpdateInfo&, const gz::sim::v8::EntityComponentManager&)[m[K’:
[2.537s] [01m[K/home/ahoque245/Projects/simulations/blackbird_walking/realtime_ws/src/blackbird_ros2/src/PosePublisher.cpp:164:39:[m[K [01;35m[Kwarning: [m[Kunused variable ‘[01m[Kcollision_names[m[K’ [[01;35m[K]8;;https://gcc.gnu.org/onlinedocs/gcc/Warning-Options.html#index-Wunused-variable-Wunused-variable]8;;[m[K]
[2.537s]   164 |             std::vector<std::string>& [01;35m[Kcollision_names[m[K = link_map[link_name];
[2.537s]       |                                       [01;35m[K^~~~~~~~~~~~~~~[m[K
[5.018s] [100%] [32m[1mLinking CXX shared library libBlackbirdPosePublisher.so[0m
[5.249s] [100%] Built target BlackbirdPosePublisher
[5.260s] Invoked command in '/home/ahoque245/Projects/simulations/blackbird_walking/realtime_ws/build/blackbird_ros2' returned '0': CMAKE_PREFIX_PATH=${CMAKE_PREFIX_PATH}:/opt/ros/jazzy DEBUGINFOD_URLS=https://debuginfod.ubuntu.com /usr/bin/cmake --build /home/ahoque245/Projects/simulations/blackbird_walking/realtime_ws/build/blackbird_ros2 -- -j22 -l22
[5.266s] Invoking command in '/home/ahoque245/Projects/simulations/blackbird_walking/realtime_ws/build/blackbird_ros2': CMAKE_PREFIX_PATH=${CMAKE_PREFIX_PATH}:/opt/ros/jazzy DEBUGINFOD_URLS=https://debuginfod.ubuntu.com /usr/bin/cmake --install /home/ahoque245/Projects/simulations/blackbird_walking/realtime_ws/build/blackbird_ros2
[5.274s] -- Install configuration: ""
[5.274s] -- Up-to-date: /home/ahoque245/Projects/simulations/blackbird_walking/realtime_ws/install/blackbird_ros2/include
[5.274s] -- Installing: /home/ahoque245/Projects/simulations/blackbird_walking/realtime_ws/install/blackbird_ros2/include/PosePublisher.h
[5.274s] -- Up-to-date: /home/ahoque245/Projects/simulations/blackbird_walking/realtime_ws/install/blackbird_ros2/include/ContactPlugin.h
[5.274s] -- Up-to-date: /home/ahoque245/Projects/simulations/blackbird_walking/realtime_ws/install/blackbird_ros2/share/blackbird_ros2//launch
[5.274s] -- Up-to-date: /home/ahoque245/Projects/simulations/blackbird_walking/realtime_ws/install/blackbird_ros2/share/blackbird_ros2//launch/blackbird_gz.launch.py
[5.274s] -- Up-to-date: /home/ahoque245/Projects/simulations/blackbird_walking/realtime_ws/install/blackbird_ros2/share/blackbird_ros2//launch/blackbird_rviz.launch.py
[5.274s] -- Up-to-date: /home/ahoque245/Projects/simulations/blackbird_walking/realtime_ws/install/blackbird_ros2/share/blackbird_ros2//rviz
[5.274s] -- Up-to-date: /home/ahoque245/Projects/simulations/blackbird_walking/realtime_ws/install/blackbird_ros2/share/blackbird_ros2//rviz/basic.rviz
[5.274s] -- Up-to-date: /home/ahoque245/Projects/simulations/blackbird_walking/realtime_ws/install/blackbird_ros2/share/blackbird_ros2//rviz/blackbird.rviz
[5.274s] -- Up-to-date: /home/ahoque245/Projects/simulations/blackbird_walking/realtime_ws/install/blackbird_ros2/share/blackbird_ros2//urdf
[5.274s] -- Up-to-date: /home/ahoque245/Projects/simulations/blackbird_walking/realtime_ws/install/blackbird_ros2/share/blackbird_ros2//urdf/blackbird_gz.urdf
[5.275s] -- Up-to-date: /home/ahoque245/Projects/simulations/blackbird_walking/realtime_ws/install/blackbird_ros2/share/blackbird_ros2//urdf/blackbird.urdf
[5.275s] -- Up-to-date: /home/ahoque245/Projects/simulations/blackbird_walking/realtime_ws/install/blackbird_ros2/share/blackbird_ros2//urdf/blackbird.sdf
[5.275s] -- Up-to-date: /home/ahoque245/Projects/simulations/blackbird_walking/realtime_ws/install/blackbird_ros2/share/blackbird_ros2//meshes
[5.275s] -- Up-to-date: /home/ahoque245/Projects/simulations/blackbird_walking/realtime_ws/install/blackbird_ros2/share/blackbird_ros2//meshes/blackbird
[5.275s] -- Up-to-date: /home/ahoque245/Projects/simulations/blackbird_walking/realtime_ws/install/blackbird_ros2/share/blackbird_ros2//meshes/blackbird/Assembly_Mockup_v27_022.stl
[5.275s] -- Up-to-date: /home/ahoque245/Projects/simulations/blackbird_walking/realtime_ws/install/blackbird_ros2/share/blackbird_ros2//meshes/blackbird/Assembly_Mockup_v27.stl
[5.275s] -- Up-to-date: /home/ahoque245/Projects/simulations/blackbird_walking/realtime_ws/install/blackbird_ros2/share/blackbird_ros2//meshes/blackbird/Assembly_Mockup_v27_015.stl
[5.275s] -- Up-to-date: /home/ahoque245/Projects/simulations/blackbird_walking/realtime_ws/install/blackbird_ros2/share/blackbird_ros2//meshes/blackbird/Assembly_Mockup_v27_025.stl
[5.275s] -- Up-to-date: /home/ahoque245/Projects/simulations/blackbird_walking/realtime_ws/install/blackbird_ros2/share/blackbird_ros2//meshes/blackbird/Assembly_Mockup_v27_019.stl
[5.275s] -- Up-to-date: /home/ahoque245/Projects/simulations/blackbird_walking/realtime_ws/install/blackbird_ros2/share/blackbird_ros2//meshes/blackbird/Assembly_Mockup_v27_020.stl
[5.275s] -- Up-to-date: /home/ahoque245/Projects/simulations/blackbird_walking/realtime_ws/install/blackbird_ros2/share/blackbird_ros2//meshes/blackbird/Assembly_Mockup_v27_024.stl
[5.275s] -- Up-to-date: /home/ahoque245/Projects/simulations/blackbird_walking/realtime_ws/install/blackbird_ros2/share/blackbird_ros2//meshes/blackbird/Assembly_Mockup_v27_012.stl
[5.275s] -- Up-to-date: /home/ahoque245/Projects/simulations/blackbird_walking/realtime_ws/install/blackbird_ros2/share/blackbird_ros2//meshes/blackbird/Assembly_Mockup_v27_006.stl
[5.275s] -- Up-to-date: /home/ahoque245/Projects/simulations/blackbird_walking/realtime_ws/install/blackbird_ros2/share/blackbird_ros2//meshes/blackbird/add_underscore.py
[5.275s] -- Up-to-date: /home/ahoque245/Projects/simulations/blackbird_walking/realtime_ws/install/blackbird_ros2/share/blackbird_ros2//meshes/blackbird/Assembly_Mockup_v27_031.stl
[5.275s] -- Up-to-date: /home/ahoque245/Projects/simulations/blackbird_walking/realtime_ws/install/blackbird_ros2/share/blackbird_ros2//meshes/blackbird/Assembly_Mockup_v27_026.stl
[5.275s] -- Up-to-date: /home/ahoque245/Projects/simulations/blackbird_walking/realtime_ws/install/blackbird_ros2/share/blackbird_ros2//meshes/blackbird/Assembly_Mockup_v27_001.stl
[5.276s] -- Up-to-date: /home/ahoque245/Projects/simulations/blackbird_walking/realtime_ws/install/blackbird_ros2/share/blackbird_ros2//meshes/blackbird/Assembly_Mockup_v27_011.stl
[5.276s] -- Up-to-date: /home/ahoque245/Projects/simulations/blackbird_walking/realtime_ws/install/blackbird_ros2/share/blackbird_ros2//meshes/blackbird/Assembly_Mockup_v27_028.stl
[5.276s] -- Up-to-date: /home/ahoque245/Projects/simulations/blackbird_walking/realtime_ws/install/blackbird_ros2/share/blackbird_ros2//meshes/blackbird/Assembly_Mockup_v27_027.stl
[5.276s] -- Up-to-date: /home/ahoque245/Projects/simulations/blackbird_walking/realtime_ws/install/blackbird_ros2/share/blackbird_ros2//meshes/blackbird/Assembly_Mockup_v27_023.stl
[5.276s] -- Up-to-date: /home/ahoque245/Projects/simulations/blackbird_walking/realtime_ws/install/blackbird_ros2/share/blackbird_ros2//meshes/blackbird/Assembly_Mockup_v27_017.stl
[5.276s] -- Up-to-date: /home/ahoque245/Projects/simulations/blackbird_walking/realtime_ws/install/blackbird_ros2/share/blackbird_ros2//meshes/blackbird/Assembly_Mockup_v27_029.stl
[5.276s] -- Up-to-date: /home/ahoque245/Projects/simulations/blackbird_walking/realtime_ws/install/blackbird_ros2/share/blackbird_ros2//meshes/blackbird/Assembly_Mockup_v27_014.stl
[5.276s] -- Up-to-date: /home/ahoque245/Projects/simulations/blackbird_walking/realtime_ws/install/blackbird_ros2/share/blackbird_ros2//meshes/blackbird/Assembly_Mockup_v27_003.stl
[5.276s] -- Up-to-date: /home/ahoque245/Projects/simulations/blackbird_walking/realtime_ws/install/blackbird_ros2/share/blackbird_ros2//meshes/blackbird/Assembly_Mockup_v27_005.stl
[5.276s] -- Up-to-date: /home/ahoque245/Projects/simulations/blackbird_walking/realtime_ws/install/blackbird_ros2/share/blackbird_ros2//meshes/blackbird/Assembly_Mockup_v27_013.stl
[5.276s] -- Up-to-date: /home/ahoque245/Projects/simulations/blackbird_walking/realtime_ws/install/blackbird_ros2/share/blackbird_ros2//meshes/blackbird/Assembly_Mockup_v27_030.stl
[5.276s] -- Up-to-date: /home/ahoque245/Projects/simulations/blackbird_walking/realtime_ws/install/blackbird_ros2/share/blackbird_ros2//meshes/blackbird/Assembly_Mockup_v27_004.stl
[5.276s] -- Up-to-date: /home/ahoque245/Projects/simulations/blackbird_walking/realtime_ws/install/blackbird_ros2/share/blackbird_ros2//meshes/blackbird/Assembly_Mockup_v27_021.stl
[5.276s] -- Up-to-date: /home/ahoque245/Projects/simulations/blackbird_walking/realtime_ws/install/blackbird_ros2/share/blackbird_ros2//meshes/blackbird/Assembly_Mockup_v27_010.stl
[5.276s] -- Up-to-date: /home/ahoque245/Projects/simulations/blackbird_walking/realtime_ws/install/blackbird_ros2/share/blackbird_ros2//meshes/blackbird/Assembly_Mockup_v27_018.stl
[5.276s] -- Up-to-date: /home/ahoque245/Projects/simulations/blackbird_walking/realtime_ws/install/blackbird_ros2/share/blackbird_ros2//meshes/blackbird/Assembly_Mockup_v27_016.stl
[5.276s] -- Up-to-date: /home/ahoque245/Projects/simulations/blackbird_walking/realtime_ws/install/blackbird_ros2/share/blackbird_ros2//meshes/blackbird/Assembly_Mockup_v27_009.stl
[5.276s] -- Up-to-date: /home/ahoque245/Projects/simulations/blackbird_walking/realtime_ws/install/blackbird_ros2/share/blackbird_ros2//config
[5.276s] -- Up-to-date: /home/ahoque245/Projects/simulations/blackbird_walking/realtime_ws/install/blackbird_ros2/share/blackbird_ros2//config/blackbird_effort_controller.yaml
[5.276s] -- Up-to-date: /home/ahoque245/Projects/simulations/blackbird_walking/realtime_ws/install/blackbird_ros2/share/blackbird_ros2//src
[5.276s] -- Up-to-date: /home/ahoque245/Projects/simulations/blackbird_walking/realtime_ws/install/blackbird_ros2/share/blackbird_ros2//src/reverse_effort.cpp
[5.277s] -- Up-to-date: /home/ahoque245/Projects/simulations/blackbird_walking/realtime_ws/install/blackbird_ros2/share/blackbird_ros2//src/ContactPlugin.cpp
[5.277s] -- Up-to-date: /home/ahoque245/Projects/simulations/blackbird_walking/realtime_ws/install/blackbird_ros2/share/blackbird_ros2//src/effort_example.cpp
[5.277s] -- Installing: /home/ahoque245/Projects/simulations/blackbird_walking/realtime_ws/install/blackbird_ros2/share/blackbird_ros2//src/PosePublisher.cpp
[5.277s] -- Installing: /home/ahoque245/Projects/simulations/blackbird_walking/realtime_ws/install/blackbird_ros2/lib/blackbird_ros2/libBlackbirdPosePublisher.so
[5.277s] -- Set non-toolchain portion of runtime path of "/home/ahoque245/Projects/simulations/blackbird_walking/realtime_ws/install/blackbird_ros2/lib/blackbird_ros2/libBlackbirdPosePublisher.so" to ""
[5.277s] -- Up-to-date: /home/ahoque245/Projects/simulations/blackbird_walking/realtime_ws/install/blackbird_ros2/lib/blackbird_ros2/libBlackbirdContactPlugin.so
[5.277s] -- Up-to-date: /home/ahoque245/Projects/simulations/blackbird_walking/realtime_ws/install/blackbird_ros2/lib/blackbird_ros2/effort_example_cpp
[5.277s] -- Up-to-date: /home/ahoque245/Projects/simulations/blackbird_walking/realtime_ws/install/blackbird_ros2/lib/blackbird_ros2/reverse_effort_cpp
[5.277s] -- Up-to-date: /home/ahoque245/Projects/simulations/blackbird_walking/realtime_ws/install/blackbird_ros2/share/ament_index/resource_index/package_run_dependencies/blackbird_ros2
[5.277s] -- Installing: /home/ahoque245/Projects/simulations/blackbird_walking/realtime_ws/install/blackbird_ros2/share/ament_index/resource_index/parent_prefix_path/blackbird_ros2
[5.277s] -- Up-to-date: /home/ahoque245/Projects/simulations/blackbird_walking/realtime_ws/install/blackbird_ros2/share/blackbird_ros2/environment/ament_prefix_path.sh
[5.277s] -- Up-to-date: /home/ahoque245/Projects/simulations/blackbird_walking/realtime_ws/install/blackbird_ros2/share/blackbird_ros2/environment/ament_prefix_path.dsv
[5.277s] -- Up-to-date: /home/ahoque245/Projects/simulations/blackbird_walking/realtime_ws/install/blackbird_ros2/share/blackbird_ros2/environment/path.sh
[5.277s] -- Up-to-date: /home/ahoque245/Projects/simulations/blackbird_walking/realtime_ws/install/blackbird_ros2/share/blackbird_ros2/environment/path.dsv
[5.277s] -- Up-to-date: /home/ahoque245/Projects/simulations/blackbird_walking/realtime_ws/install/blackbird_ros2/share/blackbird_ros2/local_setup.bash
[5.277s] -- Up-to-date: /home/ahoque245/Projects/simulations/blackbird_walking/realtime_ws/install/blackbird_ros2/share/blackbird_ros2/local_setup.sh
[5.277s] -- Up-to-date: /home/ahoque245/Projects/simulations/blackbird_walking/realtime_ws/install/blackbird_ros2/share/blackbird_ros2/local_setup.zsh
[5.277s] -- Up-to-date: /home/ahoque245/Projects/simulations/blackbird_walking/realtime_ws/install/blackbird_ros2/share/blackbird_ros2/local_setup.dsv
[5.277s] -- Installing: /home/ahoque245/Projects/simulations/blackbird_walking/realtime_ws/install/blackbird_ros2/share/blackbird_ros2/package.dsv
[5.277s] -- Up-to-date: /home/ahoque245/Projects/simulations/blackbird_walking/realtime_ws/install/blackbird_ros2/share/ament_index/resource_index/packages/blackbird_ros2
[5.277s] -- Up-to-date: /home/ahoque245/Projects/simulations/blackbird_walking/realtime_ws/install/blackbird_ros2/share/blackbird_ros2/cmake/ament_cmake_export_include_directories-extras.cmake
[5.277s] -- Up-to-date: /home/ahoque245/Projects/simulations/blackbird_walking/realtime_ws/install/blackbird_ros2/share/blackbird_ros2/cmake/blackbird_ros2Config.cmake
[5.277s] -- Up-to-date: /home/ahoque245/Projects/simulations/blackbird_walking/realtime_ws/install/blackbird_ros2/share/blackbird_ros2/cmake/blackbird_ros2Config-version.cmake
[5.277s] -- Up-to-date: /home/ahoque245/Projects/simulations/blackbird_walking/realtime_ws/install/blackbird_ros2/share/blackbird_ros2/package.xml
[5.278s] Invoked command in '/home/ahoque245/Projects/simulations/blackbird_walking/realtime_ws/build/blackbird_ros2' returned '0': CMAKE_PREFIX_PATH=${CMAKE_PREFIX_PATH}:/opt/ros/jazzy DEBUGINFOD_URLS=https://debuginfod.ubuntu.com /usr/bin/cmake --install /home/ahoque245/Projects/simulations/blackbird_walking/realtime_ws/build/blackbird_ros2
