-- Found ament_cmake: 2.5.2 (/opt/ros/jazzy/share/ament_cmake/cmake)
-- Found control_msgs: 5.3.0 (/opt/ros/jazzy/share/control_msgs/cmake)
-- Found rosidl_generator_c: 4.6.4 (/opt/ros/jazzy/share/rosidl_generator_c/cmake)
-- Found rosidl_generator_cpp: 4.6.4 (/opt/ros/jazzy/share/rosidl_generator_cpp/cmake)
-- Using all available rosidl_typesupport_c: rosidl_typesupport_fastrtps_c;rosidl_typesupport_introspection_c
-- Using all available rosidl_typesupport_cpp: rosidl_typesupport_fastrtps_cpp;rosidl_typesupport_introspection_cpp
-- Found pluginlib: 5.4.2 (/opt/ros/jazzy/share/pluginlib/cmake)
-- Found TinyXML2 via Config file: /usr/lib/x86_64-linux-gnu/cmake/tinyxml2
-- Found rclcpp: 28.1.5 (/opt/ros/jazzy/share/rclcpp/cmake)
-- Found rmw_implementation_cmake: 7.3.1 (/opt/ros/jazzy/share/rmw_implementation_cmake/cmake)
-- Found rmw_fastrtps_cpp: 8.4.1 (/opt/ros/jazzy/share/rmw_fastrtps_cpp/cmake)
-- Found TinyXML2 via Config file: /usr/lib/x86_64-linux-gnu/cmake/tinyxml2
-- Found TinyXML2 via Config file: /usr/lib/x86_64-linux-gnu/cmake/tinyxml2
-- Found TinyXML2 via Config file: /usr/lib/x86_64-linux-gnu/cmake/tinyxml2
-- Found TinyXML2 via Config file: /usr/lib/x86_64-linux-gnu/cmake/tinyxml2
-- Using RMW implementation 'rmw_fastrtps_cpp' as default
-- Found rclcpp_action: 28.1.5 (/opt/ros/jazzy/share/rclcpp_action/cmake)
-- Looking for gz-sim8 -- found version 8.7.0
-- Searching for dependencies of gz-sim8
-- Looking for sdformat14 -- found version 14.5.0
-- Searching for dependencies of sdformat14
-- Checking for module 'tinyxml2'
--   Found tinyxml2, version 10.0.0
-- Looking for gz-math7 -- found version 7.5.1
-- Searching for dependencies of gz-math7
-- Looking for gz-utils2 -- found version 2.2.0
-- Searching for dependencies of gz-utils2
-- Looking for gz-utils2 -- found version 2.2.0
-- Searching for dependencies of gz-utils2
-- Searching for <gz-utils2> component [cli]
-- Looking for gz-utils2-cli -- found version 2.2.0
-- Searching for dependencies of gz-utils2-cli
-- Looking for gz-plugin2 -- found version 2.0.3
-- Searching for dependencies of gz-plugin2
-- Looking for gz-utils2 -- found version 2.2.0
-- Searching for <gz-plugin2> component [loader]
-- Looking for gz-plugin2-loader -- found version 2.0.3
-- Searching for dependencies of gz-plugin2-loader
-- Searching for <gz-plugin2> component [register]
-- Looking for gz-plugin2-register -- found version 2.0.3
-- Searching for dependencies of gz-plugin2-register
-- Looking for gz-transport13 -- found version 13.4.0
-- Searching for dependencies of gz-transport13
-- Config-file not installed for ZeroMQ -- checking for pkg-config
-- Checking for module 'libzmq >= 4'
--   Found libzmq, version 4.3.5
-- Checking for module 'uuid'
--   Found uuid, version 2.39.3
-- Looking for gz-utils2 -- found version 2.2.0
-- Looking for gz-msgs10 -- found version 10.3.1
-- Searching for dependencies of gz-msgs10
-- Looking for gz-utils2 -- found version 2.2.0
-- Looking for gz-math7 -- found version 7.5.1
-- Searching for <gz-transport13> component [log]
-- Looking for gz-transport13-log -- found version 13.4.0
-- Searching for dependencies of gz-transport13-log
-- Searching for <gz-transport13> component [parameters]
-- Looking for gz-transport13-parameters -- found version 13.4.0
-- Searching for dependencies of gz-transport13-parameters
-- Looking for gz-msgs10 -- found version 10.3.1
-- Looking for gz-common5 -- found version 5.7.0
-- Searching for dependencies of gz-common5
-- Looking for gz-utils2 -- found version 2.2.0
-- Looking for dlfcn.h - found
-- Looking for libdl - found
-- Searching for <gz-common5> component [av]
-- Looking for gz-common5-av -- found version 5.7.0
-- Searching for dependencies of gz-common5-av
-- Checking for module 'libswscale'
--   Found libswscale, version 7.5.100
-- Checking for module 'libavdevice >= 56.4.100'
--   Found libavdevice, version 60.3.100
-- Checking for module 'libavformat'
--   Found libavformat, version 60.16.100
-- Checking for module 'libavcodec'
--   Found libavcodec, version 60.31.102
-- Checking for module 'libavutil'
--   Found libavutil, version 58.29.100
-- Searching for <gz-common5> component [events]
-- Looking for gz-common5-events -- found version 5.7.0
-- Searching for dependencies of gz-common5-events
-- Looking for gz-math7 -- found version 7.5.1
-- Searching for <gz-common5> component [graphics]
-- Looking for gz-common5-graphics -- found version 5.7.0
-- Searching for dependencies of gz-common5-graphics
-- Looking for gz-math7 -- found version 7.5.1
-- Searching for <gz-common5> component [io]
-- Looking for gz-common5-io -- found version 5.7.0
-- Searching for dependencies of gz-common5-io
-- Searching for <gz-common5> component [profiler]
-- Looking for gz-common5-profiler -- found version 5.7.0
-- Searching for dependencies of gz-common5-profiler
-- Looking for gz-fuel_tools9 -- found version 9.1.0
-- Searching for dependencies of gz-fuel_tools9
-- Checking for module 'jsoncpp'
--   Found jsoncpp, version 1.9.5
-- Checking for module 'yaml-0.1'
--   Found yaml-0.1, version 0.2.5
-- Checking for module 'libzip'
--   Found libzip, version 1.7.3
-- Looking for gz-utils2 -- found version 2.2.0
-- Looking for gz-common5 -- found version 5.7.0
-- Searching for dependencies of gz-common5
-- Looking for gz-utils2 -- found version 2.2.0
-- Looking for dlfcn.h - found
-- Looking for libdl - found
-- Searching for <gz-common5> component [testing]
-- Looking for gz-common5-testing -- found version 5.7.0
-- Searching for dependencies of gz-common5-testing
-- Looking for gz-math7 -- found version 7.5.1
-- Looking for gz-msgs10 -- found version 10.3.1
-- Looking for gz-gui8 -- found version 8.3.0
-- Searching for dependencies of gz-gui8
-- Looking for gz-utils2 -- found version 2.2.0
-- Looking for gz-math7 -- found version 7.5.1
-- Looking for gz-common5 -- found version 5.7.0
-- Looking for gz-plugin2 -- found version 2.0.3
-- Looking for gz-transport13 -- found version 13.4.0
-- Looking for gz-rendering8 -- found version 8.2.1
-- Searching for dependencies of gz-rendering8
-- Looking for gz-math7 -- found version 7.5.1
-- Searching for dependencies of gz-math7
-- Looking for gz-utils2 -- found version 2.2.0
-- Searching for <gz-math7> component [eigen3]
-- Looking for gz-math7-eigen3 -- found version 7.5.1
-- Searching for dependencies of gz-math7-eigen3
-- Looking for gz-common5 -- found version 5.7.0
-- Searching for dependencies of gz-common5
-- Looking for gz-utils2 -- found version 2.2.0
-- Looking for dlfcn.h - found
-- Looking for libdl - found
-- Searching for <gz-common5> component [graphics]
-- Searching for <gz-common5> component [events]
-- Searching for <gz-common5> component [geospatial]
-- Looking for gz-common5-geospatial -- found version 5.7.0
-- Searching for dependencies of gz-common5-geospatial
-- Looking for gz-math7 -- found version 7.5.1
-- Looking for gz-common5 -- found version 5.7.0
-- Looking for gz-plugin2 -- found version 2.0.3
-- Searching for dependencies of gz-plugin2
-- Looking for gz-utils2 -- found version 2.2.0
-- Searching for <gz-plugin2> component [all]
-- Looking for all libraries of gz-plugin2 -- found version 2.0.3
-- Looking for gz-plugin2 -- found version 2.0.3
-- Looking for gz-utils2 -- found version 2.2.0
-- Looking for gz-msgs10 -- found version 10.3.1
-- Looking for gz-physics7 -- found version 7.4.0
-- Searching for dependencies of gz-physics7
-- Looking for gz-common5 -- found version 5.7.0
-- Looking for gz-math7 -- found version 7.5.1
-- Looking for gz-plugin2 -- found version 2.0.3
-- Looking for gz-utils2 -- found version 2.2.0
-- Searching for <gz-physics7> component [heightmap]
-- Looking for gz-physics7-heightmap -- found version 7.4.0
-- Searching for dependencies of gz-physics7-heightmap
-- Looking for gz-common5 -- found version 5.7.0
-- Searching for <gz-physics7> component [mesh]
-- Looking for gz-physics7-mesh -- found version 7.4.0
-- Searching for dependencies of gz-physics7-mesh
-- Looking for gz-common5 -- found version 5.7.0
-- Searching for <gz-physics7> component [sdf]
-- Looking for gz-physics7-sdf -- found version 7.4.0
-- Searching for dependencies of gz-physics7-sdf
-- Looking for sdformat14 -- found version 14.5.0
-- Looking for gz-sensors8 -- found version 8.2.1
-- Searching for dependencies of gz-sensors8
-- Looking for gz-math7 -- found version 7.5.1
-- Looking for gz-common5 -- found version 5.7.0
-- Looking for gz-transport13 -- found version 13.4.0
-- Looking for gz-rendering8 -- found version 8.2.1
-- Looking for gz-msgs10 -- found version 10.3.1
-- Looking for sdformat14 -- found version 14.5.0
-- Searching for <gz-sensors8> component [air_pressure]
-- Looking for gz-sensors8-air_pressure -- found version 8.2.1
-- Searching for dependencies of gz-sensors8-air_pressure
-- Searching for <gz-sensors8> component [air_speed]
-- Looking for gz-sensors8-air_speed -- found version 8.2.1
-- Searching for dependencies of gz-sensors8-air_speed
-- Searching for <gz-sensors8> component [altimeter]
-- Looking for gz-sensors8-altimeter -- found version 8.2.1
-- Searching for dependencies of gz-sensors8-altimeter
-- Searching for <gz-sensors8> component [imu]
-- Looking for gz-sensors8-imu -- found version 8.2.1
-- Searching for dependencies of gz-sensors8-imu
-- Searching for <gz-sensors8> component [force_torque]
-- Looking for gz-sensors8-force_torque -- found version 8.2.1
-- Searching for dependencies of gz-sensors8-force_torque
-- Searching for <gz-sensors8> component [logical_camera]
-- Looking for gz-sensors8-logical_camera -- found version 8.2.1
-- Searching for dependencies of gz-sensors8-logical_camera
-- Searching for <gz-sensors8> component [magnetometer]
-- Looking for gz-sensors8-magnetometer -- found version 8.2.1
-- Searching for dependencies of gz-sensors8-magnetometer
-- Searching for <gz-sensors8> component [navsat]
-- Looking for gz-sensors8-navsat -- found version 8.2.1
-- Searching for dependencies of gz-sensors8-navsat
-- Searching for <gz-sensors8> component [dvl]
-- Looking for gz-sensors8-dvl -- found version 8.2.1
-- Searching for dependencies of gz-sensors8-dvl
-- Looking for gz-sensors8 -- found version 8.2.1
-- Searching for dependencies of gz-sensors8
-- Looking for gz-math7 -- found version 7.5.1
-- Looking for gz-common5 -- found version 5.7.0
-- Looking for gz-transport13 -- found version 13.4.0
-- Looking for gz-rendering8 -- found version 8.2.1
-- Looking for gz-msgs10 -- found version 10.3.1
-- Looking for sdformat14 -- found version 14.5.0
-- Searching for <gz-sensors8> component [rendering]
-- Looking for gz-sensors8-rendering -- found version 8.2.1
-- Searching for dependencies of gz-sensors8-rendering
-- Searching for <gz-sensors8> component [rendering]
-- Searching for <gz-sensors8> component [lidar]
-- Looking for gz-sensors8-lidar -- found version 8.2.1
-- Searching for dependencies of gz-sensors8-lidar
-- Looking for gz-sensors8 -- found version 8.2.1
-- Searching for <gz-sensors8> component [gpu_lidar]
-- Looking for gz-sensors8-gpu_lidar -- found version 8.2.1
-- Searching for dependencies of gz-sensors8-gpu_lidar
-- Looking for gz-sensors8 -- found version 8.2.1
-- Searching for <gz-sensors8> component [camera]
-- Looking for gz-sensors8-camera -- found version 8.2.1
-- Searching for dependencies of gz-sensors8-camera
-- Looking for gz-sensors8 -- found version 8.2.1
-- Searching for <gz-sensors8> component [boundingbox_camera]
-- Looking for gz-sensors8-boundingbox_camera -- found version 8.2.1
-- Searching for dependencies of gz-sensors8-boundingbox_camera
-- Searching for <gz-sensors8> component [segmentation_camera]
-- Looking for gz-sensors8-segmentation_camera -- found version 8.2.1
-- Searching for dependencies of gz-sensors8-segmentation_camera
-- Searching for <gz-sensors8> component [depth_camera]
-- Looking for gz-sensors8-depth_camera -- found version 8.2.1
-- Searching for dependencies of gz-sensors8-depth_camera
-- Looking for gz-sensors8 -- found version 8.2.1
-- Searching for <gz-sensors8> component [rgbd_camera]
-- Looking for gz-sensors8-rgbd_camera -- found version 8.2.1
-- Searching for dependencies of gz-sensors8-rgbd_camera
-- Looking for gz-sensors8 -- found version 8.2.1
-- Searching for <gz-sensors8> component [thermal_camera]
-- Looking for gz-sensors8-thermal_camera -- found version 8.2.1
-- Searching for dependencies of gz-sensors8-thermal_camera
-- Looking for gz-sensors8 -- found version 8.2.1
-- Searching for <gz-sensors8> component [wide_angle_camera]
-- Looking for gz-sensors8-wide_angle_camera -- found version 8.2.1
-- Searching for dependencies of gz-sensors8-wide_angle_camera
-- Looking for gz-rendering8 -- found version 8.2.1
-- Looking for gz-math7 -- found version 7.5.1
-- Looking for gz-utils2 -- found version 2.2.0
-- Looking for gz-plugin2 -- found version 2.0.3
-- Found ament_lint_auto: 0.17.1 (/opt/ros/jazzy/share/ament_lint_auto/cmake)
-- Added test 'cppcheck' to perform static code analysis on C / C++ code
-- Configured cppcheck include dirs: /home/ahoque245/Projects/simulations/blackbird_walking/realtime_ws/src/blackbird_ros2/include
-- Configured cppcheck exclude dirs and/or files: 
-- Added test 'flake8' to check Python code syntax and style conventions
-- Configured 'flake8' exclude dirs and/or files: 
-- Added test 'lint_cmake' to check CMake code style
-- Added test 'pep257' to check Python code against some of the docstring style conventions in PEP 257
-- Added test 'uncrustify' to check C / C++ code style
-- Configured uncrustify additional arguments: 
-- Added test 'xmllint' to check XML markup files
-- Configuring done (1.5s)
-- Generating done (0.0s)
-- Build files have been written to: /home/ahoque245/Projects/simulations/blackbird_walking/realtime_ws/build/blackbird_ros2
[ 25%] Built target reverse_effort_cpp
[ 50%] Built target effort_example_cpp
[ 75%] Built target BlackbirdContactPlugin
[ 87%] [32mBuilding CXX object CMakeFiles/BlackbirdPosePublisher.dir/src/PosePublisher.cpp.o[0m
In file included from [01m[K/home/ahoque245/Projects/simulations/blackbird_walking/realtime_ws/src/blackbird_ros2/src/PosePublisher.cpp:1[m[K:
[01m[K/home/ahoque245/Projects/simulations/blackbird_walking/realtime_ws/src/blackbird_ros2/include/PosePublisher.h:51:9:[m[K [01;31m[Kerror: [m[K‘[01m[Kvector[m[K’ does not name a type
   51 |         [01;31m[Kvector[m[K<bool> GetContacts(const gz::sim::EntityComponentManager &ecm);
      |         [01;31m[K^~~~~~[m[K
[01m[K/home/ahoque245/Projects/simulations/blackbird_walking/realtime_ws/src/blackbird_ros2/src/PosePublisher.cpp:[m[K In constructor ‘[01m[Kblackbird_ros2::BlackbirdPosePublisher::[01;32m[KBlackbirdPosePublisher[m[K()[m[K’:
[01m[K/home/ahoque245/Projects/simulations/blackbird_walking/realtime_ws/src/blackbird_ros2/src/PosePublisher.cpp:7:60:[m[K [01;31m[Kerror: [m[K‘[01m[KPose[m[K’ is not a member of ‘[01m[Kgeometry_msgs::msg[m[K’; did you mean ‘[01m[Kgz::msgs::Pose[m[K’?
    7 |         pub_ = node_->create_publisher<geometry_msgs::msg::[01;31m[KPose[m[K>("torso_pose", 10);
      |                                                            [01;31m[K^~~~[m[K
In file included from [01m[K/opt/ros/jazzy/opt/gz_msgs_vendor/include/gz/msgs10/gz/msgs/pose.pb.h:12[m[K,
                 from [01m[K/opt/ros/jazzy/opt/gz_msgs_vendor/include/gz/msgs10/gz/msgs/details/actor.pb.h:35[m[K,
                 from [01m[K/opt/ros/jazzy/opt/gz_msgs_vendor/include/gz/msgs10/gz/msgs/actor.pb.h:12[m[K,
                 from [01m[K/opt/ros/jazzy/opt/gz_sim_vendor/include/gz/sim8/gz/sim/Conversions.hh:20[m[K,
                 from [01m[K/opt/ros/jazzy/opt/gz_sim_vendor/include/gz/sim8/gz/sim/components/Serialization.hh:37[m[K,
                 from [01m[K/opt/ros/jazzy/opt/gz_sim_vendor/include/gz/sim8/gz/sim/components/Name.hh:23[m[K,
                 from [01m[K/home/ahoque245/Projects/simulations/blackbird_walking/realtime_ws/src/blackbird_ros2/include/PosePublisher.h:12[m[K:
[01m[K/opt/ros/jazzy/opt/gz_msgs_vendor/include/gz/msgs10/gz/msgs/details/pose.pb.h:65:23:[m[K [01;36m[Knote: [m[K‘[01m[Kgz::msgs::Pose[m[K’ declared here
   65 | class GZ_MSGS_VISIBLE [01;36m[KPose[m[K final :
      |                       [01;36m[K^~~~[m[K
[01m[K/home/ahoque245/Projects/simulations/blackbird_walking/realtime_ws/src/blackbird_ros2/src/PosePublisher.cpp:7:65:[m[K [01;31m[Kerror: [m[Kno matching function for call to ‘[01m[Krclcpp::Node::create_publisher<<expression error> >(const char [11], int)[m[K’
    7 |     pub_ = [01;31m[Knode_->create_publisher<geometry_msgs::msg::Pose>("torso_pose", 10)[m[K;
      |            [01;31m[K~~~~~~~~~~~~~~~~~~~~~~~~~~~~~~~~~~~~~~~~~~~~~~~~~^~~~~~~~~~~~~~~~~~[m[K

In file included from [01m[K/opt/ros/jazzy/include/rclcpp/rclcpp/executors/single_threaded_executor.hpp:28[m[K,
                 from [01m[K/opt/ros/jazzy/include/rclcpp/rclcpp/executors.hpp:22[m[K,
                 from [01m[K/opt/ros/jazzy/include/rclcpp/rclcpp/rclcpp.hpp:172[m[K,
                 from [01m[K/home/ahoque245/Projects/simulations/blackbird_walking/realtime_ws/src/blackbird_ros2/include/PosePublisher.h:19[m[K:
[01m[K/opt/ros/jazzy/include/rclcpp/rclcpp/node.hpp:197:3:[m[K [01;36m[Knote: [m[Kcandidate: ‘[01m[Ktemplate<class MessageT, class AllocatorT, class PublisherT> std::shared_ptr<PublisherT> rclcpp::Node::[01;32m[Kcreate_publisher[m[K(const std::string&, const rclcpp::QoS&, const rclcpp::PublisherOptionsWithAllocator<AllocatorT>&)[m[K’
  197 |   [01;36m[Kcreate_publisher[m[K(
      |   [01;36m[K^~~~~~~~~~~~~~~~[m[K
[01m[K/opt/ros/jazzy/include/rclcpp/rclcpp/node.hpp:197:3:[m[K [01;36m[Knote: [m[K  template argument deduction/substitution failed:
[01m[K/home/ahoque245/Projects/simulations/blackbird_walking/realtime_ws/src/blackbird_ros2/src/PosePublisher.cpp:7:65:[m[K [01;31m[Kerror: [m[Ktemplate argument 1 is invalid
    7 |     pub_ = [01;31m[Knode_->create_publisher<geometry_msgs::msg::Pose>("torso_pose", 10)[m[K;
      |            [01;31m[K~~~~~~~~~~~~~~~~~~~~~~~~~~~~~~~~~~~~~~~~~~~~~~~~~^~~~~~~~~~~~~~~~~~[m[K

[01m[K/home/ahoque245/Projects/simulations/blackbird_walking/realtime_ws/src/blackbird_ros2/src/PosePublisher.cpp:[m[K In member function ‘[01m[Kvirtual void blackbird_ros2::BlackbirdPosePublisher::[01;32m[KConfigure[m[K(const gz::sim::v8::Entity&, const std::shared_ptr<const sdf::v14::Element>&, gz::sim::v8::EntityComponentManager&, gz::sim::v8::EventManager&)[m[K’:
[01m[K/home/ahoque245/Projects/simulations/blackbird_walking/realtime_ws/src/blackbird_ros2/src/PosePublisher.cpp:28:117:[m[K [01;31m[Kerror: [m[K‘[01m[KLink[m[K’ is not a member of ‘[01m[Kgz::sim::v8::components[m[K’
   28 | nents(gz::sim::components::Name("torso"), gz::sim::components::[01;31m[KLink[m[K());
      |                                                                [01;31m[K^~~~[m[K

[01m[K/home/ahoque245/Projects/simulations/blackbird_walking/realtime_ws/src/blackbird_ros2/src/PosePublisher.cpp:28:117:[m[K [01;36m[Knote: [m[Ksuggested alternatives:
In file included from [01m[K/opt/ros/jazzy/opt/sdformat_vendor/include/gz/sdformat14/sdf/Actor.hh:28[m[K,
                 from [01m[K/opt/ros/jazzy/opt/gz_sim_vendor/include/gz/sim8/gz/sim/Conversions.hh:45[m[K:
[01m[K/opt/ros/jazzy/opt/sdformat_vendor/include/gz/sdformat14/sdf/Link.hh:51:26:[m[K [01;36m[Knote: [m[K  ‘[01m[Ksdf::v14::Link[m[K’
   51 |   class SDFORMAT_VISIBLE [01;36m[KLink[m[K
      |                          [01;36m[K^~~~[m[K
In file included from [01m[K/opt/ros/jazzy/opt/gz_msgs_vendor/include/gz/msgs10/gz/msgs/link.pb.h:12[m[K,
                 from [01m[K/opt/ros/jazzy/opt/gz_msgs_vendor/include/gz/msgs10/gz/msgs/details/model.pb.h:35[m[K,
                 from [01m[K/opt/ros/jazzy/opt/gz_msgs_vendor/include/gz/msgs10/gz/msgs/model.pb.h:12[m[K,
                 from [01m[K/opt/ros/jazzy/opt/gz_msgs_vendor/include/gz/msgs10/gz/msgs/details/scene.pb.h:39[m[K,
                 from [01m[K/opt/ros/jazzy/opt/gz_msgs_vendor/include/gz/msgs10/gz/msgs/scene.pb.h:12[m[K,
                 from [01m[K/opt/ros/jazzy/opt/gz_sim_vendor/include/gz/sim8/gz/sim/Conversions.hh:33[m[K:
[01m[K/opt/ros/jazzy/opt/gz_msgs_vendor/include/gz/msgs10/gz/msgs/details/link.pb.h:73:23:[m[K [01;36m[Knote: [m[K  ‘[01m[Kgz::msgs::Link[m[K’
   73 | class GZ_MSGS_VISIBLE [01;36m[KLink[m[K final :
      |                       [01;36m[K^~~~[m[K
[01m[K/home/ahoque245/Projects/simulations/blackbird_walking/realtime_ws/src/blackbird_ros2/src/PosePublisher.cpp:35:18:[m[K [01;31m[Kerror: [m[K‘[01m[KLink[m[K’ is not a member of ‘[01m[Kgz::sim[m[K’
   35 |         gz::sim::[01;31m[KLink[m[K torso_link(torso_ent);
      |                  [01;31m[K^~~~[m[K
[01m[K/home/ahoque245/Projects/simulations/blackbird_walking/realtime_ws/src/blackbird_ros2/src/PosePublisher.cpp:35:18:[m[K [01;36m[Knote: [m[Ksuggested alternatives:
[01m[K/opt/ros/jazzy/opt/sdformat_vendor/include/gz/sdformat14/sdf/Link.hh:51:26:[m[K [01;36m[Knote: [m[K  ‘[01m[Ksdf::v14::Link[m[K’
   51 |   class SDFORMAT_VISIBLE [01;36m[KLink[m[K
      |                          [01;36m[K^~~~[m[K
[01m[K/opt/ros/jazzy/opt/gz_msgs_vendor/include/gz/msgs10/gz/msgs/details/link.pb.h:73:23:[m[K [01;36m[Knote: [m[K  ‘[01m[Kgz::msgs::Link[m[K’
   73 | class GZ_MSGS_VISIBLE [01;36m[KLink[m[K final :
      |                       [01;36m[K^~~~[m[K
[01m[K/home/ahoque245/Projects/simulations/blackbird_walking/realtime_ws/src/blackbird_ros2/src/PosePublisher.cpp:36:31:[m[K [01;31m[Kerror: [m[K‘[01m[Ktorso_link[m[K’ was not declared in this scope; did you mean ‘[01m[Ktorso_ent[m[K’?
   36 |         auto world_pose_opt = [01;31m[Ktorso_link[m[K.WorldPose(ecm);
      |                               [01;31m[K^~~~~~~~~~[m[K
      |                               [32m[Ktorso_ent[m[K
[01m[K/home/ahoque245/Projects/simulations/blackbird_walking/realtime_ws/src/blackbird_ros2/src/PosePublisher.cpp:52:111:[m[K [01;31m[Kerror: [m[K‘[01m[KLink[m[K’ is not a member of ‘[01m[Kgz::sim::v8::components[m[K’
   52 | nts(gz::sim::components::Name(link_name), gz::sim::components::[01;31m[KLink[m[K());
      |                                                                [01;31m[K^~~~[m[K

[01m[K/home/ahoque245/Projects/simulations/blackbird_walking/realtime_ws/src/blackbird_ros2/src/PosePublisher.cpp:52:111:[m[K [01;36m[Knote: [m[Ksuggested alternatives:
[01m[K/opt/ros/jazzy/opt/sdformat_vendor/include/gz/sdformat14/sdf/Link.hh:51:26:[m[K [01;36m[Knote: [m[K  ‘[01m[Ksdf::v14::Link[m[K’
   51 |   class SDFORMAT_VISIBLE [01;36m[KLink[m[K
      |                          [01;36m[K^~~~[m[K
[01m[K/opt/ros/jazzy/opt/gz_msgs_vendor/include/gz/msgs10/gz/msgs/details/link.pb.h:73:23:[m[K [01;36m[Knote: [m[K  ‘[01m[Kgz::msgs::Link[m[K’
   73 | class GZ_MSGS_VISIBLE [01;36m[KLink[m[K final :
      |                       [01;36m[K^~~~[m[K
[01m[K/home/ahoque245/Projects/simulations/blackbird_walking/realtime_ws/src/blackbird_ros2/src/PosePublisher.cpp:53:111:[m[K [01;31m[Kerror: [m[K‘[01m[KCollision[m[K’ is not a member of ‘[01m[Kgz::sim::v8::components[m[K’
   53 | s = ecm.ChildrenByComponents(link_ent, gz::sim::components::[01;31m[KCollision[m[K());
      |                                                             [01;31m[K^~~~~~~~~[m[K

[01m[K/home/ahoque245/Projects/simulations/blackbird_walking/realtime_ws/src/blackbird_ros2/src/PosePublisher.cpp:53:111:[m[K [01;36m[Knote: [m[Ksuggested alternatives:
In file included from [01m[K/opt/ros/jazzy/opt/gz_sim_vendor/include/gz/sim8/gz/sim/Conversions.hh:47[m[K:
[01m[K/opt/ros/jazzy/opt/sdformat_vendor/include/gz/sdformat14/sdf/Collision.hh:50:26:[m[K [01;36m[Knote: [m[K  ‘[01m[Ksdf::v14::Collision[m[K’
   50 |   class SDFORMAT_VISIBLE [01;36m[KCollision[m[K
      |                          [01;36m[K^~~~~~~~~[m[K
In file included from [01m[K/opt/ros/jazzy/opt/gz_msgs_vendor/include/gz/msgs10/gz/msgs/collision.pb.h:12[m[K,
                 from [01m[K/opt/ros/jazzy/opt/gz_msgs_vendor/include/gz/msgs10/gz/msgs/details/link.pb.h:34[m[K:
[01m[K/opt/ros/jazzy/opt/gz_msgs_vendor/include/gz/msgs10/gz/msgs/details/collision.pb.h:67:23:[m[K [01;36m[Knote: [m[K  ‘[01m[Kgz::msgs::Collision[m[K’
   67 | class GZ_MSGS_VISIBLE [01;36m[KCollision[m[K final :
      |                       [01;36m[K^~~~~~~~~[m[K
[01m[K/home/ahoque245/Projects/simulations/blackbird_walking/realtime_ws/src/blackbird_ros2/src/PosePublisher.cpp:65:67:[m[K [01;31m[Kerror: [m[K‘[01m[KContactSensorData[m[K’ is not a member of ‘[01m[Kgz::sim::v8::components[m[K’
   65 |           auto contact = ecm.Component<gz::sim::components::[01;31m[KContactSensorData[m[K>(collision);
      |                                                             [01;31m[K^~~~~~~~~~~~~~~~~[m[K

[01m[K/home/ahoque245/Projects/simulations/blackbird_walking/realtime_ws/src/blackbird_ros2/src/PosePublisher.cpp:65:85:[m[K [01;31m[Kerror: [m[Kno matching function for call to ‘[01m[Kgz::sim::v8::EntityComponentManager::Component<<expression error> >(long unsigned int&)[m[K’
   65 | tact = [01;31m[Kecm.Component<gz::sim::components::ContactSensorData>(collision)[m[K;
      |        [01;31m[K~~~~~~~~~~~~~~~~~~~~~~~~~~~~~~~~~~~~~~~~~~~~~~~~~~~~~^~~~~~~~~~~[m[K

In file included from [01m[K/opt/ros/jazzy/opt/gz_sim_vendor/include/gz/sim8/gz/sim/System.hh:24[m[K,
                 from [01m[K/home/ahoque245/Projects/simulations/blackbird_walking/realtime_ws/src/blackbird_ros2/include/PosePublisher.h:15[m[K:
[01m[K/opt/ros/jazzy/opt/gz_sim_vendor/include/gz/sim8/gz/sim/EntityComponentManager.hh:258:37:[m[K [01;36m[Knote: [m[Kcandidate: ‘[01m[Ktemplate<class ComponentTypeT> const ComponentTypeT* gz::sim::v8::EntityComponentManager::[01;32m[KComponent[m[K(gz::sim::v8::Entity) const[m[K’
  258 |               const ComponentTypeT *[01;36m[KComponent[m[K(const Entity _entity) const;
      |                                     [01;36m[K^~~~~~~~~[m[K
[01m[K/opt/ros/jazzy/opt/gz_sim_vendor/include/gz/sim8/gz/sim/EntityComponentManager.hh:258:37:[m[K [01;36m[Knote: [m[K  template argument deduction/substitution failed:
[01m[K/home/ahoque245/Projects/simulations/blackbird_walking/realtime_ws/src/blackbird_ros2/src/PosePublisher.cpp:65:85:[m[K [01;31m[Kerror: [m[Ktemplate argument 1 is invalid
   65 | tact = [01;31m[Kecm.Component<gz::sim::components::ContactSensorData>(collision)[m[K;
      |        [01;31m[K~~~~~~~~~~~~~~~~~~~~~~~~~~~~~~~~~~~~~~~~~~~~~~~~~~~~~^~~~~~~~~~~[m[K

[01m[K/opt/ros/jazzy/opt/gz_sim_vendor/include/gz/sim8/gz/sim/EntityComponentManager.hh:266:31:[m[K [01;36m[Knote: [m[Kcandidate: ‘[01m[Ktemplate<class ComponentTypeT> ComponentTypeT* gz::sim::v8::EntityComponentManager::[01;32m[KComponent[m[K(gz::sim::v8::Entity)[m[K’
  266 |               ComponentTypeT *[01;36m[KComponent[m[K(const Entity _entity);
      |                               [01;36m[K^~~~~~~~~[m[K
[01m[K/opt/ros/jazzy/opt/gz_sim_vendor/include/gz/sim8/gz/sim/EntityComponentManager.hh:266:31:[m[K [01;36m[Knote: [m[K  template argument deduction/substitution failed:
[01m[K/home/ahoque245/Projects/simulations/blackbird_walking/realtime_ws/src/blackbird_ros2/src/PosePublisher.cpp:65:85:[m[K [01;31m[Kerror: [m[Ktemplate argument 1 is invalid
   65 | tact = [01;31m[Kecm.Component<gz::sim::components::ContactSensorData>(collision)[m[K;
      |        [01;31m[K~~~~~~~~~~~~~~~~~~~~~~~~~~~~~~~~~~~~~~~~~~~~~~~~~~~~~^~~~~~~~~~~[m[K

[01m[K/home/ahoque245/Projects/simulations/blackbird_walking/realtime_ws/src/blackbird_ros2/src/PosePublisher.cpp:69:73:[m[K [01;31m[Kerror: [m[K‘[01m[KContactSensorData[m[K’ is not a member of ‘[01m[Kgz::sim::v8::components[m[K’
   69 |         ecm.CreateComponent(collision, gz::sim::components::[01;31m[KContactSensorData[m[K());
      |                                                             [01;31m[K^~~~~~~~~~~~~~~~~[m[K

[01m[K/home/ahoque245/Projects/simulations/blackbird_walking/realtime_ws/src/blackbird_ros2/src/PosePublisher.cpp:72:17:[m[K [01;31m[Kerror: [m[K‘[01m[Klink_map[m[K’ was not declared in this scope; did you mean ‘[01m[Klinkat[m[K’?
   72 |                 [01;31m[Klink_map[m[K[link_name].push_back(collision_name); // ez debugging this method
      |                 [01;31m[K^~~~~~~~[m[K
      |                 [32m[Klinkat[m[K
[01m[K/home/ahoque245/Projects/simulations/blackbird_walking/realtime_ws/src/blackbird_ros2/src/PosePublisher.cpp:[m[K In member function ‘[01m[Kvirtual void blackbird_ros2::BlackbirdPosePublisher::[01;32m[KPostUpdate[m[K(const gz::sim::v8::UpdateInfo&, const gz::sim::v8::EntityComponentManager&)[m[K’:
[01m[K/home/ahoque245/Projects/simulations/blackbird_walking/realtime_ws/src/blackbird_ros2/src/PosePublisher.cpp:84:117:[m[K [01;31m[Kerror: [m[K‘[01m[KLink[m[K’ is not a member of ‘[01m[Kgz::sim::v8::components[m[K’
   84 | nents(gz::sim::components::Name("torso"), gz::sim::components::[01;31m[KLink[m[K());
      |                                                                [01;31m[K^~~~[m[K

[01m[K/home/ahoque245/Projects/simulations/blackbird_walking/realtime_ws/src/blackbird_ros2/src/PosePublisher.cpp:84:117:[m[K [01;36m[Knote: [m[Ksuggested alternatives:
[01m[K/opt/ros/jazzy/opt/sdformat_vendor/include/gz/sdformat14/sdf/Link.hh:51:26:[m[K [01;36m[Knote: [m[K  ‘[01m[Ksdf::v14::Link[m[K’
   51 |   class SDFORMAT_VISIBLE [01;36m[KLink[m[K
      |                          [01;36m[K^~~~[m[K
[01m[K/opt/ros/jazzy/opt/gz_msgs_vendor/include/gz/msgs10/gz/msgs/details/link.pb.h:73:23:[m[K [01;36m[Knote: [m[K  ‘[01m[Kgz::msgs::Link[m[K’
   73 | class GZ_MSGS_VISIBLE [01;36m[KLink[m[K final :
      |                       [01;36m[K^~~~[m[K
[01m[K/home/ahoque245/Projects/simulations/blackbird_walking/realtime_ws/src/blackbird_ros2/src/PosePublisher.cpp:91:18:[m[K [01;31m[Kerror: [m[K‘[01m[KLink[m[K’ is not a member of ‘[01m[Kgz::sim[m[K’
   91 |         gz::sim::[01;31m[KLink[m[K torso_link(torso_ent);
      |                  [01;31m[K^~~~[m[K
[01m[K/home/ahoque245/Projects/simulations/blackbird_walking/realtime_ws/src/blackbird_ros2/src/PosePublisher.cpp:91:18:[m[K [01;36m[Knote: [m[Ksuggested alternatives:
[01m[K/opt/ros/jazzy/opt/sdformat_vendor/include/gz/sdformat14/sdf/Link.hh:51:26:[m[K [01;36m[Knote: [m[K  ‘[01m[Ksdf::v14::Link[m[K’
   51 |   class SDFORMAT_VISIBLE [01;36m[KLink[m[K
      |                          [01;36m[K^~~~[m[K
[01m[K/opt/ros/jazzy/opt/gz_msgs_vendor/include/gz/msgs10/gz/msgs/details/link.pb.h:73:23:[m[K [01;36m[Knote: [m[K  ‘[01m[Kgz::msgs::Link[m[K’
   73 | class GZ_MSGS_VISIBLE [01;36m[KLink[m[K final :
      |                       [01;36m[K^~~~[m[K
[01m[K/home/ahoque245/Projects/simulations/blackbird_walking/realtime_ws/src/blackbird_ros2/src/PosePublisher.cpp:92:31:[m[K [01;31m[Kerror: [m[K‘[01m[Ktorso_link[m[K’ was not declared in this scope; did you mean ‘[01m[Ktorso_ent[m[K’?
   92 |         auto torso_pose_opt = [01;31m[Ktorso_link[m[K.WorldPose(ecm);
      |                               [01;31m[K^~~~~~~~~~[m[K
      |                               [32m[Ktorso_ent[m[K
[01m[K/home/ahoque245/Projects/simulations/blackbird_walking/realtime_ws/src/blackbird_ros2/src/PosePublisher.cpp:99:9:[m[K [01;31m[Kerror: [m[K‘[01m[Kx_new[m[K’ was not declared in this scope
   99 |         [01;31m[Kx_new[m[K = torso_pose.Pos().X();
      |         [01;31m[K^~~~~[m[K
[01m[K/home/ahoque245/Projects/simulations/blackbird_walking/realtime_ws/src/blackbird_ros2/src/PosePublisher.cpp:100:9:[m[K [01;31m[Kerror: [m[K‘[01m[Ky_new[m[K’ was not declared in this scope
  100 |         [01;31m[Ky_new[m[K = torso_pose.Pos().Y();
      |         [01;31m[K^~~~~[m[K
[01m[K/home/ahoque245/Projects/simulations/blackbird_walking/realtime_ws/src/blackbird_ros2/src/PosePublisher.cpp:101:9:[m[K [01;31m[Kerror: [m[K‘[01m[Kz_new[m[K’ was not declared in this scope
  101 |         [01;31m[Kz_new[m[K = torso_pose.Pos().Z();
      |         [01;31m[K^~~~~[m[K
[01m[K/home/ahoque245/Projects/simulations/blackbird_walking/realtime_ws/src/blackbird_ros2/src/PosePublisher.cpp:102:9:[m[K [01;31m[Kerror: [m[K‘[01m[Kr_new[m[K’ was not declared in this scope
  102 |         [01;31m[Kr_new[m[K = torso_pose.Rot().Roll();
      |         [01;31m[K^~~~~[m[K
[01m[K/home/ahoque245/Projects/simulations/blackbird_walking/realtime_ws/src/blackbird_ros2/src/PosePublisher.cpp:103:9:[m[K [01;31m[Kerror: [m[K‘[01m[Kp_new[m[K’ was not declared in this scope
  103 |         [01;31m[Kp_new[m[K = torso_pose.Rot().Pitch();
      |         [01;31m[K^~~~~[m[K
[01m[K/home/ahoque245/Projects/simulations/blackbird_walking/realtime_ws/src/blackbird_ros2/src/PosePublisher.cpp:104:9:[m[K [01;31m[Kerror: [m[K‘[01m[Kw_new[m[K’ was not declared in this scope
  104 |         [01;31m[Kw_new[m[K = torso_pose.Rot().Yaw();
      |         [01;31m[K^~~~~[m[K
[01m[K/home/ahoque245/Projects/simulations/blackbird_walking/realtime_ws/src/blackbird_ros2/src/PosePublisher.cpp:114:55:[m[K [01;31m[Kerror: [m[K‘[01m[Kinfo[m[K’ was not declared in this scope; did you mean ‘[01m[K_info[m[K’?
  114 |         double dub_dt = std::chrono::duration<double>([01;31m[Kinfo[m[K.dt).count();
      |                                                       [01;31m[K^~~~[m[K
      |                                                       [32m[K_info[m[K
[01m[K/home/ahoque245/Projects/simulations/blackbird_walking/realtime_ws/src/blackbird_ros2/src/PosePublisher.cpp:143:113:[m[K [01;31m[Kerror: [m[K‘[01m[KJoint[m[K’ is not a member of ‘[01m[Kgz::sim::v8::components[m[K’
  143 | s(gz::sim::components::Name(joint_name), gz::sim::components::[01;31m[KJoint[m[K());
      |                                                               [01;31m[K^~~~~[m[K

[01m[K/home/ahoque245/Projects/simulations/blackbird_walking/realtime_ws/src/blackbird_ros2/src/PosePublisher.cpp:143:113:[m[K [01;36m[Knote: [m[Ksuggested alternatives:
In file included from [01m[K/opt/ros/jazzy/opt/sdformat_vendor/include/gz/sdformat14/sdf/Actor.hh:29[m[K:
[01m[K/opt/ros/jazzy/opt/sdformat_vendor/include/gz/sdformat14/sdf/Joint.hh:85:26:[m[K [01;36m[Knote: [m[K  ‘[01m[Ksdf::v14::Joint[m[K’
   85 |   class SDFORMAT_VISIBLE [01;36m[KJoint[m[K
      |                          [01;36m[K^~~~~[m[K
In file included from [01m[K/opt/ros/jazzy/opt/gz_msgs_vendor/include/gz/msgs10/gz/msgs/joint.pb.h:12[m[K,
                 from [01m[K/opt/ros/jazzy/opt/gz_msgs_vendor/include/gz/msgs10/gz/msgs/details/scene.pb.h:37[m[K:
[01m[K/opt/ros/jazzy/opt/gz_msgs_vendor/include/gz/msgs10/gz/msgs/details/joint.pb.h:419:23:[m[K [01;36m[Knote: [m[K  ‘[01m[Kgz::msgs::Joint[m[K’
  419 | class GZ_MSGS_VISIBLE [01;36m[KJoint[m[K final :
      |                       [01;36m[K^~~~~[m[K
[01m[K/home/ahoque245/Projects/simulations/blackbird_walking/realtime_ws/src/blackbird_ros2/src/PosePublisher.cpp:145:62:[m[K [01;31m[Kerror: [m[K‘[01m[KJointPosition[m[K’ is not a member of ‘[01m[Kgz::sim::v8::components[m[K’
  145 |            auto* j_pos = ecm.Component<gz::sim::components::[01;31m[KJointPosition[m[K>(joint_ent);
      |                                                             [01;31m[K^~~~~~~~~~~~~[m[K

[01m[K/home/ahoque245/Projects/simulations/blackbird_walking/realtime_ws/src/blackbird_ros2/src/PosePublisher.cpp:149:62:[m[K [01;31m[Kerror: [m[K‘[01m[KJointVelocity[m[K’ is not a member of ‘[01m[Kgz::sim::v8::components[m[K’
  149 |            auto* j_vel = ecm.Component<gz::sim::components::[01;31m[KJointVelocity[m[K>(joint_ent);
      |                                                             [01;31m[K^~~~~~~~~~~~~[m[K

[01m[K/home/ahoque245/Projects/simulations/blackbird_walking/realtime_ws/src/blackbird_ros2/src/PosePublisher.cpp:162:122:[m[K [01;31m[Kerror: [m[K‘[01m[KLink[m[K’ is not a member of ‘[01m[Kgz::sim::v8::components[m[K’
  162 | nts(gz::sim::components::Name(link_name), gz::sim::components::[01;31m[KLink[m[K());
      |                                                                [01;31m[K^~~~[m[K

[01m[K/home/ahoque245/Projects/simulations/blackbird_walking/realtime_ws/src/blackbird_ros2/src/PosePublisher.cpp:162:122:[m[K [01;36m[Knote: [m[Ksuggested alternatives:
[01m[K/opt/ros/jazzy/opt/sdformat_vendor/include/gz/sdformat14/sdf/Link.hh:51:26:[m[K [01;36m[Knote: [m[K  ‘[01m[Ksdf::v14::Link[m[K’
   51 |   class SDFORMAT_VISIBLE [01;36m[KLink[m[K
      |                          [01;36m[K^~~~[m[K
[01m[K/opt/ros/jazzy/opt/gz_msgs_vendor/include/gz/msgs10/gz/msgs/details/link.pb.h:73:23:[m[K [01;36m[Knote: [m[K  ‘[01m[Kgz::msgs::Link[m[K’
   73 | class GZ_MSGS_VISIBLE [01;36m[KLink[m[K final :
      |                       [01;36m[K^~~~[m[K
[01m[K/home/ahoque245/Projects/simulations/blackbird_walking/realtime_ws/src/blackbird_ros2/src/PosePublisher.cpp:163:115:[m[K [01;31m[Kerror: [m[K‘[01m[KCollision[m[K’ is not a member of ‘[01m[Kgz::sim::v8::components[m[K’
  163 | s = ecm.ChildrenByComponents(link_ent, gz::sim::components::[01;31m[KCollision[m[K());
      |                                                             [01;31m[K^~~~~~~~~[m[K

[01m[K/home/ahoque245/Projects/simulations/blackbird_walking/realtime_ws/src/blackbird_ros2/src/PosePublisher.cpp:163:115:[m[K [01;36m[Knote: [m[Ksuggested alternatives:
[01m[K/opt/ros/jazzy/opt/sdformat_vendor/include/gz/sdformat14/sdf/Collision.hh:50:26:[m[K [01;36m[Knote: [m[K  ‘[01m[Ksdf::v14::Collision[m[K’
   50 |   class SDFORMAT_VISIBLE [01;36m[KCollision[m[K
      |                          [01;36m[K^~~~~~~~~[m[K
[01m[K/opt/ros/jazzy/opt/gz_msgs_vendor/include/gz/msgs10/gz/msgs/details/collision.pb.h:67:23:[m[K [01;36m[Knote: [m[K  ‘[01m[Kgz::msgs::Collision[m[K’
   67 | class GZ_MSGS_VISIBLE [01;36m[KCollision[m[K final :
      |                       [01;36m[K^~~~~~~~~[m[K
[01m[K/home/ahoque245/Projects/simulations/blackbird_walking/realtime_ws/src/blackbird_ros2/src/PosePublisher.cpp:164:57:[m[K [01;31m[Kerror: [m[K‘[01m[Klink_map[m[K’ was not declared in this scope; did you mean ‘[01m[Klinkat[m[K’?
  164 |             std::vector<std::string>& collision_names = [01;31m[Klink_map[m[K[link_name];
      |                                                         [01;31m[K^~~~~~~~[m[K
      |                                                         [32m[Klinkat[m[K
[01m[K/home/ahoque245/Projects/simulations/blackbird_walking/realtime_ws/src/blackbird_ros2/src/PosePublisher.cpp:167:67:[m[K [01;31m[Kerror: [m[K‘[01m[KContactSensorData[m[K’ is not a member of ‘[01m[Kgz::sim::v8::components[m[K’
  167 |           auto contact = ecm.Component<gz::sim::components::[01;31m[KContactSensorData[m[K>(collision);
      |                                                             [01;31m[K^~~~~~~~~~~~~~~~~[m[K

[01m[K/home/ahoque245/Projects/simulations/blackbird_walking/realtime_ws/src/blackbird_ros2/src/PosePublisher.cpp:167:85:[m[K [01;31m[Kerror: [m[Kno matching function for call to ‘[01m[Kgz::sim::v8::EntityComponentManager::Component<<expression error> >(long unsigned int&) const[m[K’
  167 | tact = [01;31m[Kecm.Component<gz::sim::components::ContactSensorData>(collision)[m[K;
      |        [01;31m[K~~~~~~~~~~~~~~~~~~~~~~~~~~~~~~~~~~~~~~~~~~~~~~~~~~~~~^~~~~~~~~~~[m[K

[01m[K/opt/ros/jazzy/opt/gz_sim_vendor/include/gz/sim8/gz/sim/EntityComponentManager.hh:266:31:[m[K [01;36m[Knote: [m[Kcandidate: ‘[01m[Ktemplate<class ComponentTypeT> ComponentTypeT* gz::sim::v8::EntityComponentManager::[01;32m[KComponent[m[K(gz::sim::v8::Entity)[m[K’
  266 |               ComponentTypeT *[01;36m[KComponent[m[K(const Entity _entity);
      |                               [01;36m[K^~~~~~~~~[m[K
[01m[K/opt/ros/jazzy/opt/gz_sim_vendor/include/gz/sim8/gz/sim/EntityComponentManager.hh:266:31:[m[K [01;36m[Knote: [m[K  template argument deduction/substitution failed:
[01m[K/home/ahoque245/Projects/simulations/blackbird_walking/realtime_ws/src/blackbird_ros2/src/PosePublisher.cpp:167:85:[m[K [01;31m[Kerror: [m[Ktemplate argument 1 is invalid
  167 | tact = [01;31m[Kecm.Component<gz::sim::components::ContactSensorData>(collision)[m[K;
      |        [01;31m[K~~~~~~~~~~~~~~~~~~~~~~~~~~~~~~~~~~~~~~~~~~~~~~~~~~~~~^~~~~~~~~~~[m[K

[01m[K/opt/ros/jazzy/opt/gz_sim_vendor/include/gz/sim8/gz/sim/EntityComponentManager.hh:258:37:[m[K [01;36m[Knote: [m[Kcandidate: ‘[01m[Ktemplate<class ComponentTypeT> const ComponentTypeT* gz::sim::v8::EntityComponentManager::[01;32m[KComponent[m[K(gz::sim::v8::Entity) const[m[K’
  258 |               const ComponentTypeT *[01;36m[KComponent[m[K(const Entity _entity) const;
      |                                     [01;36m[K^~~~~~~~~[m[K
[01m[K/opt/ros/jazzy/opt/gz_sim_vendor/include/gz/sim8/gz/sim/EntityComponentManager.hh:258:37:[m[K [01;36m[Knote: [m[K  template argument deduction/substitution failed:
[01m[K/home/ahoque245/Projects/simulations/blackbird_walking/realtime_ws/src/blackbird_ros2/src/PosePublisher.cpp:167:85:[m[K [01;31m[Kerror: [m[Ktemplate argument 1 is invalid
  167 | tact = [01;31m[Kecm.Component<gz::sim::components::ContactSensorData>(collision)[m[K;
      |        [01;31m[K~~~~~~~~~~~~~~~~~~~~~~~~~~~~~~~~~~~~~~~~~~~~~~~~~~~~~^~~~~~~~~~~[m[K

[01m[K/home/ahoque245/Projects/simulations/blackbird_walking/realtime_ws/src/blackbird_ros2/src/PosePublisher.cpp:164:39:[m[K [01;35m[Kwarning: [m[Kunused variable ‘[01m[Kcollision_names[m[K’ [[01;35m[K]8;;https://gcc.gnu.org/onlinedocs/gcc/Warning-Options.html#index-Wunused-variable-Wunused-variable]8;;[m[K]
  164 |             std::vector<std::string>& [01;35m[Kcollision_names[m[K = link_map[link_name];
      |                                       [01;35m[K^~~~~~~~~~~~~~~[m[K
[01m[K/home/ahoque245/Projects/simulations/blackbird_walking/realtime_ws/src/blackbird_ros2/src/PosePublisher.cpp:187:41:[m[K [01;31m[Kerror: [m[Kexpected ‘[01m[K;[m[K’ before ‘[01m[Kpub_[m[K’
  187 |         msg_.data = std::move(state_vec)
      |                                         [01;31m[K^[m[K
      |                                         [32m[K;[m[K
  188 | 
  189 |         [32m[Kpub_[m[K->publish(msg_);
      |         [32m[K~~~~[m[K                             
[01m[K/home/ahoque245/Projects/simulations/blackbird_walking/realtime_ws/src/blackbird_ros2/src/PosePublisher.cpp:79:71:[m[K [01;35m[Kwarning: [m[Kunused parameter ‘[01m[K_info[m[K’ [[01;35m[K]8;;https://gcc.gnu.org/onlinedocs/gcc/Warning-Options.html#index-Wunused-parameter-Wunused-parameter]8;;[m[K]
   79 | id BlackbirdPosePublisher::PostUpdate([01;35m[Kconst gz::sim::UpdateInfo &_info[m[K,
      |                                       [01;35m[K~~~~~~~~~~~~~~~~~~~~~~~~~~~^~~~~[m[K

gmake[2]: *** [CMakeFiles/BlackbirdPosePublisher.dir/build.make:76: CMakeFiles/BlackbirdPosePublisher.dir/src/PosePublisher.cpp.o] Error 1
gmake[1]: *** [CMakeFiles/Makefile2:143: CMakeFiles/BlackbirdPosePublisher.dir/all] Error 2
gmake: *** [Makefile:146: all] Error 2
