[0.013s] Invoking command in '/home/ahoque245/Projects/simulations/blackbird_walking/realtime_ws/build/blackbird_ros2': CMAKE_PREFIX_PATH=${CMAKE_PREFIX_PATH}:/opt/ros/jazzy DEBUGINFOD_URLS=https://debuginfod.ubuntu.com /usr/bin/cmake --build /home/ahoque245/Projects/simulations/blackbird_walking/realtime_ws/build/blackbird_ros2 -- -j22 -l22
[0.033s] -- Found ament_cmake: 2.5.2 (/opt/ros/jazzy/share/ament_cmake/cmake)
[0.183s] -- Found control_msgs: 5.3.0 (/opt/ros/jazzy/share/control_msgs/cmake)
[0.199s] -- Found rosidl_generator_c: 4.6.4 (/opt/ros/jazzy/share/rosidl_generator_c/cmake)
[0.204s] -- Found rosidl_generator_cpp: 4.6.4 (/opt/ros/jazzy/share/rosidl_generator_cpp/cmake)
[0.211s] -- Using all available rosidl_typesupport_c: rosidl_typesupport_fastrtps_c;rosidl_typesupport_introspection_c
[0.219s] -- Using all available rosidl_typesupport_cpp: rosidl_typesupport_fastrtps_cpp;rosidl_typesupport_introspection_cpp
[0.320s] -- Found pluginlib: 5.4.2 (/opt/ros/jazzy/share/pluginlib/cmake)
[0.327s] -- Found TinyXML2 via Config file: /usr/lib/x86_64-linux-gnu/cmake/tinyxml2
[0.327s] -- Found rclcpp: 28.1.5 (/opt/ros/jazzy/share/rclcpp/cmake)
[0.374s] -- Found rmw_implementation_cmake: 7.3.1 (/opt/ros/jazzy/share/rmw_implementation_cmake/cmake)
[0.375s] -- Found rmw_fastrtps_cpp: 8.4.1 (/opt/ros/jazzy/share/rmw_fastrtps_cpp/cmake)
[0.397s] -- Found TinyXML2 via Config file: /usr/lib/x86_64-linux-gnu/cmake/tinyxml2
[0.405s] -- Found TinyXML2 via Config file: /usr/lib/x86_64-linux-gnu/cmake/tinyxml2
[0.417s] -- Found TinyXML2 via Config file: /usr/lib/x86_64-linux-gnu/cmake/tinyxml2
[0.425s] -- Found TinyXML2 via Config file: /usr/lib/x86_64-linux-gnu/cmake/tinyxml2
[0.434s] -- Using RMW implementation 'rmw_fastrtps_cpp' as default
[0.472s] -- Found rclcpp_action: 28.1.5 (/opt/ros/jazzy/share/rclcpp_action/cmake)
[0.478s] -- Looking for gz-sim8 -- found version 8.7.0
[0.482s] -- Searching for dependencies of gz-sim8
[0.482s] -- Looking for sdformat14 -- found version 14.5.0
[0.482s] -- Searching for dependencies of sdformat14
[0.488s] -- Checking for module 'tinyxml2'
[0.508s] --   Found tinyxml2, version 10.0.0
[0.541s] -- Looking for gz-math7 -- found version 7.5.1
[0.541s] -- Searching for dependencies of gz-math7
[0.541s] -- Looking for gz-utils2 -- found version 2.2.0
[0.541s] -- Searching for dependencies of gz-utils2
[0.543s] -- Looking for gz-utils2 -- found version 2.2.0
[0.543s] -- Searching for dependencies of gz-utils2
[0.543s] -- Searching for <gz-utils2> component [cli]
[0.544s] -- Looking for gz-utils2-cli -- found version 2.2.0
[0.544s] -- Searching for dependencies of gz-utils2-cli
[0.545s] -- Looking for gz-plugin2 -- found version 2.0.3
[0.545s] -- Searching for dependencies of gz-plugin2
[0.545s] -- Looking for gz-utils2 -- found version 2.2.0
[0.545s] -- Searching for <gz-plugin2> component [loader]
[0.546s] -- Looking for gz-plugin2-loader -- found version 2.0.3
[0.546s] -- Searching for dependencies of gz-plugin2-loader
[0.546s] -- Searching for <gz-plugin2> component [register]
[0.546s] -- Looking for gz-plugin2-register -- found version 2.0.3
[0.546s] -- Searching for dependencies of gz-plugin2-register
[0.547s] -- Looking for gz-transport13 -- found version 13.4.0
[0.547s] -- Searching for dependencies of gz-transport13
[0.567s] -- Config-file not installed for ZeroMQ -- checking for pkg-config
[0.571s] -- Checking for module 'libzmq >= 4'
[0.589s] --   Found libzmq, version 4.3.5
[0.638s] -- Checking for module 'uuid'
[0.655s] --   Found uuid, version 2.39.3
[0.690s] -- Looking for gz-utils2 -- found version 2.2.0
[0.691s] -- Looking for gz-msgs10 -- found version 10.3.1
[0.691s] -- Searching for dependencies of gz-msgs10
[0.707s] -- Looking for gz-utils2 -- found version 2.2.0
[0.708s] -- Looking for gz-math7 -- found version 7.5.1
[0.814s] -- Searching for <gz-transport13> component [log]
[0.815s] -- Looking for gz-transport13-log -- found version 13.4.0
[0.815s] -- Searching for dependencies of gz-transport13-log
[0.815s] -- Searching for <gz-transport13> component [parameters]
[0.816s] -- Looking for gz-transport13-parameters -- found version 13.4.0
[0.817s] -- Searching for dependencies of gz-transport13-parameters
[0.817s] -- Looking for gz-msgs10 -- found version 10.3.1
[0.817s] -- Looking for gz-common5 -- found version 5.7.0
[0.817s] -- Searching for dependencies of gz-common5
[0.818s] -- Looking for gz-utils2 -- found version 2.2.0
[0.818s] -- Looking for dlfcn.h - found
[0.818s] -- Looking for libdl - found
[0.825s] -- Searching for <gz-common5> component [av]
[0.825s] -- Looking for gz-common5-av -- found version 5.7.0
[0.826s] -- Searching for dependencies of gz-common5-av
[0.831s] -- Checking for module 'libswscale'
[0.854s] --   Found libswscale, version 7.5.100
[0.897s] -- Checking for module 'libavdevice >= 56.4.100'
[0.911s] --   Found libavdevice, version 60.3.100
[0.965s] -- Checking for module 'libavformat'
[0.980s] --   Found libavformat, version 60.16.100
[1.028s] -- Checking for module 'libavcodec'
[1.046s] --   Found libavcodec, version 60.31.102
[1.088s] -- Checking for module 'libavutil'
[1.105s] --   Found libavutil, version 58.29.100
[1.141s] -- Searching for <gz-common5> component [events]
[1.141s] -- Looking for gz-common5-events -- found version 5.7.0
[1.141s] -- Searching for dependencies of gz-common5-events
[1.142s] -- Looking for gz-math7 -- found version 7.5.1
[1.143s] -- Searching for <gz-common5> component [graphics]
[1.143s] -- Looking for gz-common5-graphics -- found version 5.7.0
[1.143s] -- Searching for dependencies of gz-common5-graphics
[1.144s] -- Looking for gz-math7 -- found version 7.5.1
[1.146s] -- Searching for <gz-common5> component [io]
[1.147s] -- Looking for gz-common5-io -- found version 5.7.0
[1.147s] -- Searching for dependencies of gz-common5-io
[1.147s] -- Searching for <gz-common5> component [profiler]
[1.147s] -- Looking for gz-common5-profiler -- found version 5.7.0
[1.147s] -- Searching for dependencies of gz-common5-profiler
[1.148s] -- Looking for gz-fuel_tools9 -- found version 9.1.0
[1.148s] -- Searching for dependencies of gz-fuel_tools9
[1.180s] -- Checking for module 'jsoncpp'
[1.195s] --   Found jsoncpp, version 1.9.5
[1.248s] -- Checking for module 'yaml-0.1'
[1.263s] --   Found yaml-0.1, version 0.2.5
[1.303s] -- Checking for module 'libzip'
[1.318s] --   Found libzip, version 1.7.3
[1.359s] -- Looking for gz-utils2 -- found version 2.2.0
[1.359s] -- Looking for gz-common5 -- found version 5.7.0
[1.359s] -- Searching for dependencies of gz-common5
[1.360s] -- Looking for gz-utils2 -- found version 2.2.0
[1.360s] -- Looking for dlfcn.h - found
[1.360s] -- Looking for libdl - found
[1.368s] -- Searching for <gz-common5> component [testing]
[1.368s] -- Looking for gz-common5-testing -- found version 5.7.0
[1.369s] -- Searching for dependencies of gz-common5-testing
[1.369s] -- Looking for gz-math7 -- found version 7.5.1
[1.369s] -- Looking for gz-msgs10 -- found version 10.3.1
[1.370s] -- Looking for gz-gui8 -- found version 8.3.0
[1.370s] -- Searching for dependencies of gz-gui8
[1.386s] -- Looking for gz-utils2 -- found version 2.2.0
[1.386s] -- Looking for gz-math7 -- found version 7.5.1
[1.387s] -- Looking for gz-common5 -- found version 5.7.0
[1.387s] -- Looking for gz-plugin2 -- found version 2.0.3
[1.387s] -- Looking for gz-transport13 -- found version 13.4.0
[1.387s] -- Looking for gz-rendering8 -- found version 8.2.1
[1.387s] -- Searching for dependencies of gz-rendering8
[1.388s] -- Looking for gz-math7 -- found version 7.5.1
[1.388s] -- Searching for dependencies of gz-math7
[1.388s] -- Looking for gz-utils2 -- found version 2.2.0
[1.388s] -- Searching for <gz-math7> component [eigen3]
[1.388s] -- Looking for gz-math7-eigen3 -- found version 7.5.1
[1.388s] -- Searching for dependencies of gz-math7-eigen3
[1.389s] -- Looking for gz-common5 -- found version 5.7.0
[1.389s] -- Searching for dependencies of gz-common5
[1.389s] -- Looking for gz-utils2 -- found version 2.2.0
[1.389s] -- Looking for dlfcn.h - found
[1.390s] -- Looking for libdl - found
[1.395s] -- Searching for <gz-common5> component [graphics]
[1.395s] -- Searching for <gz-common5> component [events]
[1.395s] -- Searching for <gz-common5> component [geospatial]
[1.396s] -- Looking for gz-common5-geospatial -- found version 5.7.0
[1.396s] -- Searching for dependencies of gz-common5-geospatial
[1.396s] -- Looking for gz-math7 -- found version 7.5.1
[1.396s] -- Looking for gz-common5 -- found version 5.7.0
[1.397s] -- Looking for gz-plugin2 -- found version 2.0.3
[1.397s] -- Searching for dependencies of gz-plugin2
[1.397s] -- Looking for gz-utils2 -- found version 2.2.0
[1.397s] -- Searching for <gz-plugin2> component [all]
[1.397s] -- Looking for all libraries of gz-plugin2 -- found version 2.0.3
[1.398s] -- Looking for gz-plugin2 -- found version 2.0.3
[1.398s] -- Looking for gz-utils2 -- found version 2.2.0
[1.400s] -- Looking for gz-msgs10 -- found version 10.3.1
[1.410s] -- Looking for gz-physics7 -- found version 7.4.0
[1.410s] -- Searching for dependencies of gz-physics7
[1.410s] -- Looking for gz-common5 -- found version 5.7.0
[1.410s] -- Looking for gz-math7 -- found version 7.5.1
[1.410s] -- Looking for gz-plugin2 -- found version 2.0.3
[1.411s] -- Looking for gz-utils2 -- found version 2.2.0
[1.411s] -- Searching for <gz-physics7> component [heightmap]
[1.411s] -- Looking for gz-physics7-heightmap -- found version 7.4.0
[1.411s] -- Searching for dependencies of gz-physics7-heightmap
[1.412s] -- Looking for gz-common5 -- found version 5.7.0
[1.412s] -- Searching for <gz-physics7> component [mesh]
[1.412s] -- Looking for gz-physics7-mesh -- found version 7.4.0
[1.412s] -- Searching for dependencies of gz-physics7-mesh
[1.413s] -- Looking for gz-common5 -- found version 5.7.0
[1.413s] -- Searching for <gz-physics7> component [sdf]
[1.413s] -- Looking for gz-physics7-sdf -- found version 7.4.0
[1.413s] -- Searching for dependencies of gz-physics7-sdf
[1.413s] -- Looking for sdformat14 -- found version 14.5.0
[1.414s] -- Looking for gz-sensors8 -- found version 8.2.1
[1.414s] -- Searching for dependencies of gz-sensors8
[1.427s] -- Looking for gz-math7 -- found version 7.5.1
[1.428s] -- Looking for gz-common5 -- found version 5.7.0
[1.428s] -- Looking for gz-transport13 -- found version 13.4.0
[1.428s] -- Looking for gz-rendering8 -- found version 8.2.1
[1.429s] -- Looking for gz-msgs10 -- found version 10.3.1
[1.430s] -- Looking for sdformat14 -- found version 14.5.0
[1.430s] -- Searching for <gz-sensors8> component [air_pressure]
[1.431s] -- Looking for gz-sensors8-air_pressure -- found version 8.2.1
[1.431s] -- Searching for dependencies of gz-sensors8-air_pressure
[1.432s] -- Searching for <gz-sensors8> component [air_speed]
[1.432s] -- Looking for gz-sensors8-air_speed -- found version 8.2.1
[1.432s] -- Searching for dependencies of gz-sensors8-air_speed
[1.433s] -- Searching for <gz-sensors8> component [altimeter]
[1.433s] -- Looking for gz-sensors8-altimeter -- found version 8.2.1
[1.433s] -- Searching for dependencies of gz-sensors8-altimeter
[1.433s] -- Searching for <gz-sensors8> component [imu]
[1.434s] -- Looking for gz-sensors8-imu -- found version 8.2.1
[1.434s] -- Searching for dependencies of gz-sensors8-imu
[1.434s] -- Searching for <gz-sensors8> component [force_torque]
[1.434s] -- Looking for gz-sensors8-force_torque -- found version 8.2.1
[1.434s] -- Searching for dependencies of gz-sensors8-force_torque
[1.435s] -- Searching for <gz-sensors8> component [logical_camera]
[1.435s] -- Looking for gz-sensors8-logical_camera -- found version 8.2.1
[1.435s] -- Searching for dependencies of gz-sensors8-logical_camera
[1.435s] -- Searching for <gz-sensors8> component [magnetometer]
[1.436s] -- Looking for gz-sensors8-magnetometer -- found version 8.2.1
[1.436s] -- Searching for dependencies of gz-sensors8-magnetometer
[1.436s] -- Searching for <gz-sensors8> component [navsat]
[1.436s] -- Looking for gz-sensors8-navsat -- found version 8.2.1
[1.436s] -- Searching for dependencies of gz-sensors8-navsat
[1.437s] -- Searching for <gz-sensors8> component [dvl]
[1.437s] -- Looking for gz-sensors8-dvl -- found version 8.2.1
[1.437s] -- Searching for dependencies of gz-sensors8-dvl
[1.437s] -- Looking for gz-sensors8 -- found version 8.2.1
[1.437s] -- Searching for dependencies of gz-sensors8
[1.450s] -- Looking for gz-math7 -- found version 7.5.1
[1.451s] -- Looking for gz-common5 -- found version 5.7.0
[1.451s] -- Looking for gz-transport13 -- found version 13.4.0
[1.451s] -- Looking for gz-rendering8 -- found version 8.2.1
[1.451s] -- Looking for gz-msgs10 -- found version 10.3.1
[1.451s] -- Looking for sdformat14 -- found version 14.5.0
[1.452s] -- Searching for <gz-sensors8> component [rendering]
[1.452s] -- Looking for gz-sensors8-rendering -- found version 8.2.1
[1.452s] -- Searching for dependencies of gz-sensors8-rendering
[1.452s] -- Searching for <gz-sensors8> component [rendering]
[1.452s] -- Searching for <gz-sensors8> component [lidar]
[1.453s] -- Looking for gz-sensors8-lidar -- found version 8.2.1
[1.453s] -- Searching for dependencies of gz-sensors8-lidar
[1.453s] -- Looking for gz-sensors8 -- found version 8.2.1
[1.453s] -- Searching for <gz-sensors8> component [gpu_lidar]
[1.453s] -- Looking for gz-sensors8-gpu_lidar -- found version 8.2.1
[1.454s] -- Searching for dependencies of gz-sensors8-gpu_lidar
[1.454s] -- Looking for gz-sensors8 -- found version 8.2.1
[1.454s] -- Searching for <gz-sensors8> component [camera]
[1.454s] -- Looking for gz-sensors8-camera -- found version 8.2.1
[1.454s] -- Searching for dependencies of gz-sensors8-camera
[1.455s] -- Looking for gz-sensors8 -- found version 8.2.1
[1.455s] -- Searching for <gz-sensors8> component [boundingbox_camera]
[1.455s] -- Looking for gz-sensors8-boundingbox_camera -- found version 8.2.1
[1.455s] -- Searching for dependencies of gz-sensors8-boundingbox_camera
[1.456s] -- Searching for <gz-sensors8> component [segmentation_camera]
[1.456s] -- Looking for gz-sensors8-segmentation_camera -- found version 8.2.1
[1.456s] -- Searching for dependencies of gz-sensors8-segmentation_camera
[1.456s] -- Searching for <gz-sensors8> component [depth_camera]
[1.456s] -- Looking for gz-sensors8-depth_camera -- found version 8.2.1
[1.456s] -- Searching for dependencies of gz-sensors8-depth_camera
[1.457s] -- Looking for gz-sensors8 -- found version 8.2.1
[1.457s] -- Searching for <gz-sensors8> component [rgbd_camera]
[1.457s] -- Looking for gz-sensors8-rgbd_camera -- found version 8.2.1
[1.457s] -- Searching for dependencies of gz-sensors8-rgbd_camera
[1.458s] -- Looking for gz-sensors8 -- found version 8.2.1
[1.458s] -- Searching for <gz-sensors8> component [thermal_camera]
[1.458s] -- Looking for gz-sensors8-thermal_camera -- found version 8.2.1
[1.458s] -- Searching for dependencies of gz-sensors8-thermal_camera
[1.458s] -- Looking for gz-sensors8 -- found version 8.2.1
[1.459s] -- Searching for <gz-sensors8> component [wide_angle_camera]
[1.459s] -- Looking for gz-sensors8-wide_angle_camera -- found version 8.2.1
[1.459s] -- Searching for dependencies of gz-sensors8-wide_angle_camera
[1.460s] -- Looking for gz-rendering8 -- found version 8.2.1
[1.460s] -- Looking for gz-math7 -- found version 7.5.1
[1.460s] -- Looking for gz-utils2 -- found version 2.2.0
[1.473s] -- Looking for gz-plugin2 -- found version 2.0.3
[1.476s] -- Found ament_lint_auto: 0.17.1 (/opt/ros/jazzy/share/ament_lint_auto/cmake)
[1.535s] -- Added test 'cppcheck' to perform static code analysis on C / C++ code
[1.535s] -- Configured cppcheck include dirs: /home/ahoque245/Projects/simulations/blackbird_walking/realtime_ws/src/blackbird_ros2/include
[1.536s] -- Configured cppcheck exclude dirs and/or files: 
[1.536s] -- Added test 'flake8' to check Python code syntax and style conventions
[1.536s] -- Configured 'flake8' exclude dirs and/or files: 
[1.536s] -- Added test 'lint_cmake' to check CMake code style
[1.536s] -- Added test 'pep257' to check Python code against some of the docstring style conventions in PEP 257
[1.537s] -- Added test 'uncrustify' to check C / C++ code style
[1.537s] -- Configured uncrustify additional arguments: 
[1.537s] -- Added test 'xmllint' to check XML markup files
[1.538s] -- Configuring done (1.5s)
[1.558s] -- Generating done (0.0s)
[1.564s] -- Build files have been written to: /home/ahoque245/Projects/simulations/blackbird_walking/realtime_ws/build/blackbird_ros2
[1.610s] [ 25%] Built target reverse_effort_cpp
[1.613s] [ 50%] Built target effort_example_cpp
[1.618s] [ 75%] Built target BlackbirdContactPlugin
[1.619s] [ 87%] [32mBuilding CXX object CMakeFiles/BlackbirdPosePublisher.dir/src/PosePublisher.cpp.o[0m
[4.040s] In file included from [01m[K/home/ahoque245/Projects/simulations/blackbird_walking/realtime_ws/src/blackbird_ros2/src/PosePublisher.cpp:1[m[K:
[4.040s] [01m[K/home/ahoque245/Projects/simulations/blackbird_walking/realtime_ws/src/blackbird_ros2/include/PosePublisher.h:51:9:[m[K [01;31m[Kerror: [m[K‘[01m[Kvector[m[K’ does not name a type
[4.040s]    51 |         [01;31m[Kvector[m[K<bool> GetContacts(const gz::sim::EntityComponentManager &ecm);
[4.040s]       |         [01;31m[K^~~~~~[m[K
[4.044s] [01m[K/home/ahoque245/Projects/simulations/blackbird_walking/realtime_ws/src/blackbird_ros2/src/PosePublisher.cpp:[m[K In constructor ‘[01m[Kblackbird_ros2::BlackbirdPosePublisher::[01;32m[KBlackbirdPosePublisher[m[K()[m[K’:
[4.044s] [01m[K/home/ahoque245/Projects/simulations/blackbird_walking/realtime_ws/src/blackbird_ros2/src/PosePublisher.cpp:7:60:[m[K [01;31m[Kerror: [m[K‘[01m[KPose[m[K’ is not a member of ‘[01m[Kgeometry_msgs::msg[m[K’; did you mean ‘[01m[Kgz::msgs::Pose[m[K’?
[4.044s]     7 |         pub_ = node_->create_publisher<geometry_msgs::msg::[01;31m[KPose[m[K>("torso_pose", 10);
[4.044s]       |                                                            [01;31m[K^~~~[m[K
[4.044s] In file included from [01m[K/opt/ros/jazzy/opt/gz_msgs_vendor/include/gz/msgs10/gz/msgs/pose.pb.h:12[m[K,
[4.044s]                  from [01m[K/opt/ros/jazzy/opt/gz_msgs_vendor/include/gz/msgs10/gz/msgs/details/actor.pb.h:35[m[K,
[4.044s]                  from [01m[K/opt/ros/jazzy/opt/gz_msgs_vendor/include/gz/msgs10/gz/msgs/actor.pb.h:12[m[K,
[4.044s]                  from [01m[K/opt/ros/jazzy/opt/gz_sim_vendor/include/gz/sim8/gz/sim/Conversions.hh:20[m[K,
[4.044s]                  from [01m[K/opt/ros/jazzy/opt/gz_sim_vendor/include/gz/sim8/gz/sim/components/Serialization.hh:37[m[K,
[4.044s]                  from [01m[K/opt/ros/jazzy/opt/gz_sim_vendor/include/gz/sim8/gz/sim/components/Name.hh:23[m[K,
[4.044s]                  from [01m[K/home/ahoque245/Projects/simulations/blackbird_walking/realtime_ws/src/blackbird_ros2/include/PosePublisher.h:12[m[K:
[4.044s] [01m[K/opt/ros/jazzy/opt/gz_msgs_vendor/include/gz/msgs10/gz/msgs/details/pose.pb.h:65:23:[m[K [01;36m[Knote: [m[K‘[01m[Kgz::msgs::Pose[m[K’ declared here
[4.045s]    65 | class GZ_MSGS_VISIBLE [01;36m[KPose[m[K final :
[4.045s]       |                       [01;36m[K^~~~[m[K
[4.045s] [01m[K/home/ahoque245/Projects/simulations/blackbird_walking/realtime_ws/src/blackbird_ros2/src/PosePublisher.cpp:7:65:[m[K [01;31m[Kerror: [m[Kno matching function for call to ‘[01m[Krclcpp::Node::create_publisher<<expression error> >(const char [11], int)[m[K’
[4.045s]     7 |     pub_ = [01;31m[Knode_->create_publisher<geometry_msgs::msg::Pose>("torso_pose", 10)[m[K;
[4.045s]       |            [01;31m[K~~~~~~~~~~~~~~~~~~~~~~~~~~~~~~~~~~~~~~~~~~~~~~~~~^~~~~~~~~~~~~~~~~~[m[K
[4.045s] 
[4.045s] In file included from [01m[K/opt/ros/jazzy/include/rclcpp/rclcpp/executors/single_threaded_executor.hpp:28[m[K,
[4.045s]                  from [01m[K/opt/ros/jazzy/include/rclcpp/rclcpp/executors.hpp:22[m[K,
[4.045s]                  from [01m[K/opt/ros/jazzy/include/rclcpp/rclcpp/rclcpp.hpp:172[m[K,
[4.045s]                  from [01m[K/home/ahoque245/Projects/simulations/blackbird_walking/realtime_ws/src/blackbird_ros2/include/PosePublisher.h:19[m[K:
[4.046s] [01m[K/opt/ros/jazzy/include/rclcpp/rclcpp/node.hpp:197:3:[m[K [01;36m[Knote: [m[Kcandidate: ‘[01m[Ktemplate<class MessageT, class AllocatorT, class PublisherT> std::shared_ptr<PublisherT> rclcpp::Node::[01;32m[Kcreate_publisher[m[K(const std::string&, const rclcpp::QoS&, const rclcpp::PublisherOptionsWithAllocator<AllocatorT>&)[m[K’
[4.046s]   197 |   [01;36m[Kcreate_publisher[m[K(
[4.046s]       |   [01;36m[K^~~~~~~~~~~~~~~~[m[K
[4.046s] [01m[K/opt/ros/jazzy/include/rclcpp/rclcpp/node.hpp:197:3:[m[K [01;36m[Knote: [m[K  template argument deduction/substitution failed:
[4.046s] [01m[K/home/ahoque245/Projects/simulations/blackbird_walking/realtime_ws/src/blackbird_ros2/src/PosePublisher.cpp:7:65:[m[K [01;31m[Kerror: [m[Ktemplate argument 1 is invalid
[4.046s]     7 |     pub_ = [01;31m[Knode_->create_publisher<geometry_msgs::msg::Pose>("torso_pose", 10)[m[K;
[4.046s]       |            [01;31m[K~~~~~~~~~~~~~~~~~~~~~~~~~~~~~~~~~~~~~~~~~~~~~~~~~^~~~~~~~~~~~~~~~~~[m[K
[4.046s] 
[4.046s] [01m[K/home/ahoque245/Projects/simulations/blackbird_walking/realtime_ws/src/blackbird_ros2/src/PosePublisher.cpp:[m[K In member function ‘[01m[Kvirtual void blackbird_ros2::BlackbirdPosePublisher::[01;32m[KConfigure[m[K(const gz::sim::v8::Entity&, const std::shared_ptr<const sdf::v14::Element>&, gz::sim::v8::EntityComponentManager&, gz::sim::v8::EventManager&)[m[K’:
[4.046s] [01m[K/home/ahoque245/Projects/simulations/blackbird_walking/realtime_ws/src/blackbird_ros2/src/PosePublisher.cpp:28:117:[m[K [01;31m[Kerror: [m[K‘[01m[KLink[m[K’ is not a member of ‘[01m[Kgz::sim::v8::components[m[K’
[4.046s]    28 | nents(gz::sim::components::Name("torso"), gz::sim::components::[01;31m[KLink[m[K());
[4.046s]       |                                                                [01;31m[K^~~~[m[K
[4.046s] 
[4.046s] [01m[K/home/ahoque245/Projects/simulations/blackbird_walking/realtime_ws/src/blackbird_ros2/src/PosePublisher.cpp:28:117:[m[K [01;36m[Knote: [m[Ksuggested alternatives:
[4.047s] In file included from [01m[K/opt/ros/jazzy/opt/sdformat_vendor/include/gz/sdformat14/sdf/Actor.hh:28[m[K,
[4.047s]                  from [01m[K/opt/ros/jazzy/opt/gz_sim_vendor/include/gz/sim8/gz/sim/Conversions.hh:45[m[K:
[4.047s] [01m[K/opt/ros/jazzy/opt/sdformat_vendor/include/gz/sdformat14/sdf/Link.hh:51:26:[m[K [01;36m[Knote: [m[K  ‘[01m[Ksdf::v14::Link[m[K’
[4.047s]    51 |   class SDFORMAT_VISIBLE [01;36m[KLink[m[K
[4.047s]       |                          [01;36m[K^~~~[m[K
[4.047s] In file included from [01m[K/opt/ros/jazzy/opt/gz_msgs_vendor/include/gz/msgs10/gz/msgs/link.pb.h:12[m[K,
[4.047s]                  from [01m[K/opt/ros/jazzy/opt/gz_msgs_vendor/include/gz/msgs10/gz/msgs/details/model.pb.h:35[m[K,
[4.047s]                  from [01m[K/opt/ros/jazzy/opt/gz_msgs_vendor/include/gz/msgs10/gz/msgs/model.pb.h:12[m[K,
[4.047s]                  from [01m[K/opt/ros/jazzy/opt/gz_msgs_vendor/include/gz/msgs10/gz/msgs/details/scene.pb.h:39[m[K,
[4.047s]                  from [01m[K/opt/ros/jazzy/opt/gz_msgs_vendor/include/gz/msgs10/gz/msgs/scene.pb.h:12[m[K,
[4.047s]                  from [01m[K/opt/ros/jazzy/opt/gz_sim_vendor/include/gz/sim8/gz/sim/Conversions.hh:33[m[K:
[4.047s] [01m[K/opt/ros/jazzy/opt/gz_msgs_vendor/include/gz/msgs10/gz/msgs/details/link.pb.h:73:23:[m[K [01;36m[Knote: [m[K  ‘[01m[Kgz::msgs::Link[m[K’
[4.047s]    73 | class GZ_MSGS_VISIBLE [01;36m[KLink[m[K final :
[4.047s]       |                       [01;36m[K^~~~[m[K
[4.047s] [01m[K/home/ahoque245/Projects/simulations/blackbird_walking/realtime_ws/src/blackbird_ros2/src/PosePublisher.cpp:35:18:[m[K [01;31m[Kerror: [m[K‘[01m[KLink[m[K’ is not a member of ‘[01m[Kgz::sim[m[K’
[4.047s]    35 |         gz::sim::[01;31m[KLink[m[K torso_link(torso_ent);
[4.047s]       |                  [01;31m[K^~~~[m[K
[4.047s] [01m[K/home/ahoque245/Projects/simulations/blackbird_walking/realtime_ws/src/blackbird_ros2/src/PosePublisher.cpp:35:18:[m[K [01;36m[Knote: [m[Ksuggested alternatives:
[4.047s] [01m[K/opt/ros/jazzy/opt/sdformat_vendor/include/gz/sdformat14/sdf/Link.hh:51:26:[m[K [01;36m[Knote: [m[K  ‘[01m[Ksdf::v14::Link[m[K’
[4.047s]    51 |   class SDFORMAT_VISIBLE [01;36m[KLink[m[K
[4.047s]       |                          [01;36m[K^~~~[m[K
[4.047s] [01m[K/opt/ros/jazzy/opt/gz_msgs_vendor/include/gz/msgs10/gz/msgs/details/link.pb.h:73:23:[m[K [01;36m[Knote: [m[K  ‘[01m[Kgz::msgs::Link[m[K’
[4.047s]    73 | class GZ_MSGS_VISIBLE [01;36m[KLink[m[K final :
[4.047s]       |                       [01;36m[K^~~~[m[K
[4.050s] [01m[K/home/ahoque245/Projects/simulations/blackbird_walking/realtime_ws/src/blackbird_ros2/src/PosePublisher.cpp:36:31:[m[K [01;31m[Kerror: [m[K‘[01m[Ktorso_link[m[K’ was not declared in this scope; did you mean ‘[01m[Ktorso_ent[m[K’?
[4.050s]    36 |         auto world_pose_opt = [01;31m[Ktorso_link[m[K.WorldPose(ecm);
[4.050s]       |                               [01;31m[K^~~~~~~~~~[m[K
[4.050s]       |                               [32m[Ktorso_ent[m[K
[4.051s] [01m[K/home/ahoque245/Projects/simulations/blackbird_walking/realtime_ws/src/blackbird_ros2/src/PosePublisher.cpp:52:111:[m[K [01;31m[Kerror: [m[K‘[01m[KLink[m[K’ is not a member of ‘[01m[Kgz::sim::v8::components[m[K’
[4.051s]    52 | nts(gz::sim::components::Name(link_name), gz::sim::components::[01;31m[KLink[m[K());
[4.051s]       |                                                                [01;31m[K^~~~[m[K
[4.051s] 
[4.051s] [01m[K/home/ahoque245/Projects/simulations/blackbird_walking/realtime_ws/src/blackbird_ros2/src/PosePublisher.cpp:52:111:[m[K [01;36m[Knote: [m[Ksuggested alternatives:
[4.051s] [01m[K/opt/ros/jazzy/opt/sdformat_vendor/include/gz/sdformat14/sdf/Link.hh:51:26:[m[K [01;36m[Knote: [m[K  ‘[01m[Ksdf::v14::Link[m[K’
[4.051s]    51 |   class SDFORMAT_VISIBLE [01;36m[KLink[m[K
[4.051s]       |                          [01;36m[K^~~~[m[K
[4.051s] [01m[K/opt/ros/jazzy/opt/gz_msgs_vendor/include/gz/msgs10/gz/msgs/details/link.pb.h:73:23:[m[K [01;36m[Knote: [m[K  ‘[01m[Kgz::msgs::Link[m[K’
[4.051s]    73 | class GZ_MSGS_VISIBLE [01;36m[KLink[m[K final :
[4.051s]       |                       [01;36m[K^~~~[m[K
[4.052s] [01m[K/home/ahoque245/Projects/simulations/blackbird_walking/realtime_ws/src/blackbird_ros2/src/PosePublisher.cpp:53:111:[m[K [01;31m[Kerror: [m[K‘[01m[KCollision[m[K’ is not a member of ‘[01m[Kgz::sim::v8::components[m[K’
[4.052s]    53 | s = ecm.ChildrenByComponents(link_ent, gz::sim::components::[01;31m[KCollision[m[K());
[4.052s]       |                                                             [01;31m[K^~~~~~~~~[m[K
[4.052s] 
[4.052s] [01m[K/home/ahoque245/Projects/simulations/blackbird_walking/realtime_ws/src/blackbird_ros2/src/PosePublisher.cpp:53:111:[m[K [01;36m[Knote: [m[Ksuggested alternatives:
[4.052s] In file included from [01m[K/opt/ros/jazzy/opt/gz_sim_vendor/include/gz/sim8/gz/sim/Conversions.hh:47[m[K:
[4.052s] [01m[K/opt/ros/jazzy/opt/sdformat_vendor/include/gz/sdformat14/sdf/Collision.hh:50:26:[m[K [01;36m[Knote: [m[K  ‘[01m[Ksdf::v14::Collision[m[K’
[4.052s]    50 |   class SDFORMAT_VISIBLE [01;36m[KCollision[m[K
[4.052s]       |                          [01;36m[K^~~~~~~~~[m[K
[4.052s] In file included from [01m[K/opt/ros/jazzy/opt/gz_msgs_vendor/include/gz/msgs10/gz/msgs/collision.pb.h:12[m[K,
[4.052s]                  from [01m[K/opt/ros/jazzy/opt/gz_msgs_vendor/include/gz/msgs10/gz/msgs/details/link.pb.h:34[m[K:
[4.052s] [01m[K/opt/ros/jazzy/opt/gz_msgs_vendor/include/gz/msgs10/gz/msgs/details/collision.pb.h:67:23:[m[K [01;36m[Knote: [m[K  ‘[01m[Kgz::msgs::Collision[m[K’
[4.052s]    67 | class GZ_MSGS_VISIBLE [01;36m[KCollision[m[K final :
[4.052s]       |                       [01;36m[K^~~~~~~~~[m[K
[4.053s] [01m[K/home/ahoque245/Projects/simulations/blackbird_walking/realtime_ws/src/blackbird_ros2/src/PosePublisher.cpp:65:67:[m[K [01;31m[Kerror: [m[K‘[01m[KContactSensorData[m[K’ is not a member of ‘[01m[Kgz::sim::v8::components[m[K’
[4.053s]    65 |           auto contact = ecm.Component<gz::sim::components::[01;31m[KContactSensorData[m[K>(collision);
[4.053s]       |                                                             [01;31m[K^~~~~~~~~~~~~~~~~[m[K
[4.053s] 
[4.053s] [01m[K/home/ahoque245/Projects/simulations/blackbird_walking/realtime_ws/src/blackbird_ros2/src/PosePublisher.cpp:65:85:[m[K [01;31m[Kerror: [m[Kno matching function for call to ‘[01m[Kgz::sim::v8::EntityComponentManager::Component<<expression error> >(long unsigned int&)[m[K’
[4.053s]    65 | tact = [01;31m[Kecm.Component<gz::sim::components::ContactSensorData>(collision)[m[K;
[4.053s]       |        [01;31m[K~~~~~~~~~~~~~~~~~~~~~~~~~~~~~~~~~~~~~~~~~~~~~~~~~~~~~^~~~~~~~~~~[m[K
[4.053s] 
[4.053s] In file included from [01m[K/opt/ros/jazzy/opt/gz_sim_vendor/include/gz/sim8/gz/sim/System.hh:24[m[K,
[4.053s]                  from [01m[K/home/ahoque245/Projects/simulations/blackbird_walking/realtime_ws/src/blackbird_ros2/include/PosePublisher.h:15[m[K:
[4.053s] [01m[K/opt/ros/jazzy/opt/gz_sim_vendor/include/gz/sim8/gz/sim/EntityComponentManager.hh:258:37:[m[K [01;36m[Knote: [m[Kcandidate: ‘[01m[Ktemplate<class ComponentTypeT> const ComponentTypeT* gz::sim::v8::EntityComponentManager::[01;32m[KComponent[m[K(gz::sim::v8::Entity) const[m[K’
[4.053s]   258 |               const ComponentTypeT *[01;36m[KComponent[m[K(const Entity _entity) const;
[4.053s]       |                                     [01;36m[K^~~~~~~~~[m[K
[4.053s] [01m[K/opt/ros/jazzy/opt/gz_sim_vendor/include/gz/sim8/gz/sim/EntityComponentManager.hh:258:37:[m[K [01;36m[Knote: [m[K  template argument deduction/substitution failed:
[4.053s] [01m[K/home/ahoque245/Projects/simulations/blackbird_walking/realtime_ws/src/blackbird_ros2/src/PosePublisher.cpp:65:85:[m[K [01;31m[Kerror: [m[Ktemplate argument 1 is invalid
[4.053s]    65 | tact = [01;31m[Kecm.Component<gz::sim::components::ContactSensorData>(collision)[m[K;
[4.053s]       |        [01;31m[K~~~~~~~~~~~~~~~~~~~~~~~~~~~~~~~~~~~~~~~~~~~~~~~~~~~~~^~~~~~~~~~~[m[K
[4.053s] 
[4.053s] [01m[K/opt/ros/jazzy/opt/gz_sim_vendor/include/gz/sim8/gz/sim/EntityComponentManager.hh:266:31:[m[K [01;36m[Knote: [m[Kcandidate: ‘[01m[Ktemplate<class ComponentTypeT> ComponentTypeT* gz::sim::v8::EntityComponentManager::[01;32m[KComponent[m[K(gz::sim::v8::Entity)[m[K’
[4.053s]   266 |               ComponentTypeT *[01;36m[KComponent[m[K(const Entity _entity);
[4.053s]       |                               [01;36m[K^~~~~~~~~[m[K
[4.053s] [01m[K/opt/ros/jazzy/opt/gz_sim_vendor/include/gz/sim8/gz/sim/EntityComponentManager.hh:266:31:[m[K [01;36m[Knote: [m[K  template argument deduction/substitution failed:
[4.053s] [01m[K/home/ahoque245/Projects/simulations/blackbird_walking/realtime_ws/src/blackbird_ros2/src/PosePublisher.cpp:65:85:[m[K [01;31m[Kerror: [m[Ktemplate argument 1 is invalid
[4.053s]    65 | tact = [01;31m[Kecm.Component<gz::sim::components::ContactSensorData>(collision)[m[K;
[4.053s]       |        [01;31m[K~~~~~~~~~~~~~~~~~~~~~~~~~~~~~~~~~~~~~~~~~~~~~~~~~~~~~^~~~~~~~~~~[m[K
[4.053s] 
[4.054s] [01m[K/home/ahoque245/Projects/simulations/blackbird_walking/realtime_ws/src/blackbird_ros2/src/PosePublisher.cpp:69:73:[m[K [01;31m[Kerror: [m[K‘[01m[KContactSensorData[m[K’ is not a member of ‘[01m[Kgz::sim::v8::components[m[K’
[4.054s]    69 |         ecm.CreateComponent(collision, gz::sim::components::[01;31m[KContactSensorData[m[K());
[4.054s]       |                                                             [01;31m[K^~~~~~~~~~~~~~~~~[m[K
[4.054s] 
[4.057s] [01m[K/home/ahoque245/Projects/simulations/blackbird_walking/realtime_ws/src/blackbird_ros2/src/PosePublisher.cpp:72:17:[m[K [01;31m[Kerror: [m[K‘[01m[Klink_map[m[K’ was not declared in this scope; did you mean ‘[01m[Klinkat[m[K’?
[4.057s]    72 |                 [01;31m[Klink_map[m[K[link_name].push_back(collision_name); // ez debugging this method
[4.057s]       |                 [01;31m[K^~~~~~~~[m[K
[4.057s]       |                 [32m[Klinkat[m[K
[4.058s] [01m[K/home/ahoque245/Projects/simulations/blackbird_walking/realtime_ws/src/blackbird_ros2/src/PosePublisher.cpp:[m[K In member function ‘[01m[Kvirtual void blackbird_ros2::BlackbirdPosePublisher::[01;32m[KPostUpdate[m[K(const gz::sim::v8::UpdateInfo&, const gz::sim::v8::EntityComponentManager&)[m[K’:
[4.058s] [01m[K/home/ahoque245/Projects/simulations/blackbird_walking/realtime_ws/src/blackbird_ros2/src/PosePublisher.cpp:84:117:[m[K [01;31m[Kerror: [m[K‘[01m[KLink[m[K’ is not a member of ‘[01m[Kgz::sim::v8::components[m[K’
[4.058s]    84 | nents(gz::sim::components::Name("torso"), gz::sim::components::[01;31m[KLink[m[K());
[4.058s]       |                                                                [01;31m[K^~~~[m[K
[4.058s] 
[4.058s] [01m[K/home/ahoque245/Projects/simulations/blackbird_walking/realtime_ws/src/blackbird_ros2/src/PosePublisher.cpp:84:117:[m[K [01;36m[Knote: [m[Ksuggested alternatives:
[4.058s] [01m[K/opt/ros/jazzy/opt/sdformat_vendor/include/gz/sdformat14/sdf/Link.hh:51:26:[m[K [01;36m[Knote: [m[K  ‘[01m[Ksdf::v14::Link[m[K’
[4.058s]    51 |   class SDFORMAT_VISIBLE [01;36m[KLink[m[K
[4.058s]       |                          [01;36m[K^~~~[m[K
[4.058s] [01m[K/opt/ros/jazzy/opt/gz_msgs_vendor/include/gz/msgs10/gz/msgs/details/link.pb.h:73:23:[m[K [01;36m[Knote: [m[K  ‘[01m[Kgz::msgs::Link[m[K’
[4.058s]    73 | class GZ_MSGS_VISIBLE [01;36m[KLink[m[K final :
[4.058s]       |                       [01;36m[K^~~~[m[K
[4.058s] [01m[K/home/ahoque245/Projects/simulations/blackbird_walking/realtime_ws/src/blackbird_ros2/src/PosePublisher.cpp:91:18:[m[K [01;31m[Kerror: [m[K‘[01m[KLink[m[K’ is not a member of ‘[01m[Kgz::sim[m[K’
[4.058s]    91 |         gz::sim::[01;31m[KLink[m[K torso_link(torso_ent);
[4.058s]       |                  [01;31m[K^~~~[m[K
[4.058s] [01m[K/home/ahoque245/Projects/simulations/blackbird_walking/realtime_ws/src/blackbird_ros2/src/PosePublisher.cpp:91:18:[m[K [01;36m[Knote: [m[Ksuggested alternatives:
[4.058s] [01m[K/opt/ros/jazzy/opt/sdformat_vendor/include/gz/sdformat14/sdf/Link.hh:51:26:[m[K [01;36m[Knote: [m[K  ‘[01m[Ksdf::v14::Link[m[K’
[4.058s]    51 |   class SDFORMAT_VISIBLE [01;36m[KLink[m[K
[4.058s]       |                          [01;36m[K^~~~[m[K
[4.058s] [01m[K/opt/ros/jazzy/opt/gz_msgs_vendor/include/gz/msgs10/gz/msgs/details/link.pb.h:73:23:[m[K [01;36m[Knote: [m[K  ‘[01m[Kgz::msgs::Link[m[K’
[4.059s]    73 | class GZ_MSGS_VISIBLE [01;36m[KLink[m[K final :
[4.059s]       |                       [01;36m[K^~~~[m[K
[4.062s] [01m[K/home/ahoque245/Projects/simulations/blackbird_walking/realtime_ws/src/blackbird_ros2/src/PosePublisher.cpp:92:31:[m[K [01;31m[Kerror: [m[K‘[01m[Ktorso_link[m[K’ was not declared in this scope; did you mean ‘[01m[Ktorso_ent[m[K’?
[4.062s]    92 |         auto torso_pose_opt = [01;31m[Ktorso_link[m[K.WorldPose(ecm);
[4.062s]       |                               [01;31m[K^~~~~~~~~~[m[K
[4.062s]       |                               [32m[Ktorso_ent[m[K
[4.066s] [01m[K/home/ahoque245/Projects/simulations/blackbird_walking/realtime_ws/src/blackbird_ros2/src/PosePublisher.cpp:99:9:[m[K [01;31m[Kerror: [m[K‘[01m[Kx_new[m[K’ was not declared in this scope
[4.066s]    99 |         [01;31m[Kx_new[m[K = torso_pose.Pos().X();
[4.066s]       |         [01;31m[K^~~~~[m[K
[4.070s] [01m[K/home/ahoque245/Projects/simulations/blackbird_walking/realtime_ws/src/blackbird_ros2/src/PosePublisher.cpp:100:9:[m[K [01;31m[Kerror: [m[K‘[01m[Ky_new[m[K’ was not declared in this scope
[4.070s]   100 |         [01;31m[Ky_new[m[K = torso_pose.Pos().Y();
[4.070s]       |         [01;31m[K^~~~~[m[K
[4.073s] [01m[K/home/ahoque245/Projects/simulations/blackbird_walking/realtime_ws/src/blackbird_ros2/src/PosePublisher.cpp:101:9:[m[K [01;31m[Kerror: [m[K‘[01m[Kz_new[m[K’ was not declared in this scope
[4.073s]   101 |         [01;31m[Kz_new[m[K = torso_pose.Pos().Z();
[4.073s]       |         [01;31m[K^~~~~[m[K
[4.077s] [01m[K/home/ahoque245/Projects/simulations/blackbird_walking/realtime_ws/src/blackbird_ros2/src/PosePublisher.cpp:102:9:[m[K [01;31m[Kerror: [m[K‘[01m[Kr_new[m[K’ was not declared in this scope
[4.077s]   102 |         [01;31m[Kr_new[m[K = torso_pose.Rot().Roll();
[4.077s]       |         [01;31m[K^~~~~[m[K
[4.080s] [01m[K/home/ahoque245/Projects/simulations/blackbird_walking/realtime_ws/src/blackbird_ros2/src/PosePublisher.cpp:103:9:[m[K [01;31m[Kerror: [m[K‘[01m[Kp_new[m[K’ was not declared in this scope
[4.080s]   103 |         [01;31m[Kp_new[m[K = torso_pose.Rot().Pitch();
[4.080s]       |         [01;31m[K^~~~~[m[K
[4.084s] [01m[K/home/ahoque245/Projects/simulations/blackbird_walking/realtime_ws/src/blackbird_ros2/src/PosePublisher.cpp:104:9:[m[K [01;31m[Kerror: [m[K‘[01m[Kw_new[m[K’ was not declared in this scope
[4.084s]   104 |         [01;31m[Kw_new[m[K = torso_pose.Rot().Yaw();
[4.084s]       |         [01;31m[K^~~~~[m[K
[4.087s] [01m[K/home/ahoque245/Projects/simulations/blackbird_walking/realtime_ws/src/blackbird_ros2/src/PosePublisher.cpp:114:55:[m[K [01;31m[Kerror: [m[K‘[01m[Kinfo[m[K’ was not declared in this scope; did you mean ‘[01m[K_info[m[K’?
[4.087s]   114 |         double dub_dt = std::chrono::duration<double>([01;31m[Kinfo[m[K.dt).count();
[4.087s]       |                                                       [01;31m[K^~~~[m[K
[4.087s]       |                                                       [32m[K_info[m[K
[4.088s] [01m[K/home/ahoque245/Projects/simulations/blackbird_walking/realtime_ws/src/blackbird_ros2/src/PosePublisher.cpp:143:113:[m[K [01;31m[Kerror: [m[K‘[01m[KJoint[m[K’ is not a member of ‘[01m[Kgz::sim::v8::components[m[K’
[4.088s]   143 | s(gz::sim::components::Name(joint_name), gz::sim::components::[01;31m[KJoint[m[K());
[4.088s]       |                                                               [01;31m[K^~~~~[m[K
[4.088s] 
[4.088s] [01m[K/home/ahoque245/Projects/simulations/blackbird_walking/realtime_ws/src/blackbird_ros2/src/PosePublisher.cpp:143:113:[m[K [01;36m[Knote: [m[Ksuggested alternatives:
[4.088s] In file included from [01m[K/opt/ros/jazzy/opt/sdformat_vendor/include/gz/sdformat14/sdf/Actor.hh:29[m[K:
[4.088s] [01m[K/opt/ros/jazzy/opt/sdformat_vendor/include/gz/sdformat14/sdf/Joint.hh:85:26:[m[K [01;36m[Knote: [m[K  ‘[01m[Ksdf::v14::Joint[m[K’
[4.088s]    85 |   class SDFORMAT_VISIBLE [01;36m[KJoint[m[K
[4.088s]       |                          [01;36m[K^~~~~[m[K
[4.088s] In file included from [01m[K/opt/ros/jazzy/opt/gz_msgs_vendor/include/gz/msgs10/gz/msgs/joint.pb.h:12[m[K,
[4.088s]                  from [01m[K/opt/ros/jazzy/opt/gz_msgs_vendor/include/gz/msgs10/gz/msgs/details/scene.pb.h:37[m[K:
[4.088s] [01m[K/opt/ros/jazzy/opt/gz_msgs_vendor/include/gz/msgs10/gz/msgs/details/joint.pb.h:419:23:[m[K [01;36m[Knote: [m[K  ‘[01m[Kgz::msgs::Joint[m[K’
[4.089s]   419 | class GZ_MSGS_VISIBLE [01;36m[KJoint[m[K final :
[4.089s]       |                       [01;36m[K^~~~~[m[K
[4.089s] [01m[K/home/ahoque245/Projects/simulations/blackbird_walking/realtime_ws/src/blackbird_ros2/src/PosePublisher.cpp:145:62:[m[K [01;31m[Kerror: [m[K‘[01m[KJointPosition[m[K’ is not a member of ‘[01m[Kgz::sim::v8::components[m[K’
[4.089s]   145 |            auto* j_pos = ecm.Component<gz::sim::components::[01;31m[KJointPosition[m[K>(joint_ent);
[4.089s]       |                                                             [01;31m[K^~~~~~~~~~~~~[m[K
[4.089s] 
[4.089s] [01m[K/home/ahoque245/Projects/simulations/blackbird_walking/realtime_ws/src/blackbird_ros2/src/PosePublisher.cpp:149:62:[m[K [01;31m[Kerror: [m[K‘[01m[KJointVelocity[m[K’ is not a member of ‘[01m[Kgz::sim::v8::components[m[K’
[4.089s]   149 |            auto* j_vel = ecm.Component<gz::sim::components::[01;31m[KJointVelocity[m[K>(joint_ent);
[4.089s]       |                                                             [01;31m[K^~~~~~~~~~~~~[m[K
[4.089s] 
[4.089s] [01m[K/home/ahoque245/Projects/simulations/blackbird_walking/realtime_ws/src/blackbird_ros2/src/PosePublisher.cpp:162:122:[m[K [01;31m[Kerror: [m[K‘[01m[KLink[m[K’ is not a member of ‘[01m[Kgz::sim::v8::components[m[K’
[4.090s]   162 | nts(gz::sim::components::Name(link_name), gz::sim::components::[01;31m[KLink[m[K());
[4.090s]       |                                                                [01;31m[K^~~~[m[K
[4.090s] 
[4.090s] [01m[K/home/ahoque245/Projects/simulations/blackbird_walking/realtime_ws/src/blackbird_ros2/src/PosePublisher.cpp:162:122:[m[K [01;36m[Knote: [m[Ksuggested alternatives:
[4.090s] [01m[K/opt/ros/jazzy/opt/sdformat_vendor/include/gz/sdformat14/sdf/Link.hh:51:26:[m[K [01;36m[Knote: [m[K  ‘[01m[Ksdf::v14::Link[m[K’
[4.090s]    51 |   class SDFORMAT_VISIBLE [01;36m[KLink[m[K
[4.090s]       |                          [01;36m[K^~~~[m[K
[4.090s] [01m[K/opt/ros/jazzy/opt/gz_msgs_vendor/include/gz/msgs10/gz/msgs/details/link.pb.h:73:23:[m[K [01;36m[Knote: [m[K  ‘[01m[Kgz::msgs::Link[m[K’
[4.090s]    73 | class GZ_MSGS_VISIBLE [01;36m[KLink[m[K final :
[4.090s]       |                       [01;36m[K^~~~[m[K
[4.090s] [01m[K/home/ahoque245/Projects/simulations/blackbird_walking/realtime_ws/src/blackbird_ros2/src/PosePublisher.cpp:163:115:[m[K [01;31m[Kerror: [m[K‘[01m[KCollision[m[K’ is not a member of ‘[01m[Kgz::sim::v8::components[m[K’
[4.090s]   163 | s = ecm.ChildrenByComponents(link_ent, gz::sim::components::[01;31m[KCollision[m[K());
[4.090s]       |                                                             [01;31m[K^~~~~~~~~[m[K
[4.090s] 
[4.090s] [01m[K/home/ahoque245/Projects/simulations/blackbird_walking/realtime_ws/src/blackbird_ros2/src/PosePublisher.cpp:163:115:[m[K [01;36m[Knote: [m[Ksuggested alternatives:
[4.090s] [01m[K/opt/ros/jazzy/opt/sdformat_vendor/include/gz/sdformat14/sdf/Collision.hh:50:26:[m[K [01;36m[Knote: [m[K  ‘[01m[Ksdf::v14::Collision[m[K’
[4.091s]    50 |   class SDFORMAT_VISIBLE [01;36m[KCollision[m[K
[4.091s]       |                          [01;36m[K^~~~~~~~~[m[K
[4.091s] [01m[K/opt/ros/jazzy/opt/gz_msgs_vendor/include/gz/msgs10/gz/msgs/details/collision.pb.h:67:23:[m[K [01;36m[Knote: [m[K  ‘[01m[Kgz::msgs::Collision[m[K’
[4.091s]    67 | class GZ_MSGS_VISIBLE [01;36m[KCollision[m[K final :
[4.091s]       |                       [01;36m[K^~~~~~~~~[m[K
[4.093s] [01m[K/home/ahoque245/Projects/simulations/blackbird_walking/realtime_ws/src/blackbird_ros2/src/PosePublisher.cpp:164:57:[m[K [01;31m[Kerror: [m[K‘[01m[Klink_map[m[K’ was not declared in this scope; did you mean ‘[01m[Klinkat[m[K’?
[4.094s]   164 |             std::vector<std::string>& collision_names = [01;31m[Klink_map[m[K[link_name];
[4.094s]       |                                                         [01;31m[K^~~~~~~~[m[K
[4.094s]       |                                                         [32m[Klinkat[m[K
[4.094s] [01m[K/home/ahoque245/Projects/simulations/blackbird_walking/realtime_ws/src/blackbird_ros2/src/PosePublisher.cpp:167:67:[m[K [01;31m[Kerror: [m[K‘[01m[KContactSensorData[m[K’ is not a member of ‘[01m[Kgz::sim::v8::components[m[K’
[4.094s]   167 |           auto contact = ecm.Component<gz::sim::components::[01;31m[KContactSensorData[m[K>(collision);
[4.094s]       |                                                             [01;31m[K^~~~~~~~~~~~~~~~~[m[K
[4.094s] 
[4.094s] [01m[K/home/ahoque245/Projects/simulations/blackbird_walking/realtime_ws/src/blackbird_ros2/src/PosePublisher.cpp:167:85:[m[K [01;31m[Kerror: [m[Kno matching function for call to ‘[01m[Kgz::sim::v8::EntityComponentManager::Component<<expression error> >(long unsigned int&) const[m[K’
[4.094s]   167 | tact = [01;31m[Kecm.Component<gz::sim::components::ContactSensorData>(collision)[m[K;
[4.094s]       |        [01;31m[K~~~~~~~~~~~~~~~~~~~~~~~~~~~~~~~~~~~~~~~~~~~~~~~~~~~~~^~~~~~~~~~~[m[K
[4.094s] 
[4.094s] [01m[K/opt/ros/jazzy/opt/gz_sim_vendor/include/gz/sim8/gz/sim/EntityComponentManager.hh:266:31:[m[K [01;36m[Knote: [m[Kcandidate: ‘[01m[Ktemplate<class ComponentTypeT> ComponentTypeT* gz::sim::v8::EntityComponentManager::[01;32m[KComponent[m[K(gz::sim::v8::Entity)[m[K’
[4.094s]   266 |               ComponentTypeT *[01;36m[KComponent[m[K(const Entity _entity);
[4.095s]       |                               [01;36m[K^~~~~~~~~[m[K
[4.095s] [01m[K/opt/ros/jazzy/opt/gz_sim_vendor/include/gz/sim8/gz/sim/EntityComponentManager.hh:266:31:[m[K [01;36m[Knote: [m[K  template argument deduction/substitution failed:
[4.095s] [01m[K/home/ahoque245/Projects/simulations/blackbird_walking/realtime_ws/src/blackbird_ros2/src/PosePublisher.cpp:167:85:[m[K [01;31m[Kerror: [m[Ktemplate argument 1 is invalid
[4.095s]   167 | tact = [01;31m[Kecm.Component<gz::sim::components::ContactSensorData>(collision)[m[K;
[4.095s]       |        [01;31m[K~~~~~~~~~~~~~~~~~~~~~~~~~~~~~~~~~~~~~~~~~~~~~~~~~~~~~^~~~~~~~~~~[m[K
[4.095s] 
[4.095s] [01m[K/opt/ros/jazzy/opt/gz_sim_vendor/include/gz/sim8/gz/sim/EntityComponentManager.hh:258:37:[m[K [01;36m[Knote: [m[Kcandidate: ‘[01m[Ktemplate<class ComponentTypeT> const ComponentTypeT* gz::sim::v8::EntityComponentManager::[01;32m[KComponent[m[K(gz::sim::v8::Entity) const[m[K’
[4.095s]   258 |               const ComponentTypeT *[01;36m[KComponent[m[K(const Entity _entity) const;
[4.095s]       |                                     [01;36m[K^~~~~~~~~[m[K
[4.095s] [01m[K/opt/ros/jazzy/opt/gz_sim_vendor/include/gz/sim8/gz/sim/EntityComponentManager.hh:258:37:[m[K [01;36m[Knote: [m[K  template argument deduction/substitution failed:
[4.095s] [01m[K/home/ahoque245/Projects/simulations/blackbird_walking/realtime_ws/src/blackbird_ros2/src/PosePublisher.cpp:167:85:[m[K [01;31m[Kerror: [m[Ktemplate argument 1 is invalid
[4.095s]   167 | tact = [01;31m[Kecm.Component<gz::sim::components::ContactSensorData>(collision)[m[K;
[4.095s]       |        [01;31m[K~~~~~~~~~~~~~~~~~~~~~~~~~~~~~~~~~~~~~~~~~~~~~~~~~~~~~^~~~~~~~~~~[m[K
[4.095s] 
[4.095s] [01m[K/home/ahoque245/Projects/simulations/blackbird_walking/realtime_ws/src/blackbird_ros2/src/PosePublisher.cpp:164:39:[m[K [01;35m[Kwarning: [m[Kunused variable ‘[01m[Kcollision_names[m[K’ [[01;35m[K]8;;https://gcc.gnu.org/onlinedocs/gcc/Warning-Options.html#index-Wunused-variable-Wunused-variable]8;;[m[K]
[4.095s]   164 |             std::vector<std::string>& [01;35m[Kcollision_names[m[K = link_map[link_name];
[4.095s]       |                                       [01;35m[K^~~~~~~~~~~~~~~[m[K
[4.095s] [01m[K/home/ahoque245/Projects/simulations/blackbird_walking/realtime_ws/src/blackbird_ros2/src/PosePublisher.cpp:187:41:[m[K [01;31m[Kerror: [m[Kexpected ‘[01m[K;[m[K’ before ‘[01m[Kpub_[m[K’
[4.095s]   187 |         msg_.data = std::move(state_vec)
[4.095s]       |                                         [01;31m[K^[m[K
[4.095s]       |                                         [32m[K;[m[K
[4.095s]   188 | 
[4.095s]   189 |         [32m[Kpub_[m[K->publish(msg_);
[4.095s]       |         [32m[K~~~~[m[K                             
[4.095s] [01m[K/home/ahoque245/Projects/simulations/blackbird_walking/realtime_ws/src/blackbird_ros2/src/PosePublisher.cpp:79:71:[m[K [01;35m[Kwarning: [m[Kunused parameter ‘[01m[K_info[m[K’ [[01;35m[K]8;;https://gcc.gnu.org/onlinedocs/gcc/Warning-Options.html#index-Wunused-parameter-Wunused-parameter]8;;[m[K]
[4.095s]    79 | id BlackbirdPosePublisher::PostUpdate([01;35m[Kconst gz::sim::UpdateInfo &_info[m[K,
[4.095s]       |                                       [01;35m[K~~~~~~~~~~~~~~~~~~~~~~~~~~~^~~~~[m[K
[4.095s] 
[4.762s] gmake[2]: *** [CMakeFiles/BlackbirdPosePublisher.dir/build.make:76: CMakeFiles/BlackbirdPosePublisher.dir/src/PosePublisher.cpp.o] Error 1
[4.763s] gmake[1]: *** [CMakeFiles/Makefile2:143: CMakeFiles/BlackbirdPosePublisher.dir/all] Error 2
[4.763s] gmake: *** [Makefile:146: all] Error 2
[4.766s] Invoked command in '/home/ahoque245/Projects/simulations/blackbird_walking/realtime_ws/build/blackbird_ros2' returned '2': CMAKE_PREFIX_PATH=${CMAKE_PREFIX_PATH}:/opt/ros/jazzy DEBUGINFOD_URLS=https://debuginfod.ubuntu.com /usr/bin/cmake --build /home/ahoque245/Projects/simulations/blackbird_walking/realtime_ws/build/blackbird_ros2 -- -j22 -l22
