-- Found ament_cmake: 2.5.2 (/opt/ros/jazzy/share/ament_cmake/cmake)
-- Found control_msgs: 5.3.0 (/opt/ros/jazzy/share/control_msgs/cmake)
-- Found rosidl_generator_c: 4.6.4 (/opt/ros/jazzy/share/rosidl_generator_c/cmake)
-- Found rosidl_generator_cpp: 4.6.4 (/opt/ros/jazzy/share/rosidl_generator_cpp/cmake)
-- Using all available rosidl_typesupport_c: rosidl_typesupport_fastrtps_c;rosidl_typesupport_introspection_c
-- Using all available rosidl_typesupport_cpp: rosidl_typesupport_fastrtps_cpp;rosidl_typesupport_introspection_cpp
-- Found pluginlib: 5.4.2 (/opt/ros/jazzy/share/pluginlib/cmake)
-- Found TinyXML2 via Config file: /usr/lib/x86_64-linux-gnu/cmake/tinyxml2
-- Found rclcpp: 28.1.5 (/opt/ros/jazzy/share/rclcpp/cmake)
-- Found rmw_implementation_cmake: 7.3.1 (/opt/ros/jazzy/share/rmw_implementation_cmake/cmake)
-- Found rmw_fastrtps_cpp: 8.4.1 (/opt/ros/jazzy/share/rmw_fastrtps_cpp/cmake)
-- Found TinyXML2 via Config file: /usr/lib/x86_64-linux-gnu/cmake/tinyxml2
-- Found TinyXML2 via Config file: /usr/lib/x86_64-linux-gnu/cmake/tinyxml2
-- Found TinyXML2 via Config file: /usr/lib/x86_64-linux-gnu/cmake/tinyxml2
-- Found TinyXML2 via Config file: /usr/lib/x86_64-linux-gnu/cmake/tinyxml2
-- Using RMW implementation 'rmw_fastrtps_cpp' as default
-- Found rclcpp_action: 28.1.5 (/opt/ros/jazzy/share/rclcpp_action/cmake)
-- Looking for gz-sim8 -- found version 8.7.0
-- Searching for dependencies of gz-sim8
-- Looking for sdformat14 -- found version 14.5.0
-- Searching for dependencies of sdformat14
-- Checking for module 'tinyxml2'
--   Found tinyxml2, version 10.0.0
-- Looking for gz-math7 -- found version 7.5.1
-- Searching for dependencies of gz-math7
-- Looking for gz-utils2 -- found version 2.2.0
-- Searching for dependencies of gz-utils2
-- Looking for gz-utils2 -- found version 2.2.0
-- Searching for dependencies of gz-utils2
-- Searching for <gz-utils2> component [cli]
-- Looking for gz-utils2-cli -- found version 2.2.0
-- Searching for dependencies of gz-utils2-cli
-- Looking for gz-plugin2 -- found version 2.0.3
-- Searching for dependencies of gz-plugin2
-- Looking for gz-utils2 -- found version 2.2.0
-- Searching for <gz-plugin2> component [loader]
-- Looking for gz-plugin2-loader -- found version 2.0.3
-- Searching for dependencies of gz-plugin2-loader
-- Searching for <gz-plugin2> component [register]
-- Looking for gz-plugin2-register -- found version 2.0.3
-- Searching for dependencies of gz-plugin2-register
-- Looking for gz-transport13 -- found version 13.4.0
-- Searching for dependencies of gz-transport13
-- Config-file not installed for ZeroMQ -- checking for pkg-config
-- Checking for module 'libzmq >= 4'
--   Found libzmq, version 4.3.5
-- Checking for module 'uuid'
--   Found uuid, version 2.39.3
-- Looking for gz-utils2 -- found version 2.2.0
-- Looking for gz-msgs10 -- found version 10.3.1
-- Searching for dependencies of gz-msgs10
-- Looking for gz-utils2 -- found version 2.2.0
-- Looking for gz-math7 -- found version 7.5.1
-- Searching for <gz-transport13> component [log]
-- Looking for gz-transport13-log -- found version 13.4.0
-- Searching for dependencies of gz-transport13-log
-- Searching for <gz-transport13> component [parameters]
-- Looking for gz-transport13-parameters -- found version 13.4.0
-- Searching for dependencies of gz-transport13-parameters
-- Looking for gz-msgs10 -- found version 10.3.1
-- Looking for gz-common5 -- found version 5.7.0
-- Searching for dependencies of gz-common5
-- Looking for gz-utils2 -- found version 2.2.0
-- Looking for dlfcn.h - found
-- Looking for libdl - found
-- Searching for <gz-common5> component [av]
-- Looking for gz-common5-av -- found version 5.7.0
-- Searching for dependencies of gz-common5-av
-- Checking for module 'libswscale'
--   Found libswscale, version 7.5.100
-- Checking for module 'libavdevice >= 56.4.100'
--   Found libavdevice, version 60.3.100
-- Checking for module 'libavformat'
--   Found libavformat, version 60.16.100
-- Checking for module 'libavcodec'
--   Found libavcodec, version 60.31.102
-- Checking for module 'libavutil'
--   Found libavutil, version 58.29.100
-- Searching for <gz-common5> component [events]
-- Looking for gz-common5-events -- found version 5.7.0
-- Searching for dependencies of gz-common5-events
-- Looking for gz-math7 -- found version 7.5.1
-- Searching for <gz-common5> component [graphics]
-- Looking for gz-common5-graphics -- found version 5.7.0
-- Searching for dependencies of gz-common5-graphics
-- Looking for gz-math7 -- found version 7.5.1
-- Searching for <gz-common5> component [io]
-- Looking for gz-common5-io -- found version 5.7.0
-- Searching for dependencies of gz-common5-io
-- Searching for <gz-common5> component [profiler]
-- Looking for gz-common5-profiler -- found version 5.7.0
-- Searching for dependencies of gz-common5-profiler
-- Looking for gz-fuel_tools9 -- found version 9.1.0
-- Searching for dependencies of gz-fuel_tools9
-- Checking for module 'jsoncpp'
--   Found jsoncpp, version 1.9.5
-- Checking for module 'yaml-0.1'
--   Found yaml-0.1, version 0.2.5
-- Checking for module 'libzip'
--   Found libzip, version 1.7.3
-- Looking for gz-utils2 -- found version 2.2.0
-- Looking for gz-common5 -- found version 5.7.0
-- Searching for dependencies of gz-common5
-- Looking for gz-utils2 -- found version 2.2.0
-- Looking for dlfcn.h - found
-- Looking for libdl - found
-- Searching for <gz-common5> component [testing]
-- Looking for gz-common5-testing -- found version 5.7.0
-- Searching for dependencies of gz-common5-testing
-- Looking for gz-math7 -- found version 7.5.1
-- Looking for gz-msgs10 -- found version 10.3.1
-- Looking for gz-gui8 -- found version 8.3.0
-- Searching for dependencies of gz-gui8
-- Looking for gz-utils2 -- found version 2.2.0
-- Looking for gz-math7 -- found version 7.5.1
-- Looking for gz-common5 -- found version 5.7.0
-- Looking for gz-plugin2 -- found version 2.0.3
-- Looking for gz-transport13 -- found version 13.4.0
-- Looking for gz-rendering8 -- found version 8.2.1
-- Searching for dependencies of gz-rendering8
-- Looking for gz-math7 -- found version 7.5.1
-- Searching for dependencies of gz-math7
-- Looking for gz-utils2 -- found version 2.2.0
-- Searching for <gz-math7> component [eigen3]
-- Looking for gz-math7-eigen3 -- found version 7.5.1
-- Searching for dependencies of gz-math7-eigen3
-- Looking for gz-common5 -- found version 5.7.0
-- Searching for dependencies of gz-common5
-- Looking for gz-utils2 -- found version 2.2.0
-- Looking for dlfcn.h - found
-- Looking for libdl - found
-- Searching for <gz-common5> component [graphics]
-- Searching for <gz-common5> component [events]
-- Searching for <gz-common5> component [geospatial]
-- Looking for gz-common5-geospatial -- found version 5.7.0
-- Searching for dependencies of gz-common5-geospatial
-- Looking for gz-math7 -- found version 7.5.1
-- Looking for gz-common5 -- found version 5.7.0
-- Looking for gz-plugin2 -- found version 2.0.3
-- Searching for dependencies of gz-plugin2
-- Looking for gz-utils2 -- found version 2.2.0
-- Searching for <gz-plugin2> component [all]
-- Looking for all libraries of gz-plugin2 -- found version 2.0.3
-- Looking for gz-plugin2 -- found version 2.0.3
-- Looking for gz-utils2 -- found version 2.2.0
-- Looking for gz-msgs10 -- found version 10.3.1
-- Looking for gz-physics7 -- found version 7.4.0
-- Searching for dependencies of gz-physics7
-- Looking for gz-common5 -- found version 5.7.0
-- Looking for gz-math7 -- found version 7.5.1
-- Looking for gz-plugin2 -- found version 2.0.3
-- Looking for gz-utils2 -- found version 2.2.0
-- Searching for <gz-physics7> component [heightmap]
-- Looking for gz-physics7-heightmap -- found version 7.4.0
-- Searching for dependencies of gz-physics7-heightmap
-- Looking for gz-common5 -- found version 5.7.0
-- Searching for <gz-physics7> component [mesh]
-- Looking for gz-physics7-mesh -- found version 7.4.0
-- Searching for dependencies of gz-physics7-mesh
-- Looking for gz-common5 -- found version 5.7.0
-- Searching for <gz-physics7> component [sdf]
-- Looking for gz-physics7-sdf -- found version 7.4.0
-- Searching for dependencies of gz-physics7-sdf
-- Looking for sdformat14 -- found version 14.5.0
-- Looking for gz-sensors8 -- found version 8.2.1
-- Searching for dependencies of gz-sensors8
-- Looking for gz-math7 -- found version 7.5.1
-- Looking for gz-common5 -- found version 5.7.0
-- Looking for gz-transport13 -- found version 13.4.0
-- Looking for gz-rendering8 -- found version 8.2.1
-- Looking for gz-msgs10 -- found version 10.3.1
-- Looking for sdformat14 -- found version 14.5.0
-- Searching for <gz-sensors8> component [air_pressure]
-- Looking for gz-sensors8-air_pressure -- found version 8.2.1
-- Searching for dependencies of gz-sensors8-air_pressure
-- Searching for <gz-sensors8> component [air_speed]
-- Looking for gz-sensors8-air_speed -- found version 8.2.1
-- Searching for dependencies of gz-sensors8-air_speed
-- Searching for <gz-sensors8> component [altimeter]
-- Looking for gz-sensors8-altimeter -- found version 8.2.1
-- Searching for dependencies of gz-sensors8-altimeter
-- Searching for <gz-sensors8> component [imu]
-- Looking for gz-sensors8-imu -- found version 8.2.1
-- Searching for dependencies of gz-sensors8-imu
-- Searching for <gz-sensors8> component [force_torque]
-- Looking for gz-sensors8-force_torque -- found version 8.2.1
-- Searching for dependencies of gz-sensors8-force_torque
-- Searching for <gz-sensors8> component [logical_camera]
-- Looking for gz-sensors8-logical_camera -- found version 8.2.1
-- Searching for dependencies of gz-sensors8-logical_camera
-- Searching for <gz-sensors8> component [magnetometer]
-- Looking for gz-sensors8-magnetometer -- found version 8.2.1
-- Searching for dependencies of gz-sensors8-magnetometer
-- Searching for <gz-sensors8> component [navsat]
-- Looking for gz-sensors8-navsat -- found version 8.2.1
-- Searching for dependencies of gz-sensors8-navsat
-- Searching for <gz-sensors8> component [dvl]
-- Looking for gz-sensors8-dvl -- found version 8.2.1
-- Searching for dependencies of gz-sensors8-dvl
-- Looking for gz-sensors8 -- found version 8.2.1
-- Searching for dependencies of gz-sensors8
-- Looking for gz-math7 -- found version 7.5.1
-- Looking for gz-common5 -- found version 5.7.0
-- Looking for gz-transport13 -- found version 13.4.0
-- Looking for gz-rendering8 -- found version 8.2.1
-- Looking for gz-msgs10 -- found version 10.3.1
-- Looking for sdformat14 -- found version 14.5.0
-- Searching for <gz-sensors8> component [rendering]
-- Looking for gz-sensors8-rendering -- found version 8.2.1
-- Searching for dependencies of gz-sensors8-rendering
-- Searching for <gz-sensors8> component [rendering]
-- Searching for <gz-sensors8> component [lidar]
-- Looking for gz-sensors8-lidar -- found version 8.2.1
-- Searching for dependencies of gz-sensors8-lidar
-- Looking for gz-sensors8 -- found version 8.2.1
-- Searching for <gz-sensors8> component [gpu_lidar]
-- Looking for gz-sensors8-gpu_lidar -- found version 8.2.1
-- Searching for dependencies of gz-sensors8-gpu_lidar
-- Looking for gz-sensors8 -- found version 8.2.1
-- Searching for <gz-sensors8> component [camera]
-- Looking for gz-sensors8-camera -- found version 8.2.1
-- Searching for dependencies of gz-sensors8-camera
-- Looking for gz-sensors8 -- found version 8.2.1
-- Searching for <gz-sensors8> component [boundingbox_camera]
-- Looking for gz-sensors8-boundingbox_camera -- found version 8.2.1
-- Searching for dependencies of gz-sensors8-boundingbox_camera
-- Searching for <gz-sensors8> component [segmentation_camera]
-- Looking for gz-sensors8-segmentation_camera -- found version 8.2.1
-- Searching for dependencies of gz-sensors8-segmentation_camera
-- Searching for <gz-sensors8> component [depth_camera]
-- Looking for gz-sensors8-depth_camera -- found version 8.2.1
-- Searching for dependencies of gz-sensors8-depth_camera
-- Looking for gz-sensors8 -- found version 8.2.1
-- Searching for <gz-sensors8> component [rgbd_camera]
-- Looking for gz-sensors8-rgbd_camera -- found version 8.2.1
-- Searching for dependencies of gz-sensors8-rgbd_camera
-- Looking for gz-sensors8 -- found version 8.2.1
-- Searching for <gz-sensors8> component [thermal_camera]
-- Looking for gz-sensors8-thermal_camera -- found version 8.2.1
-- Searching for dependencies of gz-sensors8-thermal_camera
-- Looking for gz-sensors8 -- found version 8.2.1
-- Searching for <gz-sensors8> component [wide_angle_camera]
-- Looking for gz-sensors8-wide_angle_camera -- found version 8.2.1
-- Searching for dependencies of gz-sensors8-wide_angle_camera
-- Looking for gz-rendering8 -- found version 8.2.1
-- Looking for gz-math7 -- found version 7.5.1
-- Looking for gz-utils2 -- found version 2.2.0
-- Looking for gz-plugin2 -- found version 2.0.3
-- Found ament_lint_auto: 0.17.1 (/opt/ros/jazzy/share/ament_lint_auto/cmake)
-- Added test 'cppcheck' to perform static code analysis on C / C++ code
-- Configured cppcheck include dirs: 
-- Configured cppcheck exclude dirs and/or files: 
-- Added test 'flake8' to check Python code syntax and style conventions
-- Configured 'flake8' exclude dirs and/or files: 
-- Added test 'lint_cmake' to check CMake code style
-- Added test 'pep257' to check Python code against some of the docstring style conventions in PEP 257
-- Added test 'uncrustify' to check C / C++ code style
-- Configured uncrustify additional arguments: 
-- Added test 'xmllint' to check XML markup files
-- Configuring done (1.5s)
-- Generating done (0.0s)
-- Build files have been written to: /home/ahoque245/Projects/simulations/blackbird_walking/realtime_ws/build/blackbird_ros2
[ 50%] Built target effort_example_cpp
[100%] Built target reverse_effort_cpp
-- Install configuration: ""
-- Installing: /home/ahoque245/Projects/simulations/blackbird_walking/realtime_ws/install/blackbird_ros2/include
-- Installing: /home/ahoque245/Projects/simulations/blackbird_walking/realtime_ws/install/blackbird_ros2/include/PosePublisher.h
-- Installing: /home/ahoque245/Projects/simulations/blackbird_walking/realtime_ws/install/blackbird_ros2/share/blackbird_ros2//launch
-- Installing: /home/ahoque245/Projects/simulations/blackbird_walking/realtime_ws/install/blackbird_ros2/share/blackbird_ros2//launch/blackbird_gz.launch.py
-- Installing: /home/ahoque245/Projects/simulations/blackbird_walking/realtime_ws/install/blackbird_ros2/share/blackbird_ros2//launch/blackbird_rviz.launch.py
-- Installing: /home/ahoque245/Projects/simulations/blackbird_walking/realtime_ws/install/blackbird_ros2/share/blackbird_ros2//rviz
-- Installing: /home/ahoque245/Projects/simulations/blackbird_walking/realtime_ws/install/blackbird_ros2/share/blackbird_ros2//rviz/basic.rviz
-- Installing: /home/ahoque245/Projects/simulations/blackbird_walking/realtime_ws/install/blackbird_ros2/share/blackbird_ros2//rviz/blackbird.rviz
-- Installing: /home/ahoque245/Projects/simulations/blackbird_walking/realtime_ws/install/blackbird_ros2/share/blackbird_ros2//urdf
-- Installing: /home/ahoque245/Projects/simulations/blackbird_walking/realtime_ws/install/blackbird_ros2/share/blackbird_ros2//urdf/blackbird_gz.urdf
-- Installing: /home/ahoque245/Projects/simulations/blackbird_walking/realtime_ws/install/blackbird_ros2/share/blackbird_ros2//urdf/blackbird.urdf
-- Installing: /home/ahoque245/Projects/simulations/blackbird_walking/realtime_ws/install/blackbird_ros2/share/blackbird_ros2//urdf/blackbird.sdf
-- Installing: /home/ahoque245/Projects/simulations/blackbird_walking/realtime_ws/install/blackbird_ros2/share/blackbird_ros2//meshes
-- Installing: /home/ahoque245/Projects/simulations/blackbird_walking/realtime_ws/install/blackbird_ros2/share/blackbird_ros2//meshes/blackbird
-- Installing: /home/ahoque245/Projects/simulations/blackbird_walking/realtime_ws/install/blackbird_ros2/share/blackbird_ros2//meshes/blackbird/Assembly_Mockup_v27_022.stl
-- Installing: /home/ahoque245/Projects/simulations/blackbird_walking/realtime_ws/install/blackbird_ros2/share/blackbird_ros2//meshes/blackbird/Assembly_Mockup_v27.stl
-- Installing: /home/ahoque245/Projects/simulations/blackbird_walking/realtime_ws/install/blackbird_ros2/share/blackbird_ros2//meshes/blackbird/Assembly_Mockup_v27_015.stl
-- Installing: /home/ahoque245/Projects/simulations/blackbird_walking/realtime_ws/install/blackbird_ros2/share/blackbird_ros2//meshes/blackbird/Assembly_Mockup_v27_025.stl
-- Installing: /home/ahoque245/Projects/simulations/blackbird_walking/realtime_ws/install/blackbird_ros2/share/blackbird_ros2//meshes/blackbird/Assembly_Mockup_v27_019.stl
-- Installing: /home/ahoque245/Projects/simulations/blackbird_walking/realtime_ws/install/blackbird_ros2/share/blackbird_ros2//meshes/blackbird/Assembly_Mockup_v27_020.stl
-- Installing: /home/ahoque245/Projects/simulations/blackbird_walking/realtime_ws/install/blackbird_ros2/share/blackbird_ros2//meshes/blackbird/Assembly_Mockup_v27_024.stl
-- Installing: /home/ahoque245/Projects/simulations/blackbird_walking/realtime_ws/install/blackbird_ros2/share/blackbird_ros2//meshes/blackbird/Assembly_Mockup_v27_012.stl
-- Installing: /home/ahoque245/Projects/simulations/blackbird_walking/realtime_ws/install/blackbird_ros2/share/blackbird_ros2//meshes/blackbird/Assembly_Mockup_v27_006.stl
-- Installing: /home/ahoque245/Projects/simulations/blackbird_walking/realtime_ws/install/blackbird_ros2/share/blackbird_ros2//meshes/blackbird/add_underscore.py
-- Installing: /home/ahoque245/Projects/simulations/blackbird_walking/realtime_ws/install/blackbird_ros2/share/blackbird_ros2//meshes/blackbird/Assembly_Mockup_v27_031.stl
-- Installing: /home/ahoque245/Projects/simulations/blackbird_walking/realtime_ws/install/blackbird_ros2/share/blackbird_ros2//meshes/blackbird/Assembly_Mockup_v27_026.stl
-- Installing: /home/ahoque245/Projects/simulations/blackbird_walking/realtime_ws/install/blackbird_ros2/share/blackbird_ros2//meshes/blackbird/Assembly_Mockup_v27_001.stl
-- Installing: /home/ahoque245/Projects/simulations/blackbird_walking/realtime_ws/install/blackbird_ros2/share/blackbird_ros2//meshes/blackbird/Assembly_Mockup_v27_011.stl
-- Installing: /home/ahoque245/Projects/simulations/blackbird_walking/realtime_ws/install/blackbird_ros2/share/blackbird_ros2//meshes/blackbird/Assembly_Mockup_v27_028.stl
-- Installing: /home/ahoque245/Projects/simulations/blackbird_walking/realtime_ws/install/blackbird_ros2/share/blackbird_ros2//meshes/blackbird/Assembly_Mockup_v27_027.stl
-- Installing: /home/ahoque245/Projects/simulations/blackbird_walking/realtime_ws/install/blackbird_ros2/share/blackbird_ros2//meshes/blackbird/Assembly_Mockup_v27_023.stl
-- Installing: /home/ahoque245/Projects/simulations/blackbird_walking/realtime_ws/install/blackbird_ros2/share/blackbird_ros2//meshes/blackbird/Assembly_Mockup_v27_017.stl
-- Installing: /home/ahoque245/Projects/simulations/blackbird_walking/realtime_ws/install/blackbird_ros2/share/blackbird_ros2//meshes/blackbird/Assembly_Mockup_v27_029.stl
-- Installing: /home/ahoque245/Projects/simulations/blackbird_walking/realtime_ws/install/blackbird_ros2/share/blackbird_ros2//meshes/blackbird/Assembly_Mockup_v27_014.stl
-- Installing: /home/ahoque245/Projects/simulations/blackbird_walking/realtime_ws/install/blackbird_ros2/share/blackbird_ros2//meshes/blackbird/Assembly_Mockup_v27_003.stl
-- Installing: /home/ahoque245/Projects/simulations/blackbird_walking/realtime_ws/install/blackbird_ros2/share/blackbird_ros2//meshes/blackbird/Assembly_Mockup_v27_005.stl
-- Installing: /home/ahoque245/Projects/simulations/blackbird_walking/realtime_ws/install/blackbird_ros2/share/blackbird_ros2//meshes/blackbird/Assembly_Mockup_v27_013.stl
-- Installing: /home/ahoque245/Projects/simulations/blackbird_walking/realtime_ws/install/blackbird_ros2/share/blackbird_ros2//meshes/blackbird/Assembly_Mockup_v27_030.stl
-- Installing: /home/ahoque245/Projects/simulations/blackbird_walking/realtime_ws/install/blackbird_ros2/share/blackbird_ros2//meshes/blackbird/Assembly_Mockup_v27_004.stl
-- Installing: /home/ahoque245/Projects/simulations/blackbird_walking/realtime_ws/install/blackbird_ros2/share/blackbird_ros2//meshes/blackbird/Assembly_Mockup_v27_021.stl
-- Installing: /home/ahoque245/Projects/simulations/blackbird_walking/realtime_ws/install/blackbird_ros2/share/blackbird_ros2//meshes/blackbird/Assembly_Mockup_v27_010.stl
-- Installing: /home/ahoque245/Projects/simulations/blackbird_walking/realtime_ws/install/blackbird_ros2/share/blackbird_ros2//meshes/blackbird/Assembly_Mockup_v27_018.stl
-- Installing: /home/ahoque245/Projects/simulations/blackbird_walking/realtime_ws/install/blackbird_ros2/share/blackbird_ros2//meshes/blackbird/Assembly_Mockup_v27_016.stl
-- Installing: /home/ahoque245/Projects/simulations/blackbird_walking/realtime_ws/install/blackbird_ros2/share/blackbird_ros2//meshes/blackbird/Assembly_Mockup_v27_009.stl
-- Installing: /home/ahoque245/Projects/simulations/blackbird_walking/realtime_ws/install/blackbird_ros2/share/blackbird_ros2//config
-- Installing: /home/ahoque245/Projects/simulations/blackbird_walking/realtime_ws/install/blackbird_ros2/share/blackbird_ros2//config/blackbird_effort_controller.yaml
-- Installing: /home/ahoque245/Projects/simulations/blackbird_walking/realtime_ws/install/blackbird_ros2/share/blackbird_ros2//src
-- Installing: /home/ahoque245/Projects/simulations/blackbird_walking/realtime_ws/install/blackbird_ros2/share/blackbird_ros2//src/reverse_effort.cpp
-- Installing: /home/ahoque245/Projects/simulations/blackbird_walking/realtime_ws/install/blackbird_ros2/share/blackbird_ros2//src/effort_example.cpp
-- Installing: /home/ahoque245/Projects/simulations/blackbird_walking/realtime_ws/install/blackbird_ros2/share/blackbird_ros2//src/PosePublisher.cpp
-- Installing: /home/ahoque245/Projects/simulations/blackbird_walking/realtime_ws/install/blackbird_ros2/lib/blackbird_ros2/effort_example_cpp
-- Set non-toolchain portion of runtime path of "/home/ahoque245/Projects/simulations/blackbird_walking/realtime_ws/install/blackbird_ros2/lib/blackbird_ros2/effort_example_cpp" to ""
-- Installing: /home/ahoque245/Projects/simulations/blackbird_walking/realtime_ws/install/blackbird_ros2/lib/blackbird_ros2/reverse_effort_cpp
-- Set non-toolchain portion of runtime path of "/home/ahoque245/Projects/simulations/blackbird_walking/realtime_ws/install/blackbird_ros2/lib/blackbird_ros2/reverse_effort_cpp" to ""
-- Installing: /home/ahoque245/Projects/simulations/blackbird_walking/realtime_ws/install/blackbird_ros2/share/ament_index/resource_index/package_run_dependencies/blackbird_ros2
-- Installing: /home/ahoque245/Projects/simulations/blackbird_walking/realtime_ws/install/blackbird_ros2/share/ament_index/resource_index/parent_prefix_path/blackbird_ros2
-- Installing: /home/ahoque245/Projects/simulations/blackbird_walking/realtime_ws/install/blackbird_ros2/share/blackbird_ros2/environment/ament_prefix_path.sh
-- Installing: /home/ahoque245/Projects/simulations/blackbird_walking/realtime_ws/install/blackbird_ros2/share/blackbird_ros2/environment/ament_prefix_path.dsv
-- Installing: /home/ahoque245/Projects/simulations/blackbird_walking/realtime_ws/install/blackbird_ros2/share/blackbird_ros2/environment/path.sh
-- Installing: /home/ahoque245/Projects/simulations/blackbird_walking/realtime_ws/install/blackbird_ros2/share/blackbird_ros2/environment/path.dsv
-- Installing: /home/ahoque245/Projects/simulations/blackbird_walking/realtime_ws/install/blackbird_ros2/share/blackbird_ros2/local_setup.bash
-- Installing: /home/ahoque245/Projects/simulations/blackbird_walking/realtime_ws/install/blackbird_ros2/share/blackbird_ros2/local_setup.sh
-- Installing: /home/ahoque245/Projects/simulations/blackbird_walking/realtime_ws/install/blackbird_ros2/share/blackbird_ros2/local_setup.zsh
-- Installing: /home/ahoque245/Projects/simulations/blackbird_walking/realtime_ws/install/blackbird_ros2/share/blackbird_ros2/local_setup.dsv
-- Installing: /home/ahoque245/Projects/simulations/blackbird_walking/realtime_ws/install/blackbird_ros2/share/blackbird_ros2/package.dsv
-- Installing: /home/ahoque245/Projects/simulations/blackbird_walking/realtime_ws/install/blackbird_ros2/share/ament_index/resource_index/packages/blackbird_ros2
-- Installing: /home/ahoque245/Projects/simulations/blackbird_walking/realtime_ws/install/blackbird_ros2/share/blackbird_ros2/cmake/ament_cmake_export_include_directories-extras.cmake
-- Installing: /home/ahoque245/Projects/simulations/blackbird_walking/realtime_ws/install/blackbird_ros2/share/blackbird_ros2/cmake/blackbird_ros2Config.cmake
-- Installing: /home/ahoque245/Projects/simulations/blackbird_walking/realtime_ws/install/blackbird_ros2/share/blackbird_ros2/cmake/blackbird_ros2Config-version.cmake
-- Installing: /home/ahoque245/Projects/simulations/blackbird_walking/realtime_ws/install/blackbird_ros2/share/blackbird_ros2/package.xml
