[0.011s] Invoking command in '/home/ahoque245/Projects/simulations/blackbird_walking/realtime_ws/build/blackbird_ros2': CMAKE_PREFIX_PATH=${CMAKE_PREFIX_PATH}:/opt/ros/jazzy DEBUGINFOD_URLS=https://debuginfod.ubuntu.com /usr/bin/cmake --build /home/ahoque245/Projects/simulations/blackbird_walking/realtime_ws/build/blackbird_ros2 -- -j22 -l22
[0.032s] -- Found ament_cmake: 2.5.2 (/opt/ros/jazzy/share/ament_cmake/cmake)
[0.183s] -- Found control_msgs: 5.3.0 (/opt/ros/jazzy/share/control_msgs/cmake)
[0.198s] -- Found rosidl_generator_c: 4.6.4 (/opt/ros/jazzy/share/rosidl_generator_c/cmake)
[0.203s] -- Found rosidl_generator_cpp: 4.6.4 (/opt/ros/jazzy/share/rosidl_generator_cpp/cmake)
[0.210s] -- Using all available rosidl_typesupport_c: rosidl_typesupport_fastrtps_c;rosidl_typesupport_introspection_c
[0.217s] -- Using all available rosidl_typesupport_cpp: rosidl_typesupport_fastrtps_cpp;rosidl_typesupport_introspection_cpp
[0.315s] -- Found pluginlib: 5.4.2 (/opt/ros/jazzy/share/pluginlib/cmake)
[0.319s] -- Found TinyXML2 via Config file: /usr/lib/x86_64-linux-gnu/cmake/tinyxml2
[0.319s] -- Found rclcpp: 28.1.5 (/opt/ros/jazzy/share/rclcpp/cmake)
[0.342s] -- Found rmw_implementation_cmake: 7.3.1 (/opt/ros/jazzy/share/rmw_implementation_cmake/cmake)
[0.343s] -- Found rmw_fastrtps_cpp: 8.4.1 (/opt/ros/jazzy/share/rmw_fastrtps_cpp/cmake)
[0.354s] -- Found TinyXML2 via Config file: /usr/lib/x86_64-linux-gnu/cmake/tinyxml2
[0.366s] -- Found TinyXML2 via Config file: /usr/lib/x86_64-linux-gnu/cmake/tinyxml2
[0.382s] -- Found TinyXML2 via Config file: /usr/lib/x86_64-linux-gnu/cmake/tinyxml2
[0.387s] -- Found TinyXML2 via Config file: /usr/lib/x86_64-linux-gnu/cmake/tinyxml2
[0.400s] -- Using RMW implementation 'rmw_fastrtps_cpp' as default
[0.437s] -- Found rclcpp_action: 28.1.5 (/opt/ros/jazzy/share/rclcpp_action/cmake)
[0.443s] -- Looking for gz-sim8 -- found version 8.7.0
[0.446s] -- Searching for dependencies of gz-sim8
[0.447s] -- Looking for sdformat14 -- found version 14.5.0
[0.447s] -- Searching for dependencies of sdformat14
[0.450s] -- Checking for module 'tinyxml2'
[0.473s] --   Found tinyxml2, version 10.0.0
[0.512s] -- Looking for gz-math7 -- found version 7.5.1
[0.512s] -- Searching for dependencies of gz-math7
[0.512s] -- Looking for gz-utils2 -- found version 2.2.0
[0.513s] -- Searching for dependencies of gz-utils2
[0.514s] -- Looking for gz-utils2 -- found version 2.2.0
[0.514s] -- Searching for dependencies of gz-utils2
[0.514s] -- Searching for <gz-utils2> component [cli]
[0.515s] -- Looking for gz-utils2-cli -- found version 2.2.0
[0.515s] -- Searching for dependencies of gz-utils2-cli
[0.516s] -- Looking for gz-plugin2 -- found version 2.0.3
[0.516s] -- Searching for dependencies of gz-plugin2
[0.517s] -- Looking for gz-utils2 -- found version 2.2.0
[0.517s] -- Searching for <gz-plugin2> component [loader]
[0.518s] -- Looking for gz-plugin2-loader -- found version 2.0.3
[0.518s] -- Searching for dependencies of gz-plugin2-loader
[0.518s] -- Searching for <gz-plugin2> component [register]
[0.519s] -- Looking for gz-plugin2-register -- found version 2.0.3
[0.519s] -- Searching for dependencies of gz-plugin2-register
[0.520s] -- Looking for gz-transport13 -- found version 13.4.0
[0.520s] -- Searching for dependencies of gz-transport13
[0.544s] -- Config-file not installed for ZeroMQ -- checking for pkg-config
[0.548s] -- Checking for module 'libzmq >= 4'
[0.562s] --   Found libzmq, version 4.3.5
[0.611s] -- Checking for module 'uuid'
[0.626s] --   Found uuid, version 2.39.3
[0.664s] -- Looking for gz-utils2 -- found version 2.2.0
[0.664s] -- Looking for gz-msgs10 -- found version 10.3.1
[0.664s] -- Searching for dependencies of gz-msgs10
[0.678s] -- Looking for gz-utils2 -- found version 2.2.0
[0.678s] -- Looking for gz-math7 -- found version 7.5.1
[0.781s] -- Searching for <gz-transport13> component [log]
[0.782s] -- Looking for gz-transport13-log -- found version 13.4.0
[0.782s] -- Searching for dependencies of gz-transport13-log
[0.782s] -- Searching for <gz-transport13> component [parameters]
[0.783s] -- Looking for gz-transport13-parameters -- found version 13.4.0
[0.783s] -- Searching for dependencies of gz-transport13-parameters
[0.783s] -- Looking for gz-msgs10 -- found version 10.3.1
[0.783s] -- Looking for gz-common5 -- found version 5.7.0
[0.784s] -- Searching for dependencies of gz-common5
[0.784s] -- Looking for gz-utils2 -- found version 2.2.0
[0.784s] -- Looking for dlfcn.h - found
[0.784s] -- Looking for libdl - found
[0.790s] -- Searching for <gz-common5> component [av]
[0.791s] -- Looking for gz-common5-av -- found version 5.7.0
[0.791s] -- Searching for dependencies of gz-common5-av
[0.799s] -- Checking for module 'libswscale'
[0.818s] --   Found libswscale, version 7.5.100
[0.865s] -- Checking for module 'libavdevice >= 56.4.100'
[0.883s] --   Found libavdevice, version 60.3.100
[0.941s] -- Checking for module 'libavformat'
[0.959s] --   Found libavformat, version 60.16.100
[1.007s] -- Checking for module 'libavcodec'
[1.022s] --   Found libavcodec, version 60.31.102
[1.066s] -- Checking for module 'libavutil'
[1.081s] --   Found libavutil, version 58.29.100
[1.120s] -- Searching for <gz-common5> component [events]
[1.120s] -- Looking for gz-common5-events -- found version 5.7.0
[1.120s] -- Searching for dependencies of gz-common5-events
[1.121s] -- Looking for gz-math7 -- found version 7.5.1
[1.121s] -- Searching for <gz-common5> component [graphics]
[1.121s] -- Looking for gz-common5-graphics -- found version 5.7.0
[1.121s] -- Searching for dependencies of gz-common5-graphics
[1.121s] -- Looking for gz-math7 -- found version 7.5.1
[1.123s] -- Searching for <gz-common5> component [io]
[1.123s] -- Looking for gz-common5-io -- found version 5.7.0
[1.123s] -- Searching for dependencies of gz-common5-io
[1.123s] -- Searching for <gz-common5> component [profiler]
[1.123s] -- Looking for gz-common5-profiler -- found version 5.7.0
[1.124s] -- Searching for dependencies of gz-common5-profiler
[1.124s] -- Looking for gz-fuel_tools9 -- found version 9.1.0
[1.124s] -- Searching for dependencies of gz-fuel_tools9
[1.162s] -- Checking for module 'jsoncpp'
[1.179s] --   Found jsoncpp, version 1.9.5
[1.227s] -- Checking for module 'yaml-0.1'
[1.242s] --   Found yaml-0.1, version 0.2.5
[1.282s] -- Checking for module 'libzip'
[1.297s] --   Found libzip, version 1.7.3
[1.337s] -- Looking for gz-utils2 -- found version 2.2.0
[1.338s] -- Looking for gz-common5 -- found version 5.7.0
[1.338s] -- Searching for dependencies of gz-common5
[1.338s] -- Looking for gz-utils2 -- found version 2.2.0
[1.339s] -- Looking for dlfcn.h - found
[1.339s] -- Looking for libdl - found
[1.347s] -- Searching for <gz-common5> component [testing]
[1.348s] -- Looking for gz-common5-testing -- found version 5.7.0
[1.348s] -- Searching for dependencies of gz-common5-testing
[1.348s] -- Looking for gz-math7 -- found version 7.5.1
[1.349s] -- Looking for gz-msgs10 -- found version 10.3.1
[1.349s] -- Looking for gz-gui8 -- found version 8.3.0
[1.349s] -- Searching for dependencies of gz-gui8
[1.368s] -- Looking for gz-utils2 -- found version 2.2.0
[1.368s] -- Looking for gz-math7 -- found version 7.5.1
[1.369s] -- Looking for gz-common5 -- found version 5.7.0
[1.369s] -- Looking for gz-plugin2 -- found version 2.0.3
[1.369s] -- Looking for gz-transport13 -- found version 13.4.0
[1.369s] -- Looking for gz-rendering8 -- found version 8.2.1
[1.369s] -- Searching for dependencies of gz-rendering8
[1.370s] -- Looking for gz-math7 -- found version 7.5.1
[1.370s] -- Searching for dependencies of gz-math7
[1.370s] -- Looking for gz-utils2 -- found version 2.2.0
[1.370s] -- Searching for <gz-math7> component [eigen3]
[1.370s] -- Looking for gz-math7-eigen3 -- found version 7.5.1
[1.370s] -- Searching for dependencies of gz-math7-eigen3
[1.371s] -- Looking for gz-common5 -- found version 5.7.0
[1.371s] -- Searching for dependencies of gz-common5
[1.371s] -- Looking for gz-utils2 -- found version 2.2.0
[1.371s] -- Looking for dlfcn.h - found
[1.371s] -- Looking for libdl - found
[1.377s] -- Searching for <gz-common5> component [graphics]
[1.378s] -- Searching for <gz-common5> component [events]
[1.378s] -- Searching for <gz-common5> component [geospatial]
[1.378s] -- Looking for gz-common5-geospatial -- found version 5.7.0
[1.378s] -- Searching for dependencies of gz-common5-geospatial
[1.378s] -- Looking for gz-math7 -- found version 7.5.1
[1.379s] -- Looking for gz-common5 -- found version 5.7.0
[1.380s] -- Looking for gz-plugin2 -- found version 2.0.3
[1.380s] -- Searching for dependencies of gz-plugin2
[1.381s] -- Looking for gz-utils2 -- found version 2.2.0
[1.381s] -- Searching for <gz-plugin2> component [all]
[1.381s] -- Looking for all libraries of gz-plugin2 -- found version 2.0.3
[1.381s] -- Looking for gz-plugin2 -- found version 2.0.3
[1.382s] -- Looking for gz-utils2 -- found version 2.2.0
[1.384s] -- Looking for gz-msgs10 -- found version 10.3.1
[1.394s] -- Looking for gz-physics7 -- found version 7.4.0
[1.394s] -- Searching for dependencies of gz-physics7
[1.395s] -- Looking for gz-common5 -- found version 5.7.0
[1.395s] -- Looking for gz-math7 -- found version 7.5.1
[1.395s] -- Looking for gz-plugin2 -- found version 2.0.3
[1.395s] -- Looking for gz-utils2 -- found version 2.2.0
[1.396s] -- Searching for <gz-physics7> component [heightmap]
[1.396s] -- Looking for gz-physics7-heightmap -- found version 7.4.0
[1.396s] -- Searching for dependencies of gz-physics7-heightmap
[1.397s] -- Looking for gz-common5 -- found version 5.7.0
[1.397s] -- Searching for <gz-physics7> component [mesh]
[1.397s] -- Looking for gz-physics7-mesh -- found version 7.4.0
[1.397s] -- Searching for dependencies of gz-physics7-mesh
[1.397s] -- Looking for gz-common5 -- found version 5.7.0
[1.398s] -- Searching for <gz-physics7> component [sdf]
[1.398s] -- Looking for gz-physics7-sdf -- found version 7.4.0
[1.398s] -- Searching for dependencies of gz-physics7-sdf
[1.398s] -- Looking for sdformat14 -- found version 14.5.0
[1.399s] -- Looking for gz-sensors8 -- found version 8.2.1
[1.399s] -- Searching for dependencies of gz-sensors8
[1.412s] -- Looking for gz-math7 -- found version 7.5.1
[1.413s] -- Looking for gz-common5 -- found version 5.7.0
[1.413s] -- Looking for gz-transport13 -- found version 13.4.0
[1.414s] -- Looking for gz-rendering8 -- found version 8.2.1
[1.414s] -- Looking for gz-msgs10 -- found version 10.3.1
[1.414s] -- Looking for sdformat14 -- found version 14.5.0
[1.415s] -- Searching for <gz-sensors8> component [air_pressure]
[1.415s] -- Looking for gz-sensors8-air_pressure -- found version 8.2.1
[1.415s] -- Searching for dependencies of gz-sensors8-air_pressure
[1.415s] -- Searching for <gz-sensors8> component [air_speed]
[1.416s] -- Looking for gz-sensors8-air_speed -- found version 8.2.1
[1.416s] -- Searching for dependencies of gz-sensors8-air_speed
[1.416s] -- Searching for <gz-sensors8> component [altimeter]
[1.416s] -- Looking for gz-sensors8-altimeter -- found version 8.2.1
[1.416s] -- Searching for dependencies of gz-sensors8-altimeter
[1.417s] -- Searching for <gz-sensors8> component [imu]
[1.417s] -- Looking for gz-sensors8-imu -- found version 8.2.1
[1.417s] -- Searching for dependencies of gz-sensors8-imu
[1.417s] -- Searching for <gz-sensors8> component [force_torque]
[1.418s] -- Looking for gz-sensors8-force_torque -- found version 8.2.1
[1.418s] -- Searching for dependencies of gz-sensors8-force_torque
[1.418s] -- Searching for <gz-sensors8> component [logical_camera]
[1.418s] -- Looking for gz-sensors8-logical_camera -- found version 8.2.1
[1.418s] -- Searching for dependencies of gz-sensors8-logical_camera
[1.419s] -- Searching for <gz-sensors8> component [magnetometer]
[1.419s] -- Looking for gz-sensors8-magnetometer -- found version 8.2.1
[1.419s] -- Searching for dependencies of gz-sensors8-magnetometer
[1.419s] -- Searching for <gz-sensors8> component [navsat]
[1.420s] -- Looking for gz-sensors8-navsat -- found version 8.2.1
[1.420s] -- Searching for dependencies of gz-sensors8-navsat
[1.420s] -- Searching for <gz-sensors8> component [dvl]
[1.420s] -- Looking for gz-sensors8-dvl -- found version 8.2.1
[1.420s] -- Searching for dependencies of gz-sensors8-dvl
[1.421s] -- Looking for gz-sensors8 -- found version 8.2.1
[1.421s] -- Searching for dependencies of gz-sensors8
[1.432s] -- Looking for gz-math7 -- found version 7.5.1
[1.433s] -- Looking for gz-common5 -- found version 5.7.0
[1.433s] -- Looking for gz-transport13 -- found version 13.4.0
[1.433s] -- Looking for gz-rendering8 -- found version 8.2.1
[1.433s] -- Looking for gz-msgs10 -- found version 10.3.1
[1.433s] -- Looking for sdformat14 -- found version 14.5.0
[1.434s] -- Searching for <gz-sensors8> component [rendering]
[1.434s] -- Looking for gz-sensors8-rendering -- found version 8.2.1
[1.434s] -- Searching for dependencies of gz-sensors8-rendering
[1.435s] -- Searching for <gz-sensors8> component [rendering]
[1.435s] -- Searching for <gz-sensors8> component [lidar]
[1.435s] -- Looking for gz-sensors8-lidar -- found version 8.2.1
[1.435s] -- Searching for dependencies of gz-sensors8-lidar
[1.435s] -- Looking for gz-sensors8 -- found version 8.2.1
[1.436s] -- Searching for <gz-sensors8> component [gpu_lidar]
[1.436s] -- Looking for gz-sensors8-gpu_lidar -- found version 8.2.1
[1.436s] -- Searching for dependencies of gz-sensors8-gpu_lidar
[1.436s] -- Looking for gz-sensors8 -- found version 8.2.1
[1.436s] -- Searching for <gz-sensors8> component [camera]
[1.437s] -- Looking for gz-sensors8-camera -- found version 8.2.1
[1.437s] -- Searching for dependencies of gz-sensors8-camera
[1.437s] -- Looking for gz-sensors8 -- found version 8.2.1
[1.437s] -- Searching for <gz-sensors8> component [boundingbox_camera]
[1.437s] -- Looking for gz-sensors8-boundingbox_camera -- found version 8.2.1
[1.438s] -- Searching for dependencies of gz-sensors8-boundingbox_camera
[1.438s] -- Searching for <gz-sensors8> component [segmentation_camera]
[1.438s] -- Looking for gz-sensors8-segmentation_camera -- found version 8.2.1
[1.438s] -- Searching for dependencies of gz-sensors8-segmentation_camera
[1.438s] -- Searching for <gz-sensors8> component [depth_camera]
[1.439s] -- Looking for gz-sensors8-depth_camera -- found version 8.2.1
[1.439s] -- Searching for dependencies of gz-sensors8-depth_camera
[1.439s] -- Looking for gz-sensors8 -- found version 8.2.1
[1.440s] -- Searching for <gz-sensors8> component [rgbd_camera]
[1.440s] -- Looking for gz-sensors8-rgbd_camera -- found version 8.2.1
[1.440s] -- Searching for dependencies of gz-sensors8-rgbd_camera
[1.440s] -- Looking for gz-sensors8 -- found version 8.2.1
[1.440s] -- Searching for <gz-sensors8> component [thermal_camera]
[1.441s] -- Looking for gz-sensors8-thermal_camera -- found version 8.2.1
[1.441s] -- Searching for dependencies of gz-sensors8-thermal_camera
[1.441s] -- Looking for gz-sensors8 -- found version 8.2.1
[1.441s] -- Searching for <gz-sensors8> component [wide_angle_camera]
[1.442s] -- Looking for gz-sensors8-wide_angle_camera -- found version 8.2.1
[1.442s] -- Searching for dependencies of gz-sensors8-wide_angle_camera
[1.442s] -- Looking for gz-rendering8 -- found version 8.2.1
[1.442s] -- Looking for gz-math7 -- found version 7.5.1
[1.443s] -- Looking for gz-utils2 -- found version 2.2.0
[1.462s] -- Looking for gz-plugin2 -- found version 2.0.3
[1.464s] -- Found ament_lint_auto: 0.17.1 (/opt/ros/jazzy/share/ament_lint_auto/cmake)
[1.531s] -- Added test 'cppcheck' to perform static code analysis on C / C++ code
[1.531s] -- Configured cppcheck include dirs: 
[1.531s] -- Configured cppcheck exclude dirs and/or files: 
[1.531s] -- Added test 'flake8' to check Python code syntax and style conventions
[1.531s] -- Configured 'flake8' exclude dirs and/or files: 
[1.531s] -- Added test 'lint_cmake' to check CMake code style
[1.532s] -- Added test 'pep257' to check Python code against some of the docstring style conventions in PEP 257
[1.533s] -- Added test 'uncrustify' to check C / C++ code style
[1.533s] -- Configured uncrustify additional arguments: 
[1.533s] -- Added test 'xmllint' to check XML markup files
[1.534s] -- Configuring done (1.5s)
[1.543s] -- Generating done (0.0s)
[1.546s] -- Build files have been written to: /home/ahoque245/Projects/simulations/blackbird_walking/realtime_ws/build/blackbird_ros2
[1.589s] [ 50%] Built target effort_example_cpp
[1.591s] [100%] Built target reverse_effort_cpp
[1.600s] Invoked command in '/home/ahoque245/Projects/simulations/blackbird_walking/realtime_ws/build/blackbird_ros2' returned '0': CMAKE_PREFIX_PATH=${CMAKE_PREFIX_PATH}:/opt/ros/jazzy DEBUGINFOD_URLS=https://debuginfod.ubuntu.com /usr/bin/cmake --build /home/ahoque245/Projects/simulations/blackbird_walking/realtime_ws/build/blackbird_ros2 -- -j22 -l22
[1.607s] Invoking command in '/home/ahoque245/Projects/simulations/blackbird_walking/realtime_ws/build/blackbird_ros2': CMAKE_PREFIX_PATH=${CMAKE_PREFIX_PATH}:/opt/ros/jazzy DEBUGINFOD_URLS=https://debuginfod.ubuntu.com /usr/bin/cmake --install /home/ahoque245/Projects/simulations/blackbird_walking/realtime_ws/build/blackbird_ros2
[1.612s] -- Install configuration: ""
[1.612s] -- Installing: /home/ahoque245/Projects/simulations/blackbird_walking/realtime_ws/install/blackbird_ros2/include
[1.612s] -- Installing: /home/ahoque245/Projects/simulations/blackbird_walking/realtime_ws/install/blackbird_ros2/include/PosePublisher.h
[1.612s] -- Installing: /home/ahoque245/Projects/simulations/blackbird_walking/realtime_ws/install/blackbird_ros2/share/blackbird_ros2//launch
[1.612s] -- Installing: /home/ahoque245/Projects/simulations/blackbird_walking/realtime_ws/install/blackbird_ros2/share/blackbird_ros2//launch/blackbird_gz.launch.py
[1.613s] -- Installing: /home/ahoque245/Projects/simulations/blackbird_walking/realtime_ws/install/blackbird_ros2/share/blackbird_ros2//launch/blackbird_rviz.launch.py
[1.613s] -- Installing: /home/ahoque245/Projects/simulations/blackbird_walking/realtime_ws/install/blackbird_ros2/share/blackbird_ros2//rviz
[1.613s] -- Installing: /home/ahoque245/Projects/simulations/blackbird_walking/realtime_ws/install/blackbird_ros2/share/blackbird_ros2//rviz/basic.rviz
[1.613s] -- Installing: /home/ahoque245/Projects/simulations/blackbird_walking/realtime_ws/install/blackbird_ros2/share/blackbird_ros2//rviz/blackbird.rviz
[1.613s] -- Installing: /home/ahoque245/Projects/simulations/blackbird_walking/realtime_ws/install/blackbird_ros2/share/blackbird_ros2//urdf
[1.613s] -- Installing: /home/ahoque245/Projects/simulations/blackbird_walking/realtime_ws/install/blackbird_ros2/share/blackbird_ros2//urdf/blackbird_gz.urdf
[1.613s] -- Installing: /home/ahoque245/Projects/simulations/blackbird_walking/realtime_ws/install/blackbird_ros2/share/blackbird_ros2//urdf/blackbird.urdf
[1.614s] -- Installing: /home/ahoque245/Projects/simulations/blackbird_walking/realtime_ws/install/blackbird_ros2/share/blackbird_ros2//urdf/blackbird.sdf
[1.614s] -- Installing: /home/ahoque245/Projects/simulations/blackbird_walking/realtime_ws/install/blackbird_ros2/share/blackbird_ros2//meshes
[1.614s] -- Installing: /home/ahoque245/Projects/simulations/blackbird_walking/realtime_ws/install/blackbird_ros2/share/blackbird_ros2//meshes/blackbird
[1.614s] -- Installing: /home/ahoque245/Projects/simulations/blackbird_walking/realtime_ws/install/blackbird_ros2/share/blackbird_ros2//meshes/blackbird/Assembly_Mockup_v27_022.stl
[1.615s] -- Installing: /home/ahoque245/Projects/simulations/blackbird_walking/realtime_ws/install/blackbird_ros2/share/blackbird_ros2//meshes/blackbird/Assembly_Mockup_v27.stl
[1.615s] -- Installing: /home/ahoque245/Projects/simulations/blackbird_walking/realtime_ws/install/blackbird_ros2/share/blackbird_ros2//meshes/blackbird/Assembly_Mockup_v27_015.stl
[1.616s] -- Installing: /home/ahoque245/Projects/simulations/blackbird_walking/realtime_ws/install/blackbird_ros2/share/blackbird_ros2//meshes/blackbird/Assembly_Mockup_v27_025.stl
[1.617s] -- Installing: /home/ahoque245/Projects/simulations/blackbird_walking/realtime_ws/install/blackbird_ros2/share/blackbird_ros2//meshes/blackbird/Assembly_Mockup_v27_019.stl
[1.617s] -- Installing: /home/ahoque245/Projects/simulations/blackbird_walking/realtime_ws/install/blackbird_ros2/share/blackbird_ros2//meshes/blackbird/Assembly_Mockup_v27_020.stl
[1.617s] -- Installing: /home/ahoque245/Projects/simulations/blackbird_walking/realtime_ws/install/blackbird_ros2/share/blackbird_ros2//meshes/blackbird/Assembly_Mockup_v27_024.stl
[1.619s] -- Installing: /home/ahoque245/Projects/simulations/blackbird_walking/realtime_ws/install/blackbird_ros2/share/blackbird_ros2//meshes/blackbird/Assembly_Mockup_v27_012.stl
[1.619s] -- Installing: /home/ahoque245/Projects/simulations/blackbird_walking/realtime_ws/install/blackbird_ros2/share/blackbird_ros2//meshes/blackbird/Assembly_Mockup_v27_006.stl
[1.620s] -- Installing: /home/ahoque245/Projects/simulations/blackbird_walking/realtime_ws/install/blackbird_ros2/share/blackbird_ros2//meshes/blackbird/add_underscore.py
[1.621s] -- Installing: /home/ahoque245/Projects/simulations/blackbird_walking/realtime_ws/install/blackbird_ros2/share/blackbird_ros2//meshes/blackbird/Assembly_Mockup_v27_031.stl
[1.621s] -- Installing: /home/ahoque245/Projects/simulations/blackbird_walking/realtime_ws/install/blackbird_ros2/share/blackbird_ros2//meshes/blackbird/Assembly_Mockup_v27_026.stl
[1.623s] -- Installing: /home/ahoque245/Projects/simulations/blackbird_walking/realtime_ws/install/blackbird_ros2/share/blackbird_ros2//meshes/blackbird/Assembly_Mockup_v27_001.stl
[1.624s] -- Installing: /home/ahoque245/Projects/simulations/blackbird_walking/realtime_ws/install/blackbird_ros2/share/blackbird_ros2//meshes/blackbird/Assembly_Mockup_v27_011.stl
[1.625s] -- Installing: /home/ahoque245/Projects/simulations/blackbird_walking/realtime_ws/install/blackbird_ros2/share/blackbird_ros2//meshes/blackbird/Assembly_Mockup_v27_028.stl
[1.626s] -- Installing: /home/ahoque245/Projects/simulations/blackbird_walking/realtime_ws/install/blackbird_ros2/share/blackbird_ros2//meshes/blackbird/Assembly_Mockup_v27_027.stl
[1.628s] -- Installing: /home/ahoque245/Projects/simulations/blackbird_walking/realtime_ws/install/blackbird_ros2/share/blackbird_ros2//meshes/blackbird/Assembly_Mockup_v27_023.stl
[1.628s] -- Installing: /home/ahoque245/Projects/simulations/blackbird_walking/realtime_ws/install/blackbird_ros2/share/blackbird_ros2//meshes/blackbird/Assembly_Mockup_v27_017.stl
[1.628s] -- Installing: /home/ahoque245/Projects/simulations/blackbird_walking/realtime_ws/install/blackbird_ros2/share/blackbird_ros2//meshes/blackbird/Assembly_Mockup_v27_029.stl
[1.630s] -- Installing: /home/ahoque245/Projects/simulations/blackbird_walking/realtime_ws/install/blackbird_ros2/share/blackbird_ros2//meshes/blackbird/Assembly_Mockup_v27_014.stl
[1.630s] -- Installing: /home/ahoque245/Projects/simulations/blackbird_walking/realtime_ws/install/blackbird_ros2/share/blackbird_ros2//meshes/blackbird/Assembly_Mockup_v27_003.stl
[1.632s] -- Installing: /home/ahoque245/Projects/simulations/blackbird_walking/realtime_ws/install/blackbird_ros2/share/blackbird_ros2//meshes/blackbird/Assembly_Mockup_v27_005.stl
[1.634s] -- Installing: /home/ahoque245/Projects/simulations/blackbird_walking/realtime_ws/install/blackbird_ros2/share/blackbird_ros2//meshes/blackbird/Assembly_Mockup_v27_013.stl
[1.634s] -- Installing: /home/ahoque245/Projects/simulations/blackbird_walking/realtime_ws/install/blackbird_ros2/share/blackbird_ros2//meshes/blackbird/Assembly_Mockup_v27_030.stl
[1.636s] -- Installing: /home/ahoque245/Projects/simulations/blackbird_walking/realtime_ws/install/blackbird_ros2/share/blackbird_ros2//meshes/blackbird/Assembly_Mockup_v27_004.stl
[1.637s] -- Installing: /home/ahoque245/Projects/simulations/blackbird_walking/realtime_ws/install/blackbird_ros2/share/blackbird_ros2//meshes/blackbird/Assembly_Mockup_v27_021.stl
[1.638s] -- Installing: /home/ahoque245/Projects/simulations/blackbird_walking/realtime_ws/install/blackbird_ros2/share/blackbird_ros2//meshes/blackbird/Assembly_Mockup_v27_010.stl
[1.638s] -- Installing: /home/ahoque245/Projects/simulations/blackbird_walking/realtime_ws/install/blackbird_ros2/share/blackbird_ros2//meshes/blackbird/Assembly_Mockup_v27_018.stl
[1.638s] -- Installing: /home/ahoque245/Projects/simulations/blackbird_walking/realtime_ws/install/blackbird_ros2/share/blackbird_ros2//meshes/blackbird/Assembly_Mockup_v27_016.stl
[1.641s] -- Installing: /home/ahoque245/Projects/simulations/blackbird_walking/realtime_ws/install/blackbird_ros2/share/blackbird_ros2//meshes/blackbird/Assembly_Mockup_v27_009.stl
[1.642s] -- Installing: /home/ahoque245/Projects/simulations/blackbird_walking/realtime_ws/install/blackbird_ros2/share/blackbird_ros2//config
[1.642s] -- Installing: /home/ahoque245/Projects/simulations/blackbird_walking/realtime_ws/install/blackbird_ros2/share/blackbird_ros2//config/blackbird_effort_controller.yaml
[1.642s] -- Installing: /home/ahoque245/Projects/simulations/blackbird_walking/realtime_ws/install/blackbird_ros2/share/blackbird_ros2//src
[1.642s] -- Installing: /home/ahoque245/Projects/simulations/blackbird_walking/realtime_ws/install/blackbird_ros2/share/blackbird_ros2//src/reverse_effort.cpp
[1.642s] -- Installing: /home/ahoque245/Projects/simulations/blackbird_walking/realtime_ws/install/blackbird_ros2/share/blackbird_ros2//src/effort_example.cpp
[1.642s] -- Installing: /home/ahoque245/Projects/simulations/blackbird_walking/realtime_ws/install/blackbird_ros2/share/blackbird_ros2//src/PosePublisher.cpp
[1.643s] -- Installing: /home/ahoque245/Projects/simulations/blackbird_walking/realtime_ws/install/blackbird_ros2/lib/blackbird_ros2/effort_example_cpp
[1.644s] -- Set non-toolchain portion of runtime path of "/home/ahoque245/Projects/simulations/blackbird_walking/realtime_ws/install/blackbird_ros2/lib/blackbird_ros2/effort_example_cpp" to ""
[1.644s] -- Installing: /home/ahoque245/Projects/simulations/blackbird_walking/realtime_ws/install/blackbird_ros2/lib/blackbird_ros2/reverse_effort_cpp
[1.644s] -- Set non-toolchain portion of runtime path of "/home/ahoque245/Projects/simulations/blackbird_walking/realtime_ws/install/blackbird_ros2/lib/blackbird_ros2/reverse_effort_cpp" to ""
[1.644s] -- Installing: /home/ahoque245/Projects/simulations/blackbird_walking/realtime_ws/install/blackbird_ros2/share/ament_index/resource_index/package_run_dependencies/blackbird_ros2
[1.644s] -- Installing: /home/ahoque245/Projects/simulations/blackbird_walking/realtime_ws/install/blackbird_ros2/share/ament_index/resource_index/parent_prefix_path/blackbird_ros2
[1.645s] -- Installing: /home/ahoque245/Projects/simulations/blackbird_walking/realtime_ws/install/blackbird_ros2/share/blackbird_ros2/environment/ament_prefix_path.sh
[1.645s] -- Installing: /home/ahoque245/Projects/simulations/blackbird_walking/realtime_ws/install/blackbird_ros2/share/blackbird_ros2/environment/ament_prefix_path.dsv
[1.645s] -- Installing: /home/ahoque245/Projects/simulations/blackbird_walking/realtime_ws/install/blackbird_ros2/share/blackbird_ros2/environment/path.sh
[1.645s] -- Installing: /home/ahoque245/Projects/simulations/blackbird_walking/realtime_ws/install/blackbird_ros2/share/blackbird_ros2/environment/path.dsv
[1.645s] -- Installing: /home/ahoque245/Projects/simulations/blackbird_walking/realtime_ws/install/blackbird_ros2/share/blackbird_ros2/local_setup.bash
[1.645s] -- Installing: /home/ahoque245/Projects/simulations/blackbird_walking/realtime_ws/install/blackbird_ros2/share/blackbird_ros2/local_setup.sh
[1.645s] -- Installing: /home/ahoque245/Projects/simulations/blackbird_walking/realtime_ws/install/blackbird_ros2/share/blackbird_ros2/local_setup.zsh
[1.645s] -- Installing: /home/ahoque245/Projects/simulations/blackbird_walking/realtime_ws/install/blackbird_ros2/share/blackbird_ros2/local_setup.dsv
[1.645s] -- Installing: /home/ahoque245/Projects/simulations/blackbird_walking/realtime_ws/install/blackbird_ros2/share/blackbird_ros2/package.dsv
[1.645s] -- Installing: /home/ahoque245/Projects/simulations/blackbird_walking/realtime_ws/install/blackbird_ros2/share/ament_index/resource_index/packages/blackbird_ros2
[1.645s] -- Installing: /home/ahoque245/Projects/simulations/blackbird_walking/realtime_ws/install/blackbird_ros2/share/blackbird_ros2/cmake/ament_cmake_export_include_directories-extras.cmake
[1.645s] -- Installing: /home/ahoque245/Projects/simulations/blackbird_walking/realtime_ws/install/blackbird_ros2/share/blackbird_ros2/cmake/blackbird_ros2Config.cmake
[1.645s] -- Installing: /home/ahoque245/Projects/simulations/blackbird_walking/realtime_ws/install/blackbird_ros2/share/blackbird_ros2/cmake/blackbird_ros2Config-version.cmake
[1.645s] -- Installing: /home/ahoque245/Projects/simulations/blackbird_walking/realtime_ws/install/blackbird_ros2/share/blackbird_ros2/package.xml
[1.647s] Invoked command in '/home/ahoque245/Projects/simulations/blackbird_walking/realtime_ws/build/blackbird_ros2' returned '0': CMAKE_PREFIX_PATH=${CMAKE_PREFIX_PATH}:/opt/ros/jazzy DEBUGINFOD_URLS=https://debuginfod.ubuntu.com /usr/bin/cmake --install /home/ahoque245/Projects/simulations/blackbird_walking/realtime_ws/build/blackbird_ros2
