[0.010s] Invoking command in '/home/ahoque245/Projects/simulations/blackbird_walking/realtime_ws/build/blackbird_ros2': CMAKE_PREFIX_PATH=${CMAKE_PREFIX_PATH}:/opt/ros/jazzy DEBUGINFOD_URLS=https://debuginfod.ubuntu.com /usr/bin/cmake --build /home/ahoque245/Projects/simulations/blackbird_walking/realtime_ws/build/blackbird_ros2 -- -j22 -l22
[0.064s] [ 25%] Built target effort_example_cpp
[0.066s] [ 50%] Built target reverse_effort_cpp
[0.069s] [ 75%] Built target BlackbirdContactPlugin
[0.072s] [ 87%] [32mBuilding CXX object CMakeFiles/BlackbirdPosePublisher.dir/src/PosePublisher.cpp.o[0m
[2.598s] [01m[K/home/ahoque245/Projects/simulations/blackbird_walking/realtime_ws/src/blackbird_ros2/src/PosePublisher.cpp:[m[K In member function ‘[01m[Kvirtual void blackbird_ros2::BlackbirdPosePublisher::[01;32m[KConfigure[m[K(const gz::sim::v8::Entity&, const std::shared_ptr<const sdf::v14::Element>&, gz::sim::v8::EntityComponentManager&, gz::sim::v8::EventManager&)[m[K’:
[2.598s] [01m[K/home/ahoque245/Projects/simulations/blackbird_walking/realtime_ws/src/blackbird_ros2/src/PosePublisher.cpp:35:18:[m[K [01;31m[Kerror: [m[K‘[01m[KLink[m[K’ is not a member of ‘[01m[Kgz::sim[m[K’
[2.598s]    35 |         gz::sim::[01;31m[KLink[m[K torso_link(torso_ent);
[2.599s]       |                  [01;31m[K^~~~[m[K
[2.599s] [01m[K/home/ahoque245/Projects/simulations/blackbird_walking/realtime_ws/src/blackbird_ros2/src/PosePublisher.cpp:35:18:[m[K [01;36m[Knote: [m[Ksuggested alternatives:
[2.599s] In file included from [01m[K/opt/ros/jazzy/opt/sdformat_vendor/include/gz/sdformat14/sdf/Actor.hh:28[m[K,
[2.599s]                  from [01m[K/opt/ros/jazzy/opt/gz_sim_vendor/include/gz/sim8/gz/sim/Conversions.hh:45[m[K,
[2.599s]                  from [01m[K/opt/ros/jazzy/opt/gz_sim_vendor/include/gz/sim8/gz/sim/components/Serialization.hh:37[m[K,
[2.599s]                  from [01m[K/opt/ros/jazzy/opt/gz_sim_vendor/include/gz/sim8/gz/sim/components/Name.hh:23[m[K,
[2.599s]                  from [01m[K/home/ahoque245/Projects/simulations/blackbird_walking/realtime_ws/src/blackbird_ros2/include/PosePublisher.h:12[m[K,
[2.599s]                  from [01m[K/home/ahoque245/Projects/simulations/blackbird_walking/realtime_ws/src/blackbird_ros2/src/PosePublisher.cpp:1[m[K:
[2.599s] [01m[K/opt/ros/jazzy/opt/sdformat_vendor/include/gz/sdformat14/sdf/Link.hh:51:26:[m[K [01;36m[Knote: [m[K  ‘[01m[Ksdf::v14::Link[m[K’
[2.599s]    51 |   class SDFORMAT_VISIBLE [01;36m[KLink[m[K
[2.599s]       |                          [01;36m[K^~~~[m[K
[2.599s] In file included from [01m[K/opt/ros/jazzy/opt/gz_msgs_vendor/include/gz/msgs10/gz/msgs/link.pb.h:12[m[K,
[2.599s]                  from [01m[K/opt/ros/jazzy/opt/gz_msgs_vendor/include/gz/msgs10/gz/msgs/details/model.pb.h:35[m[K,
[2.600s]                  from [01m[K/opt/ros/jazzy/opt/gz_msgs_vendor/include/gz/msgs10/gz/msgs/model.pb.h:12[m[K,
[2.600s]                  from [01m[K/opt/ros/jazzy/opt/gz_msgs_vendor/include/gz/msgs10/gz/msgs/details/scene.pb.h:39[m[K,
[2.600s]                  from [01m[K/opt/ros/jazzy/opt/gz_msgs_vendor/include/gz/msgs10/gz/msgs/scene.pb.h:12[m[K,
[2.600s]                  from [01m[K/opt/ros/jazzy/opt/gz_sim_vendor/include/gz/sim8/gz/sim/Conversions.hh:33[m[K:
[2.600s] [01m[K/opt/ros/jazzy/opt/gz_msgs_vendor/include/gz/msgs10/gz/msgs/details/link.pb.h:73:23:[m[K [01;36m[Knote: [m[K  ‘[01m[Kgz::msgs::Link[m[K’
[2.600s]    73 | class GZ_MSGS_VISIBLE [01;36m[KLink[m[K final :
[2.600s]       |                       [01;36m[K^~~~[m[K
[2.603s] [01m[K/home/ahoque245/Projects/simulations/blackbird_walking/realtime_ws/src/blackbird_ros2/src/PosePublisher.cpp:36:31:[m[K [01;31m[Kerror: [m[K‘[01m[Ktorso_link[m[K’ was not declared in this scope; did you mean ‘[01m[Ktorso_ent[m[K’?
[2.603s]    36 |         auto world_pose_opt = [01;31m[Ktorso_link[m[K.WorldPose(ecm);
[2.603s]       |                               [01;31m[K^~~~~~~~~~[m[K
[2.603s]       |                               [32m[Ktorso_ent[m[K
[2.605s] [01m[K/home/ahoque245/Projects/simulations/blackbird_walking/realtime_ws/src/blackbird_ros2/src/PosePublisher.cpp:[m[K In member function ‘[01m[Kvirtual void blackbird_ros2::BlackbirdPosePublisher::[01;32m[KPostUpdate[m[K(const gz::sim::v8::UpdateInfo&, const gz::sim::v8::EntityComponentManager&)[m[K’:
[2.605s] [01m[K/home/ahoque245/Projects/simulations/blackbird_walking/realtime_ws/src/blackbird_ros2/src/PosePublisher.cpp:91:18:[m[K [01;31m[Kerror: [m[K‘[01m[KLink[m[K’ is not a member of ‘[01m[Kgz::sim[m[K’
[2.605s]    91 |         gz::sim::[01;31m[KLink[m[K torso_link(torso_ent);
[2.605s]       |                  [01;31m[K^~~~[m[K
[2.605s] [01m[K/home/ahoque245/Projects/simulations/blackbird_walking/realtime_ws/src/blackbird_ros2/src/PosePublisher.cpp:91:18:[m[K [01;36m[Knote: [m[Ksuggested alternatives:
[2.605s] [01m[K/opt/ros/jazzy/opt/sdformat_vendor/include/gz/sdformat14/sdf/Link.hh:51:26:[m[K [01;36m[Knote: [m[K  ‘[01m[Ksdf::v14::Link[m[K’
[2.605s]    51 |   class SDFORMAT_VISIBLE [01;36m[KLink[m[K
[2.606s]       |                          [01;36m[K^~~~[m[K
[2.606s] [01m[K/opt/ros/jazzy/opt/gz_msgs_vendor/include/gz/msgs10/gz/msgs/details/link.pb.h:73:23:[m[K [01;36m[Knote: [m[K  ‘[01m[Kgz::msgs::Link[m[K’
[2.606s]    73 | class GZ_MSGS_VISIBLE [01;36m[KLink[m[K final :
[2.606s]       |                       [01;36m[K^~~~[m[K
[2.610s] [01m[K/home/ahoque245/Projects/simulations/blackbird_walking/realtime_ws/src/blackbird_ros2/src/PosePublisher.cpp:92:31:[m[K [01;31m[Kerror: [m[K‘[01m[Ktorso_link[m[K’ was not declared in this scope; did you mean ‘[01m[Ktorso_ent[m[K’?
[2.610s]    92 |         auto torso_pose_opt = [01;31m[Ktorso_link[m[K.WorldPose(ecm);
[2.610s]       |                               [01;31m[K^~~~~~~~~~[m[K
[2.610s]       |                               [32m[Ktorso_ent[m[K
[2.614s] [01m[K/home/ahoque245/Projects/simulations/blackbird_walking/realtime_ws/src/blackbird_ros2/src/PosePublisher.cpp:99:9:[m[K [01;31m[Kerror: [m[K‘[01m[Kx_new[m[K’ was not declared in this scope
[2.614s]    99 |         [01;31m[Kx_new[m[K = torso_pose.Pos().X();
[2.614s]       |         [01;31m[K^~~~~[m[K
[2.618s] [01m[K/home/ahoque245/Projects/simulations/blackbird_walking/realtime_ws/src/blackbird_ros2/src/PosePublisher.cpp:100:9:[m[K [01;31m[Kerror: [m[K‘[01m[Ky_new[m[K’ was not declared in this scope
[2.618s]   100 |         [01;31m[Ky_new[m[K = torso_pose.Pos().Y();
[2.618s]       |         [01;31m[K^~~~~[m[K
[2.622s] [01m[K/home/ahoque245/Projects/simulations/blackbird_walking/realtime_ws/src/blackbird_ros2/src/PosePublisher.cpp:101:9:[m[K [01;31m[Kerror: [m[K‘[01m[Kz_new[m[K’ was not declared in this scope
[2.622s]   101 |         [01;31m[Kz_new[m[K = torso_pose.Pos().Z();
[2.622s]       |         [01;31m[K^~~~~[m[K
[2.626s] [01m[K/home/ahoque245/Projects/simulations/blackbird_walking/realtime_ws/src/blackbird_ros2/src/PosePublisher.cpp:102:9:[m[K [01;31m[Kerror: [m[K‘[01m[Kr_new[m[K’ was not declared in this scope
[2.626s]   102 |         [01;31m[Kr_new[m[K = torso_pose.Rot().Roll();
[2.626s]       |         [01;31m[K^~~~~[m[K
[2.629s] [01m[K/home/ahoque245/Projects/simulations/blackbird_walking/realtime_ws/src/blackbird_ros2/src/PosePublisher.cpp:103:9:[m[K [01;31m[Kerror: [m[K‘[01m[Kp_new[m[K’ was not declared in this scope
[2.629s]   103 |         [01;31m[Kp_new[m[K = torso_pose.Rot().Pitch();
[2.629s]       |         [01;31m[K^~~~~[m[K
[2.633s] [01m[K/home/ahoque245/Projects/simulations/blackbird_walking/realtime_ws/src/blackbird_ros2/src/PosePublisher.cpp:104:9:[m[K [01;31m[Kerror: [m[K‘[01m[Kw_new[m[K’ was not declared in this scope
[2.633s]   104 |         [01;31m[Kw_new[m[K = torso_pose.Rot().Yaw();
[2.633s]       |         [01;31m[K^~~~~[m[K
[2.636s] [01m[K/home/ahoque245/Projects/simulations/blackbird_walking/realtime_ws/src/blackbird_ros2/src/PosePublisher.cpp:114:55:[m[K [01;31m[Kerror: [m[K‘[01m[Kinfo[m[K’ was not declared in this scope; did you mean ‘[01m[K_info[m[K’?
[2.636s]   114 |         double dub_dt = std::chrono::duration<double>([01;31m[Kinfo[m[K.dt).count();
[2.636s]       |                                                       [01;31m[K^~~~[m[K
[2.636s]       |                                                       [32m[K_info[m[K
[2.637s] [01m[K/home/ahoque245/Projects/simulations/blackbird_walking/realtime_ws/src/blackbird_ros2/src/PosePublisher.cpp:145:62:[m[K [01;31m[Kerror: [m[K‘[01m[KJointPosition[m[K’ is not a member of ‘[01m[Kgz::sim::v8::components[m[K’
[2.637s]   145 |            auto* j_pos = ecm.Component<gz::sim::components::[01;31m[KJointPosition[m[K>(joint_ent);
[2.638s]       |                                                             [01;31m[K^~~~~~~~~~~~~[m[K
[2.638s] 
[2.638s] [01m[K/home/ahoque245/Projects/simulations/blackbird_walking/realtime_ws/src/blackbird_ros2/src/PosePublisher.cpp:145:76:[m[K [01;31m[Kerror: [m[Kno matching function for call to ‘[01m[Kgz::sim::v8::EntityComponentManager::Component<<expression error> >(long unsigned int&) const[m[K’
[2.638s]   145 | o* j_pos = [01;31m[Kecm.Component<gz::sim::components::JointPosition>(joint_ent)[m[K;
[2.638s]       |            [01;31m[K~~~~~~~~~~~~~~~~~~~~~~~~~~~~~~~~~~~~~~~~~~~~~~~~~^~~~~~~~~~~[m[K
[2.638s] 
[2.638s] In file included from [01m[K/opt/ros/jazzy/opt/gz_sim_vendor/include/gz/sim8/gz/sim/EntityComponentManager.hh:851[m[K,
[2.638s]                  from [01m[K/opt/ros/jazzy/opt/gz_sim_vendor/include/gz/sim8/gz/sim/System.hh:24[m[K,
[2.638s]                  from [01m[K/home/ahoque245/Projects/simulations/blackbird_walking/realtime_ws/src/blackbird_ros2/include/PosePublisher.h:20[m[K:
[2.639s] [01m[K/opt/ros/jazzy/opt/gz_sim_vendor/include/gz/sim8/gz/sim/detail/EntityComponentManager.hh:128:17:[m[K [01;36m[Knote: [m[Kcandidate: ‘[01m[Ktemplate<class ComponentTypeT> ComponentTypeT* gz::sim::v8::EntityComponentManager::[01;32m[KComponent[m[K(gz::sim::v8::Entity)[m[K’
[2.639s]   128 | ComponentTypeT *[01;36m[KEntityComponentManager[m[K::Component(const Entity _entity)
[2.639s]       |                 [01;36m[K^~~~~~~~~~~~~~~~~~~~~~[m[K
[2.639s] [01m[K/opt/ros/jazzy/opt/gz_sim_vendor/include/gz/sim8/gz/sim/detail/EntityComponentManager.hh:128:17:[m[K [01;36m[Knote: [m[K  template argument deduction/substitution failed:
[2.639s] [01m[K/home/ahoque245/Projects/simulations/blackbird_walking/realtime_ws/src/blackbird_ros2/src/PosePublisher.cpp:145:76:[m[K [01;31m[Kerror: [m[Ktemplate argument 1 is invalid
[2.639s]   145 | o* j_pos = [01;31m[Kecm.Component<gz::sim::components::JointPosition>(joint_ent)[m[K;
[2.639s]       |            [01;31m[K~~~~~~~~~~~~~~~~~~~~~~~~~~~~~~~~~~~~~~~~~~~~~~~~~^~~~~~~~~~~[m[K
[2.639s] 
[2.639s] [01m[K/opt/ros/jazzy/opt/gz_sim_vendor/include/gz/sim8/gz/sim/EntityComponentManager.hh:258:37:[m[K [01;36m[Knote: [m[Kcandidate: ‘[01m[Ktemplate<class ComponentTypeT> const ComponentTypeT* gz::sim::v8::EntityComponentManager::[01;32m[KComponent[m[K(gz::sim::v8::Entity) const[m[K’
[2.639s]   258 |               const ComponentTypeT *[01;36m[KComponent[m[K(const Entity _entity) const;
[2.639s]       |                                     [01;36m[K^~~~~~~~~[m[K
[2.639s] [01m[K/opt/ros/jazzy/opt/gz_sim_vendor/include/gz/sim8/gz/sim/EntityComponentManager.hh:258:37:[m[K [01;36m[Knote: [m[K  template argument deduction/substitution failed:
[2.639s] [01m[K/home/ahoque245/Projects/simulations/blackbird_walking/realtime_ws/src/blackbird_ros2/src/PosePublisher.cpp:145:76:[m[K [01;31m[Kerror: [m[Ktemplate argument 1 is invalid
[2.639s]   145 | o* j_pos = [01;31m[Kecm.Component<gz::sim::components::JointPosition>(joint_ent)[m[K;
[2.639s]       |            [01;31m[K~~~~~~~~~~~~~~~~~~~~~~~~~~~~~~~~~~~~~~~~~~~~~~~~~^~~~~~~~~~~[m[K
[2.639s] 
[2.640s] [01m[K/home/ahoque245/Projects/simulations/blackbird_walking/realtime_ws/src/blackbird_ros2/src/PosePublisher.cpp:149:62:[m[K [01;31m[Kerror: [m[K‘[01m[KJointVelocity[m[K’ is not a member of ‘[01m[Kgz::sim::v8::components[m[K’
[2.640s]   149 |            auto* j_vel = ecm.Component<gz::sim::components::[01;31m[KJointVelocity[m[K>(joint_ent);
[2.640s]       |                                                             [01;31m[K^~~~~~~~~~~~~[m[K
[2.640s] 
[2.640s] [01m[K/home/ahoque245/Projects/simulations/blackbird_walking/realtime_ws/src/blackbird_ros2/src/PosePublisher.cpp:149:76:[m[K [01;31m[Kerror: [m[Kno matching function for call to ‘[01m[Kgz::sim::v8::EntityComponentManager::Component<<expression error> >(long unsigned int&) const[m[K’
[2.640s]   149 | o* j_vel = [01;31m[Kecm.Component<gz::sim::components::JointVelocity>(joint_ent)[m[K;
[2.640s]       |            [01;31m[K~~~~~~~~~~~~~~~~~~~~~~~~~~~~~~~~~~~~~~~~~~~~~~~~~^~~~~~~~~~~[m[K
[2.640s] 
[2.640s] [01m[K/opt/ros/jazzy/opt/gz_sim_vendor/include/gz/sim8/gz/sim/detail/EntityComponentManager.hh:128:17:[m[K [01;36m[Knote: [m[Kcandidate: ‘[01m[Ktemplate<class ComponentTypeT> ComponentTypeT* gz::sim::v8::EntityComponentManager::[01;32m[KComponent[m[K(gz::sim::v8::Entity)[m[K’
[2.640s]   128 | ComponentTypeT *[01;36m[KEntityComponentManager[m[K::Component(const Entity _entity)
[2.640s]       |                 [01;36m[K^~~~~~~~~~~~~~~~~~~~~~[m[K
[2.640s] [01m[K/opt/ros/jazzy/opt/gz_sim_vendor/include/gz/sim8/gz/sim/detail/EntityComponentManager.hh:128:17:[m[K [01;36m[Knote: [m[K  template argument deduction/substitution failed:
[2.640s] [01m[K/home/ahoque245/Projects/simulations/blackbird_walking/realtime_ws/src/blackbird_ros2/src/PosePublisher.cpp:149:76:[m[K [01;31m[Kerror: [m[Ktemplate argument 1 is invalid
[2.640s]   149 | o* j_vel = [01;31m[Kecm.Component<gz::sim::components::JointVelocity>(joint_ent)[m[K;
[2.640s]       |            [01;31m[K~~~~~~~~~~~~~~~~~~~~~~~~~~~~~~~~~~~~~~~~~~~~~~~~~^~~~~~~~~~~[m[K
[2.640s] 
[2.640s] [01m[K/opt/ros/jazzy/opt/gz_sim_vendor/include/gz/sim8/gz/sim/EntityComponentManager.hh:258:37:[m[K [01;36m[Knote: [m[Kcandidate: ‘[01m[Ktemplate<class ComponentTypeT> const ComponentTypeT* gz::sim::v8::EntityComponentManager::[01;32m[KComponent[m[K(gz::sim::v8::Entity) const[m[K’
[2.640s]   258 |               const ComponentTypeT *[01;36m[KComponent[m[K(const Entity _entity) const;
[2.640s]       |                                     [01;36m[K^~~~~~~~~[m[K
[2.640s] [01m[K/opt/ros/jazzy/opt/gz_sim_vendor/include/gz/sim8/gz/sim/EntityComponentManager.hh:258:37:[m[K [01;36m[Knote: [m[K  template argument deduction/substitution failed:
[2.641s] [01m[K/home/ahoque245/Projects/simulations/blackbird_walking/realtime_ws/src/blackbird_ros2/src/PosePublisher.cpp:149:76:[m[K [01;31m[Kerror: [m[Ktemplate argument 1 is invalid
[2.641s]   149 | o* j_vel = [01;31m[Kecm.Component<gz::sim::components::JointVelocity>(joint_ent)[m[K;
[2.641s]       |            [01;31m[K~~~~~~~~~~~~~~~~~~~~~~~~~~~~~~~~~~~~~~~~~~~~~~~~~^~~~~~~~~~~[m[K
[2.641s] 
[2.641s] [01m[K/home/ahoque245/Projects/simulations/blackbird_walking/realtime_ws/src/blackbird_ros2/src/PosePublisher.cpp:164:39:[m[K [01;35m[Kwarning: [m[Kunused variable ‘[01m[Kcollision_names[m[K’ [[01;35m[K]8;;https://gcc.gnu.org/onlinedocs/gcc/Warning-Options.html#index-Wunused-variable-Wunused-variable]8;;[m[K]
[2.641s]   164 |             std::vector<std::string>& [01;35m[Kcollision_names[m[K = link_map[link_name];
[2.641s]       |                                       [01;35m[K^~~~~~~~~~~~~~~[m[K
[2.641s] [01m[K/home/ahoque245/Projects/simulations/blackbird_walking/realtime_ws/src/blackbird_ros2/src/PosePublisher.cpp:79:71:[m[K [01;35m[Kwarning: [m[Kunused parameter ‘[01m[K_info[m[K’ [[01;35m[K]8;;https://gcc.gnu.org/onlinedocs/gcc/Warning-Options.html#index-Wunused-parameter-Wunused-parameter]8;;[m[K]
[2.641s]    79 | id BlackbirdPosePublisher::PostUpdate([01;35m[Kconst gz::sim::UpdateInfo &_info[m[K,
[2.641s]       |                                       [01;35m[K~~~~~~~~~~~~~~~~~~~~~~~~~~~^~~~~[m[K
[2.641s] 
[3.651s] gmake[2]: *** [CMakeFiles/BlackbirdPosePublisher.dir/build.make:76: CMakeFiles/BlackbirdPosePublisher.dir/src/PosePublisher.cpp.o] Error 1
[3.651s] gmake[1]: *** [CMakeFiles/Makefile2:143: CMakeFiles/BlackbirdPosePublisher.dir/all] Error 2
[3.652s] gmake: *** [Makefile:146: all] Error 2
[3.655s] Invoked command in '/home/ahoque245/Projects/simulations/blackbird_walking/realtime_ws/build/blackbird_ros2' returned '2': CMAKE_PREFIX_PATH=${CMAKE_PREFIX_PATH}:/opt/ros/jazzy DEBUGINFOD_URLS=https://debuginfod.ubuntu.com /usr/bin/cmake --build /home/ahoque245/Projects/simulations/blackbird_walking/realtime_ws/build/blackbird_ros2 -- -j22 -l22
