[0.012s] Invoking command in '/home/ahoque245/Projects/simulations/blackbird_walking/realtime_ws/build/blackbird_ros2': CMAKE_PREFIX_PATH=${CMAKE_PREFIX_PATH}:/opt/ros/jazzy DEBUGINFOD_URLS=https://debuginfod.ubuntu.com /usr/bin/cmake --build /home/ahoque245/Projects/simulations/blackbird_walking/realtime_ws/build/blackbird_ros2 -- -j22 -l22
[0.063s] [ 33%] Built target effort_example_cpp
[0.066s] [ 66%] Built target reverse_effort_cpp
[0.076s] [ 83%] [32mBuilding CXX object CMakeFiles/BlackbirdContactPlugin.dir/src/ContactPlugin.cpp.o[0m
[2.530s] In file included from [01m[K/home/ahoque245/Projects/simulations/blackbird_walking/realtime_ws/src/blackbird_ros2/src/ContactPlugin.cpp:1[m[K:
[2.530s] [01m[K/home/ahoque245/Projects/simulations/blackbird_walking/realtime_ws/src/blackbird_ros2/include/ContactPlugin.h:31:1:[m[K [01;31m[Kerror: [m[Kexpected ‘[01m[K,[m[K’ or ‘[01m[K;[m[K’ before ‘[01m[Knamespace[m[K’
[2.530s]    31 | [01;31m[Knamespace[m[K blackbird_ros2{
[2.530s]       | [01;31m[K^~~~~~~~~[m[K
[2.533s] [01m[K/home/ahoque245/Projects/simulations/blackbird_walking/realtime_ws/src/blackbird_ros2/src/ContactPlugin.cpp:3:1:[m[K [01;31m[Kerror: [m[K‘[01m[KBlackbirdContactPlugin[m[K’ does not name a type; did you mean ‘[01m[KBlackbirdContactPlugin_EXPORTS[m[K’?
[2.533s]     3 | [01;31m[KBlackbirdContactPlugin[m[K::BlackbirdContactPlugin(): gz::sim::System()
[2.533s]       | [01;31m[K^~~~~~~~~~~~~~~~~~~~~~[m[K
[2.533s]       | [32m[KBlackbirdContactPlugin_EXPORTS[m[K
[2.536s] [01m[K/home/ahoque245/Projects/simulations/blackbird_walking/realtime_ws/src/blackbird_ros2/src/ContactPlugin.cpp:8:1:[m[K [01;31m[Kerror: [m[K‘[01m[KBlackbirdContactPlugin[m[K’ does not name a type; did you mean ‘[01m[KBlackbirdContactPlugin_EXPORTS[m[K’?
[2.536s]     8 | [01;31m[KBlackbirdContactPlugin[m[K::~BlackbirdContactPlugin(){
[2.536s]       | [01;31m[K^~~~~~~~~~~~~~~~~~~~~~[m[K
[2.536s]       | [32m[KBlackbirdContactPlugin_EXPORTS[m[K
[2.539s] [01m[K/home/ahoque245/Projects/simulations/blackbird_walking/realtime_ws/src/blackbird_ros2/src/ContactPlugin.cpp:12:1:[m[K [01;31m[Kerror: [m[K‘[01m[KBlackbirdContactPlugin[m[K’ does not name a type; did you mean ‘[01m[KBlackbirdContactPlugin_EXPORTS[m[K’?
[2.539s]    12 | [01;31m[KBlackbirdContactPlugin[m[K::Configure()(const gz::sim::Entity& entity,
[2.539s]       | [01;31m[K^~~~~~~~~~~~~~~~~~~~~~[m[K
[2.539s]       | [32m[KBlackbirdContactPlugin_EXPORTS[m[K
[2.542s] [01m[K/home/ahoque245/Projects/simulations/blackbird_walking/realtime_ws/src/blackbird_ros2/src/ContactPlugin.cpp:43:1:[m[K [01;31m[Kerror: [m[K‘[01m[KBlackbirdContactPlugin[m[K’ does not name a type; did you mean ‘[01m[KBlackbirdContactPlugin_EXPORTS[m[K’?
[2.542s]    43 | [01;31m[KBlackbirdContactPlugin[m[K::PostUpdate(const gz::sim::UpdateInfo& info,
[2.542s]       | [01;31m[K^~~~~~~~~~~~~~~~~~~~~~[m[K
[2.542s]       | [32m[KBlackbirdContactPlugin_EXPORTS[m[K
[3.209s] gmake[2]: *** [CMakeFiles/BlackbirdContactPlugin.dir/build.make:76: CMakeFiles/BlackbirdContactPlugin.dir/src/ContactPlugin.cpp.o] Error 1
[3.209s] gmake[1]: *** [CMakeFiles/Makefile2:141: CMakeFiles/BlackbirdContactPlugin.dir/all] Error 2
[3.209s] gmake: *** [Makefile:146: all] Error 2
[3.213s] Invoked command in '/home/ahoque245/Projects/simulations/blackbird_walking/realtime_ws/build/blackbird_ros2' returned '2': CMAKE_PREFIX_PATH=${CMAKE_PREFIX_PATH}:/opt/ros/jazzy DEBUGINFOD_URLS=https://debuginfod.ubuntu.com /usr/bin/cmake --build /home/ahoque245/Projects/simulations/blackbird_walking/realtime_ws/build/blackbird_ros2 -- -j22 -l22
